2026-01-09 16:40:42,796 | INFO    | [ADB] Found ADB at: adb
2026-01-09 16:40:43,018 | INFO    | [ADB] Found ADB at: adb
2026-01-09 16:40:43,345 | INFO    | [ADB] emulator-5554: Resolution 540x960 (wm size)
2026-01-09 16:40:43,347 | INFO    | [WORKER] 1: Auto-detected resolution 540x960 from ADB device emulator-5554
2026-01-09 16:40:43,348 | INFO    | [WORKER] 1: Scale factors = 1.000x, 1.000y
2026-01-09 16:40:43,430 | INFO    | [CAPTURE] BetterCam not installed
2026-01-09 16:40:43,752 | INFO    | [CAPTURE] DXCam initialized successfully
2026-01-09 16:40:43,753 | INFO    | [CAPTURE] Active provider: DXCam
2026-01-09 16:40:43,753 | INFO    | [WORKER] 1: Providers initialized (Capture: DXCam)
2026-01-09 16:40:43,758 | INFO    | [WorkerMgr] Loaded 1 assignments
2026-01-09 16:40:45,828 | INFO    | [HOTKEY] Registered: ctrl+shift+r -> ctrl+shift+r
2026-01-09 16:40:45,829 | INFO    | [HOTKEY] Registered: ctrl+shift+p -> ctrl+shift+p
2026-01-09 16:40:45,829 | INFO    | [HOTKEY] Registered: ctrl+shift+space -> ctrl+shift+space
2026-01-09 16:40:45,829 | INFO    | [HOTKEY] Registered: ctrl+shift+s -> ctrl+shift+s
2026-01-09 16:40:45,907 | INFO    | [HOTKEY] GlobalHotkeyManager started
2026-01-09 16:40:45,907 | INFO    | [UI] Global hotkeys registered
2026-01-09 16:40:59,027 | INFO    | [ADB] Found ADB at: adb
2026-01-09 16:40:59,278 | INFO    | [ADB] emulator-5554: Resolution 540x960 (wm size)
2026-01-09 16:41:08,401 | INFO    | [UI] Added action: CLICK
2026-01-09 16:41:10,416 | INFO    | [UI] Playback started
2026-01-09 16:41:10,494 | INFO    | [UI] Playback complete
2026-01-09 16:41:19,193 | INFO    | [UI] Playback started
2026-01-09 16:41:19,270 | INFO    | [UI] Playback complete
