2026-01-09 08:20:41,410 | INFO    | [ADB] Found ADB at: adb
2026-01-09 08:20:41,415 | INFO    | [ADB] Found ADB at: adb
2026-01-09 08:20:41,416 | INFO    | [ADB] emulator-5554: Resolution 540x960 (wm size)
2026-01-09 08:20:41,421 | INFO    | [ADB] Found ADB at: adb
2026-01-09 08:20:41,421 | INFO    | [ADB] emulator-5554: Resolution 720x1280 (wm size)
2026-01-09 08:20:41,426 | INFO    | [ADB] Found ADB at: adb
2026-01-09 08:20:41,427 | INFO    | [ADB] emulator-5554: Resolution 1080x1920 (wm size)
2026-01-09 08:20:41,434 | INFO    | [ADB] WARNING: ADB not found in PATH
2026-01-09 08:20:41,441 | INFO    | [ADB] emulator-5554: wm size returned unexpected format: mBaseDisplayInfo=DisplayInfo{..., 1080 x 1920, ...}
2026-01-09 08:20:41,443 | INFO    | [ADB] emulator-5554: Resolution 1080x1920 (dumpsys fallback)
2026-01-09 08:20:41,608 | INFO    | [ADB] Found ADB at: adb
2026-01-09 08:20:41,608 | INFO    | [ADB] Connected to 127.0.0.1:21503
2026-01-09 08:20:41,615 | INFO    | [ADB] Found ADB at: adb
2026-01-09 08:20:41,615 | INFO    | [ADB] emulator-5554: Resolution 1080x1920 (wm size)
2026-01-09 08:20:41,615 | INFO    | [WORKER] 1: Auto-detected resolution 1080x1920 from ADB device emulator-5554
2026-01-09 08:20:41,615 | INFO    | [WORKER] 1: Scale factors = 0.500x, 0.500y
2026-01-09 08:20:41,625 | INFO    | [ADB] emulator-5554: Resolution 1080x1920 (wm size)
2026-01-09 08:20:41,625 | INFO    | [WORKER] 1: Auto-detected resolution 1080x1920 from ADB device emulator-5554
2026-01-09 08:20:41,625 | INFO    | [WORKER] 1: Scale factors = 0.500x, 0.500y
2026-01-09 08:20:41,635 | INFO    | [ADB] emulator-5554: Resolution 1080x1920 (wm size)
2026-01-09 08:20:41,635 | INFO    | [WORKER] 1: Auto-detected resolution 1080x1920 from ADB device emulator-5554
2026-01-09 08:20:41,636 | INFO    | [WORKER] 1: Scale factors = 0.500x, 0.500y
2026-01-09 08:20:41,644 | INFO    | [ADB] emulator-5554: Resolution 1080x1920 (wm size)
2026-01-09 08:20:41,644 | INFO    | [WORKER] 1: Auto-detected resolution 1080x1920 from ADB device emulator-5554
2026-01-09 08:20:41,644 | INFO    | [WORKER] 1: Scale factors = 0.500x, 0.500y
2026-01-09 08:20:41,657 | INFO    | [ADB] emulator-5554: wm size failed: ADB not found
2026-01-09 08:20:41,658 | INFO    | [ADB] emulator-5554: dumpsys failed: ADB not found
2026-01-09 08:20:41,658 | INFO    | [WORKER] 1: Using fallback resolution 540x960 (client area)
2026-01-09 08:20:41,658 | INFO    | [WORKER] 1: Scale factors = 1.000x, 1.000y
2026-01-09 08:20:41,663 | INFO    | [ADB] emulator-5554: Resolution 540x960 (wm size)
2026-01-09 08:20:41,664 | INFO    | [WORKER] 1: Auto-detected resolution 540x960 from ADB device emulator-5554
2026-01-09 08:20:41,664 | INFO    | [WORKER] 1: Scale factors = 1.000x, 1.000y
2026-01-09 08:20:41,670 | INFO    | [ADB] emulator-5555: Resolution 1080x1920 (wm size)
2026-01-09 08:20:41,670 | INFO    | [WORKER] 2: Auto-detected resolution 1080x1920 from ADB device emulator-5555
2026-01-09 08:20:41,670 | INFO    | [WORKER] 2: Scale factors = 0.500x, 0.500y
2026-01-09 08:20:41,679 | INFO    | [ADB] WARNING: ADB not found in PATH
2026-01-09 08:20:41,685 | INFO    | [ADB] Failed to get devices: Command 'adb' timed out after 5 seconds
2026-01-09 08:20:41,697 | INFO    | [ADB] WARNING: ADB not found in PATH
2026-01-09 08:20:41,704 | INFO    | [ADB] WARNING: ADB not found in PATH
