2026-01-10 09:11:17,102 | INFO    | [ADB] Found ADB at: adb
2026-01-10 09:11:17,456 | INFO    | [ADB] Found ADB at: adb
2026-01-10 09:11:17,618 | INFO    | [ADB] emulator-5554: Resolution 540x960 (wm size)
2026-01-10 09:11:17,619 | INFO    | [WORKER] 1: Auto-detected resolution 540x960 from ADB device emulator-5554
2026-01-10 09:11:17,619 | INFO    | [WORKER] 1: Scale factors = 1.074x, 1.036y
2026-01-10 09:11:17,690 | INFO    | [CAPTURE] BetterCam not installed
2026-01-10 09:11:17,943 | INFO    | [CAPTURE] DXCam initialized successfully
2026-01-10 09:11:17,946 | INFO    | [CAPTURE] Active provider: DXCam
2026-01-10 09:11:17,949 | INFO    | [WORKER] 1: Providers initialized (Capture: DXCam)
2026-01-10 09:11:17,961 | INFO    | [WorkerMgr] Loaded 2 assignments
2026-01-10 09:11:18,647 | INFO    | [HOTKEY] Registered: ctrl+shift+r -> ctrl+shift+r
2026-01-10 09:11:18,647 | INFO    | [HOTKEY] Registered: ctrl+shift+p -> ctrl+shift+p
2026-01-10 09:11:18,647 | INFO    | [HOTKEY] Registered: ctrl+shift+space -> ctrl+shift+space
2026-01-10 09:11:18,647 | INFO    | [HOTKEY] Registered: ctrl+shift+s -> ctrl+shift+s
2026-01-10 09:11:18,684 | INFO    | [HOTKEY] GlobalHotkeyManager started
2026-01-10 09:11:18,684 | INFO    | [UI] Global hotkeys registered
2026-01-10 09:11:21,744 | INFO    | [RECORDER] Configured: target=None, ignore_ui=984632
2026-01-10 09:11:21,761 | INFO    | [RECORDER] PynputRecorderHook started
2026-01-10 09:11:21,761 | INFO    | [UI] Recording started (V2 adapter), Full Screen
2026-01-10 09:11:22,729 | INFO    | [RECORDER] Mouse down at (1204, 408) button=Button.left
2026-01-10 09:11:22,821 | INFO    | [RECORDER] Mouse up at (1204, 408) button=Button.left
2026-01-10 09:11:23,020 | INFO    | [RECORDER] Scroll at (1204, 408) dx=0 dy=-1
2026-01-10 09:11:23,067 | INFO    | [RECORDER] Scroll at (1204, 408) dx=0 dy=-1
2026-01-10 09:11:23,138 | INFO    | [RECORDER] Scroll at (1204, 408) dx=0 dy=-1
2026-01-10 09:11:23,202 | INFO    | [RECORDER] Scroll at (1204, 408) dx=0 dy=-1
2026-01-10 09:11:23,266 | INFO    | [RECORDER] Scroll at (1204, 408) dx=0 dy=-1
2026-01-10 09:11:23,381 | INFO    | [RECORDER] Scroll at (1204, 408) dx=0 dy=-1
2026-01-10 09:11:23,657 | INFO    | [RECORDER] Scroll at (1204, 408) dx=0 dy=1
2026-01-10 09:11:23,782 | INFO    | [RECORDER] Scroll at (1204, 408) dx=0 dy=1
2026-01-10 09:11:23,826 | INFO    | [RECORDER] Scroll at (1204, 408) dx=0 dy=1
2026-01-10 09:11:23,828 | INFO    | [RECORDER] Scroll at (1204, 408) dx=0 dy=1
2026-01-10 09:11:23,893 | INFO    | [RECORDER] Scroll at (1204, 408) dx=0 dy=1
2026-01-10 09:11:23,909 | INFO    | [RECORDER] Scroll at (1204, 408) dx=0 dy=1
2026-01-10 09:11:23,925 | INFO    | [RECORDER] Scroll at (1204, 408) dx=0 dy=1
2026-01-10 09:11:24,031 | INFO    | [RECORDER] Scroll at (1204, 408) dx=0 dy=1
2026-01-10 09:11:24,421 | INFO    | [RECORDER] Scroll at (1204, 408) dx=0 dy=-1
2026-01-10 09:11:24,482 | INFO    | [RECORDER] Scroll at (1204, 408) dx=0 dy=-1
2026-01-10 09:11:24,528 | INFO    | [RECORDER] Scroll at (1204, 408) dx=0 dy=-1
2026-01-10 09:11:24,583 | INFO    | [RECORDER] Scroll at (1204, 408) dx=0 dy=-1
2026-01-10 09:11:24,672 | INFO    | [RECORDER] Scroll at (1204, 408) dx=0 dy=-1
2026-01-10 09:11:24,757 | INFO    | [RECORDER] Scroll at (1204, 408) dx=0 dy=-1
2026-01-10 09:11:24,916 | INFO    | [RECORDER] Scroll at (1204, 408) dx=0 dy=-1
2026-01-10 09:11:25,001 | INFO    | [RECORDER] Scroll at (1204, 408) dx=0 dy=-1
2026-01-10 09:11:25,425 | INFO    | [RECORDER] Mouse down at (1204, 408) button=Button.right
2026-01-10 09:11:25,513 | INFO    | [RECORDER] Mouse up at (1204, 408) button=Button.right
2026-01-10 09:11:25,986 | INFO    | [RECORDER] Mouse down at (1004, 368) button=Button.left
2026-01-10 09:11:26,089 | INFO    | [RECORDER] Mouse up at (1004, 368) button=Button.left
2026-01-10 09:11:26,839 | INFO    | [RECORDER] Key conversion error: escape
2026-01-10 09:11:26,840 | INFO    | [RECORDER] Key down: Key.alt_l (vk=None)
2026-01-10 09:11:26,919 | INFO    | [RECORDER] Key conversion error: escape
2026-01-10 09:11:26,923 | INFO    | [RECORDER] Key down: Key.tab (vk=None)
2026-01-10 09:11:26,962 | INFO    | [RECORDER] Key conversion error: escape
2026-01-10 09:11:27,101 | INFO    | [RECORDER] Key conversion error: escape
2026-01-10 09:11:27,462 | INFO    | [RECORDER] Key conversion error: escape
2026-01-10 09:11:27,477 | INFO    | [RECORDER] Key down: Key.alt_l (vk=None)
2026-01-10 09:11:27,824 | INFO    | [RECORDER] Key conversion error: escape
2026-01-10 09:11:27,843 | INFO    | [RECORDER] Key down: Key.tab (vk=None)
2026-01-10 09:11:27,947 | INFO    | [RECORDER] Key conversion error: escape
2026-01-10 09:11:28,009 | INFO    | [RECORDER] Key conversion error: escape
2026-01-10 09:11:28,422 | INFO    | [RECORDER] Key conversion error: escape
2026-01-10 09:11:28,423 | INFO    | [RECORDER] Key down: Key.alt_l (vk=None)
2026-01-10 09:11:28,479 | INFO    | [RECORDER] Key conversion error: escape
2026-01-10 09:11:28,479 | INFO    | [RECORDER] Key down: Key.tab (vk=None)
2026-01-10 09:11:28,529 | INFO    | [RECORDER] Key conversion error: escape
2026-01-10 09:11:28,623 | INFO    | [RECORDER] Key conversion error: escape
2026-01-10 09:11:29,197 | INFO    | [RECORDER] Mouse down at (276, 235) button=Button.left
2026-01-10 09:11:29,281 | INFO    | [RECORDER] Mouse up at (276, 236) button=Button.left
2026-01-10 09:11:29,581 | INFO    | [RECORDER] Mouse down at (280, 250) button=Button.left
2026-01-10 09:11:29,731 | INFO    | [RECORDER] Mouse up at (280, 250) button=Button.left
2026-01-10 09:11:29,733 | INFO    | [RECORDER] Stopped. 1323 events captured
2026-01-10 09:11:29,738 | INFO    | [UI] Added 75 recorded actions
2026-01-10 09:11:29,739 | INFO    | [UI] Recording stopped
2026-01-10 09:11:31,243 | INFO    | [UI] Playback loop: 75 actions, target_hwnd=657034
2026-01-10 09:11:31,243 | INFO    | [UI] Executing action 0: WAIT = {'ms': 84}
2026-01-10 09:11:31,247 | INFO    | [UI] Playback started
2026-01-10 09:11:31,328 | INFO    | [UI] Executing action 1: WAIT = {'ms': 66}
2026-01-10 09:11:31,396 | INFO    | [UI] Executing action 2: WAIT = {'ms': 171}
2026-01-10 09:11:31,568 | INFO    | [UI] Executing action 3: CLICK = {'button': 'left', 'x': 1204, 'y': 408, 'screen_coords': True}
2026-01-10 09:11:31,640 | INFO    | [UI] Executing action 4: WAIT = {'ms': 90}
2026-01-10 09:11:31,734 | INFO    | [UI] Executing action 5: WAIT = {'ms': 123}
2026-01-10 09:11:31,866 | INFO    | [UI] Executing action 6: WAIT = {'ms': 87}
2026-01-10 09:11:31,958 | INFO    | [UI] Executing action 7: WHEEL = {'delta': -120, 'x': 1204, 'y': 408, 'screen_coords': True}
2026-01-10 09:11:32,010 | INFO    | [UI] Executing action 8: WHEEL = {'delta': -120, 'x': 1204, 'y': 408, 'screen_coords': True}
2026-01-10 09:11:32,061 | INFO    | [UI] Executing action 9: WAIT = {'ms': 103}
2026-01-10 09:11:32,166 | INFO    | [UI] Executing action 10: WHEEL = {'delta': -120, 'x': 1204, 'y': 408, 'screen_coords': True}
2026-01-10 09:11:32,615 | INFO    | [UI] Executing action 11: WAIT = {'ms': 77}
2026-01-10 09:11:32,707 | INFO    | [UI] Executing action 12: WHEEL = {'delta': -120, 'x': 1204, 'y': 408, 'screen_coords': True}
2026-01-10 09:11:32,764 | INFO    | [UI] Executing action 13: WAIT = {'ms': 83}
2026-01-10 09:11:32,848 | INFO    | [UI] Executing action 14: WHEEL = {'delta': -120, 'x': 1204, 'y': 408, 'screen_coords': True}
2026-01-10 09:11:32,902 | INFO    | [UI] Executing action 15: WAIT = {'ms': 118}
2026-01-10 09:11:33,022 | INFO    | [UI] Executing action 16: WHEEL = {'delta': -120, 'x': 1204, 'y': 408, 'screen_coords': True}
2026-01-10 09:11:33,074 | INFO    | [UI] Executing action 17: WAIT = {'ms': 321}
2026-01-10 09:11:33,396 | INFO    | [UI] Executing action 18: WHEEL = {'delta': 120, 'x': 1204, 'y': 408, 'screen_coords': True}
2026-01-10 09:11:33,447 | INFO    | [UI] Executing action 19: WHEEL = {'delta': 120, 'x': 1204, 'y': 408, 'screen_coords': True}
2026-01-10 09:11:33,499 | INFO    | [UI] Executing action 20: WHEEL = {'delta': 120, 'x': 1204, 'y': 408, 'screen_coords': True}
2026-01-10 09:11:33,550 | INFO    | [UI] Executing action 21: WAIT = {'ms': 65}
2026-01-10 09:11:33,621 | INFO    | [UI] Executing action 22: WHEEL = {'delta': 120, 'x': 1204, 'y': 408, 'screen_coords': True}
2026-01-10 09:11:33,677 | INFO    | [UI] Executing action 23: WHEEL = {'delta': 120, 'x': 1204, 'y': 408, 'screen_coords': True}
2026-01-10 09:11:33,729 | INFO    | [UI] Executing action 24: WHEEL = {'delta': 120, 'x': 1204, 'y': 408, 'screen_coords': True}
2026-01-10 09:11:33,781 | INFO    | [UI] Executing action 25: WAIT = {'ms': 93}
2026-01-10 09:11:33,877 | INFO    | [UI] Executing action 26: WHEEL = {'delta': 120, 'x': 1204, 'y': 408, 'screen_coords': True}
2026-01-10 09:11:33,931 | INFO    | [UI] Executing action 27: WAIT = {'ms': 61}
2026-01-10 09:11:33,993 | INFO    | [UI] Executing action 28: WHEEL = {'delta': 120, 'x': 1204, 'y': 408, 'screen_coords': True}
2026-01-10 09:11:34,045 | INFO    | [UI] Executing action 29: WAIT = {'ms': 366}
2026-01-10 09:11:34,412 | INFO    | [UI] Executing action 30: WHEEL = {'delta': -120, 'x': 1204, 'y': 408, 'screen_coords': True}
2026-01-10 09:11:34,464 | INFO    | [UI] Executing action 31: WAIT = {'ms': 60}
2026-01-10 09:11:34,525 | INFO    | [UI] Executing action 32: WHEEL = {'delta': -120, 'x': 1204, 'y': 408, 'screen_coords': True}
2026-01-10 09:11:34,577 | INFO    | [UI] Executing action 33: WAIT = {'ms': 52}
2026-01-10 09:11:34,630 | INFO    | [UI] Executing action 34: WHEEL = {'delta': -120, 'x': 1204, 'y': 408, 'screen_coords': True}
2026-01-10 09:11:34,685 | INFO    | [UI] Executing action 35: WAIT = {'ms': 58}
2026-01-10 09:11:34,744 | INFO    | [UI] Executing action 36: WHEEL = {'delta': -120, 'x': 1204, 'y': 408, 'screen_coords': True}
2026-01-10 09:11:34,796 | INFO    | [UI] Executing action 37: WAIT = {'ms': 108}
2026-01-10 09:11:34,905 | INFO    | [UI] Executing action 38: WHEEL = {'delta': -120, 'x': 1204, 'y': 408, 'screen_coords': True}
2026-01-10 09:11:34,956 | INFO    | [UI] Executing action 39: WAIT = {'ms': 59}
2026-01-10 09:11:35,016 | INFO    | [UI] Executing action 40: WHEEL = {'delta': -120, 'x': 1204, 'y': 408, 'screen_coords': True}
2026-01-10 09:11:35,073 | INFO    | [UI] Executing action 41: WAIT = {'ms': 165}
2026-01-10 09:11:35,240 | INFO    | [UI] Executing action 42: WHEEL = {'delta': -120, 'x': 1204, 'y': 408, 'screen_coords': True}
2026-01-10 09:11:35,292 | INFO    | [UI] Executing action 43: WAIT = {'ms': 71}
2026-01-10 09:11:35,364 | INFO    | [UI] Executing action 44: WHEEL = {'delta': -120, 'x': 1204, 'y': 408, 'screen_coords': True}
2026-01-10 09:11:35,416 | INFO    | [UI] Executing action 45: WAIT = {'ms': 424}
2026-01-10 09:11:35,841 | INFO    | [UI] Executing action 46: CLICK = {'button': 'right', 'x': 1204, 'y': 408, 'screen_coords': True}
2026-01-10 09:11:35,892 | INFO    | [UI] Executing action 47: WAIT = {'ms': 104}
2026-01-10 09:11:35,998 | INFO    | [UI] Executing action 48: WAIT = {'ms': 183}
2026-01-10 09:11:36,182 | INFO    | [UI] Executing action 49: WAIT = {'ms': 127}
2026-01-10 09:11:36,311 | INFO    | [UI] Executing action 50: CLICK = {'button': 'left', 'x': 1004, 'y': 368, 'screen_coords': True}
2026-01-10 09:11:36,354 | INFO    | [UI] Executing action 51: WAIT = {'ms': 111}
2026-01-10 09:11:36,466 | INFO    | [UI] Executing action 52: WAIT = {'ms': 242}
2026-01-10 09:11:36,711 | INFO    | [UI] Executing action 53: WAIT = {'ms': 344}
2026-01-10 09:11:37,056 | INFO    | [UI] Executing action 54: KEY_PRESS = {'key': 'Key.alt_l', 'repeat': 1}
2026-01-10 09:11:37,056 | INFO    | [UI] Executing action 55: WAIT = {'ms': 103}
2026-01-10 09:11:37,161 | INFO    | [UI] Executing action 56: KEY_PRESS = {'key': 'Key.tab', 'repeat': 1}
2026-01-10 09:11:37,161 | INFO    | [UI] Executing action 57: WAIT = {'ms': 145}
2026-01-10 09:11:37,308 | INFO    | [UI] Executing action 58: WAIT = {'ms': 375}
2026-01-10 09:11:37,683 | INFO    | [UI] Executing action 59: KEY_PRESS = {'key': 'Key.alt_l', 'repeat': 1}
2026-01-10 09:11:37,685 | INFO    | [UI] Executing action 60: WAIT = {'ms': 362}
2026-01-10 09:11:38,048 | INFO    | [UI] Executing action 61: KEY_PRESS = {'key': 'Key.tab', 'repeat': 1}
2026-01-10 09:11:38,048 | INFO    | [UI] Executing action 62: WAIT = {'ms': 122}
2026-01-10 09:11:38,172 | INFO    | [UI] Executing action 63: WAIT = {'ms': 75}
2026-01-10 09:11:38,249 | INFO    | [UI] Executing action 64: WAIT = {'ms': 160}
2026-01-10 09:11:38,410 | INFO    | [UI] Executing action 65: WAIT = {'ms': 142}
2026-01-10 09:11:38,553 | INFO    | [UI] Executing action 66: KEY_PRESS = {'key': 'Key.alt_l', 'repeat': 1}
2026-01-10 09:11:38,553 | INFO    | [UI] Executing action 67: WAIT = {'ms': 58}
2026-01-10 09:11:38,612 | INFO    | [UI] Executing action 68: KEY_PRESS = {'key': 'Key.tab', 'repeat': 1}
2026-01-10 09:11:38,612 | INFO    | [UI] Executing action 69: WAIT = {'ms': 57}
2026-01-10 09:11:38,671 | INFO    | [UI] Executing action 70: CLICK = {'button': 'left', 'x': 276, 'y': 235, 'screen_coords': True}
2026-01-10 09:11:38,714 | INFO    | [UI] Executing action 71: WAIT = {'ms': 61}
2026-01-10 09:11:38,776 | INFO    | [UI] Executing action 72: WAIT = {'ms': 88}
2026-01-10 09:11:38,865 | INFO    | [UI] Executing action 73: WAIT = {'ms': 224}
2026-01-10 09:11:39,090 | INFO    | [UI] Executing action 74: CLICK = {'button': 'left', 'x': 280, 'y': 250, 'screen_coords': True}
2026-01-10 09:11:39,132 | INFO    | [UI] Playback complete
2026-01-10 09:11:39,147 | INFO    | [UI] Playback complete
