2026-01-10 10:37:09,558 | INFO    | [ADB] Found ADB at: adb
2026-01-10 10:37:09,723 | INFO    | [ADB] Found ADB at: adb
2026-01-10 10:37:09,846 | INFO    | [ADB] emulator-5554: Resolution 540x960 (wm size)
2026-01-10 10:37:09,846 | INFO    | [WORKER] 1: Auto-detected resolution 540x960 from ADB device emulator-5554
2026-01-10 10:37:09,846 | INFO    | [WORKER] 1: Scale factors = 1.000x, 1.000y
2026-01-10 10:37:09,885 | INFO    | [CAPTURE] BetterCam not installed
2026-01-10 10:37:10,113 | INFO    | [CAPTURE] DXCam initialized successfully
2026-01-10 10:37:10,114 | INFO    | [CAPTURE] Active provider: DXCam
2026-01-10 10:37:10,115 | INFO    | [WORKER] 1: Providers initialized (Capture: DXCam)
2026-01-10 10:37:10,116 | INFO    | [WorkerMgr] Loaded 2 assignments
2026-01-10 10:37:10,685 | INFO    | [HOTKEY] Registered: ctrl+shift+r -> ctrl+shift+r
2026-01-10 10:37:10,685 | INFO    | [HOTKEY] Registered: ctrl+shift+p -> ctrl+shift+p
2026-01-10 10:37:10,685 | INFO    | [HOTKEY] Registered: ctrl+shift+space -> ctrl+shift+space
2026-01-10 10:37:10,685 | INFO    | [HOTKEY] Registered: ctrl+shift+s -> ctrl+shift+s
2026-01-10 10:37:10,722 | INFO    | [HOTKEY] GlobalHotkeyManager started
2026-01-10 10:37:10,722 | INFO    | [UI] Global hotkeys registered
2026-01-10 10:37:30,169 | INFO    | [RECORDER] Configured: target=None, ignore_ui={2688760}
2026-01-10 10:37:30,188 | INFO    | [RECORDER] PynputRecorderHook started
2026-01-10 10:37:30,188 | INFO    | [UI] Recording started (V2 adapter), Full Screen
2026-01-10 10:37:30,273 | INFO    | [RECORDER] Added ignore hwnd: 1574956
2026-01-10 10:37:30,620 | INFO    | [RECORDER] Mouse down at (470, 272) button=Button.left
2026-01-10 10:37:31,056 | INFO    | [RECORDER] Mouse up at (758, 414) button=Button.left
2026-01-10 10:37:31,669 | INFO    | [RECORDER] Mouse down at (847, 538) button=Button.left
2026-01-10 10:37:32,188 | INFO    | [RECORDER] Mouse up at (518, 352) button=Button.left
2026-01-10 10:37:33,181 | INFO    | [RECORDER] Mouse down at (359, 812) button=Button.left
2026-01-10 10:37:33,204 | INFO    | [RECORDER] Stopped. 1704 events captured
2026-01-10 10:37:33,263 | INFO    | [UI] Added 9 recorded actions
2026-01-10 10:37:33,279 | INFO    | [UI] Recording stopped
