2026-01-10 09:25:32,106 | INFO    | [ADB] Found ADB at: adb
2026-01-10 09:25:32,294 | INFO    | [ADB] Found ADB at: adb
2026-01-10 09:25:32,477 | INFO    | [ADB] emulator-5554: Resolution 540x960 (wm size)
2026-01-10 09:25:32,477 | INFO    | [WORKER] 1: Auto-detected resolution 540x960 from ADB device emulator-5554
2026-01-10 09:25:32,478 | INFO    | [WORKER] 1: Scale factors = 1.074x, 1.036y
2026-01-10 09:25:32,521 | INFO    | [CAPTURE] BetterCam not installed
2026-01-10 09:25:32,755 | INFO    | [CAPTURE] DXCam initialized successfully
2026-01-10 09:25:32,755 | INFO    | [CAPTURE] Active provider: DXCam
2026-01-10 09:25:32,756 | INFO    | [WORKER] 1: Providers initialized (Capture: DXCam)
2026-01-10 09:25:32,760 | INFO    | [WorkerMgr] Loaded 2 assignments
2026-01-10 09:25:33,381 | INFO    | [HOTKEY] Registered: ctrl+shift+r -> ctrl+shift+r
2026-01-10 09:25:33,381 | INFO    | [HOTKEY] Registered: ctrl+shift+p -> ctrl+shift+p
2026-01-10 09:25:33,382 | INFO    | [HOTKEY] Registered: ctrl+shift+space -> ctrl+shift+space
2026-01-10 09:25:33,382 | INFO    | [HOTKEY] Registered: ctrl+shift+s -> ctrl+shift+s
2026-01-10 09:25:33,414 | INFO    | [HOTKEY] GlobalHotkeyManager started
2026-01-10 09:25:33,415 | INFO    | [UI] Global hotkeys registered
2026-01-10 09:25:43,477 | INFO    | [RECORDER] Configured: target=None, ignore_ui=460388
2026-01-10 09:25:43,489 | INFO    | [RECORDER] PynputRecorderHook started
2026-01-10 09:25:43,489 | INFO    | [UI] Recording started (V2 adapter), Full Screen
2026-01-10 09:25:46,213 | INFO    | [RECORDER] Scroll at (1226, 299) dx=0 dy=-1
2026-01-10 09:25:46,320 | INFO    | [RECORDER] Scroll at (1226, 299) dx=0 dy=-1
2026-01-10 09:25:46,467 | INFO    | [RECORDER] Scroll at (1226, 299) dx=0 dy=-1
2026-01-10 09:25:46,564 | INFO    | [RECORDER] Scroll at (1226, 299) dx=0 dy=-1
2026-01-10 09:25:46,638 | INFO    | [RECORDER] Scroll at (1226, 299) dx=0 dy=-1
2026-01-10 09:25:46,834 | INFO    | [RECORDER] Scroll at (1226, 299) dx=0 dy=1
2026-01-10 09:25:46,875 | INFO    | [RECORDER] Scroll at (1226, 299) dx=0 dy=1
2026-01-10 09:25:46,917 | INFO    | [RECORDER] Scroll at (1226, 299) dx=0 dy=1
2026-01-10 09:25:47,004 | INFO    | [RECORDER] Scroll at (1226, 299) dx=0 dy=1
2026-01-10 09:25:47,102 | INFO    | [RECORDER] Scroll at (1226, 299) dx=0 dy=1
2026-01-10 09:25:47,257 | INFO    | [RECORDER] Scroll at (1226, 299) dx=0 dy=1
2026-01-10 09:25:47,360 | INFO    | [RECORDER] Scroll at (1226, 299) dx=0 dy=1
2026-01-10 09:25:47,618 | INFO    | [RECORDER] Scroll at (1226, 299) dx=0 dy=-1
2026-01-10 09:25:47,652 | INFO    | [RECORDER] Scroll at (1226, 299) dx=0 dy=-1
2026-01-10 09:25:47,724 | INFO    | [RECORDER] Scroll at (1226, 299) dx=0 dy=-1
2026-01-10 09:25:47,775 | INFO    | [RECORDER] Scroll at (1226, 299) dx=0 dy=-1
2026-01-10 09:25:47,910 | INFO    | [RECORDER] Scroll at (1226, 299) dx=0 dy=-1
2026-01-10 09:25:47,988 | INFO    | [RECORDER] Scroll at (1226, 299) dx=0 dy=-1
2026-01-10 09:25:48,062 | INFO    | [RECORDER] Scroll at (1226, 299) dx=0 dy=-1
2026-01-10 09:25:48,239 | INFO    | [RECORDER] Scroll at (1226, 299) dx=0 dy=1
2026-01-10 09:25:48,272 | INFO    | [RECORDER] Scroll at (1226, 299) dx=0 dy=1
2026-01-10 09:25:48,316 | INFO    | [RECORDER] Scroll at (1226, 299) dx=0 dy=1
2026-01-10 09:25:48,396 | INFO    | [RECORDER] Scroll at (1226, 299) dx=0 dy=1
2026-01-10 09:25:48,520 | INFO    | [RECORDER] Scroll at (1226, 299) dx=0 dy=1
2026-01-10 09:25:48,678 | INFO    | [RECORDER] Scroll at (1226, 299) dx=0 dy=1
2026-01-10 09:25:48,795 | INFO    | [RECORDER] Scroll at (1226, 299) dx=0 dy=1
2026-01-10 09:25:49,174 | INFO    | [RECORDER] Scroll at (1226, 298) dx=0 dy=-1
2026-01-10 09:25:49,220 | INFO    | [RECORDER] Scroll at (1226, 298) dx=0 dy=-1
2026-01-10 09:25:49,341 | INFO    | [RECORDER] Scroll at (1226, 298) dx=0 dy=-1
2026-01-10 09:25:49,432 | INFO    | [RECORDER] Scroll at (1226, 298) dx=0 dy=-1
2026-01-10 09:25:49,600 | INFO    | [RECORDER] Scroll at (1226, 298) dx=0 dy=-1
2026-01-10 09:25:49,698 | INFO    | [RECORDER] Scroll at (1226, 298) dx=0 dy=-1
2026-01-10 09:25:49,889 | INFO    | [RECORDER] Scroll at (1226, 298) dx=0 dy=1
2026-01-10 09:25:49,922 | INFO    | [RECORDER] Scroll at (1226, 298) dx=0 dy=1
2026-01-10 09:25:49,990 | INFO    | [RECORDER] Scroll at (1226, 298) dx=0 dy=1
2026-01-10 09:25:50,109 | INFO    | [RECORDER] Scroll at (1226, 298) dx=0 dy=1
2026-01-10 09:25:50,280 | INFO    | [RECORDER] Scroll at (1226, 298) dx=0 dy=1
2026-01-10 09:25:50,444 | INFO    | [RECORDER] Scroll at (1226, 298) dx=0 dy=1
2026-01-10 09:25:51,095 | INFO    | [RECORDER] Mouse down at (1226, 298) button=Button.left
2026-01-10 09:25:51,186 | INFO    | [RECORDER] Mouse up at (1226, 298) button=Button.left
2026-01-10 09:25:51,658 | INFO    | [RECORDER] Scroll at (1226, 298) dx=0 dy=-1
2026-01-10 09:25:51,692 | INFO    | [RECORDER] Scroll at (1226, 298) dx=0 dy=-1
2026-01-10 09:25:51,784 | INFO    | [RECORDER] Scroll at (1226, 298) dx=0 dy=-1
2026-01-10 09:25:52,035 | INFO    | [RECORDER] Scroll at (1226, 298) dx=0 dy=1
2026-01-10 09:25:52,072 | INFO    | [RECORDER] Scroll at (1226, 298) dx=0 dy=1
2026-01-10 09:25:52,164 | INFO    | [RECORDER] Scroll at (1226, 298) dx=0 dy=1
2026-01-10 09:25:52,299 | INFO    | [RECORDER] Scroll at (1226, 298) dx=0 dy=1
2026-01-10 09:25:52,623 | INFO    | [RECORDER] Mouse down at (1226, 298) button=Button.left
2026-01-10 09:25:52,682 | INFO    | [RECORDER] Mouse up at (1226, 298) button=Button.left
2026-01-10 09:25:55,219 | INFO    | [RECORDER] Mouse down at (1754, 73) button=Button.left
2026-01-10 09:25:55,295 | INFO    | [RECORDER] Mouse up at (1754, 73) button=Button.left
2026-01-10 09:25:55,296 | INFO    | [RECORDER] Paused
2026-01-10 09:25:55,303 | INFO    | [UI] Recording paused
2026-01-10 09:25:55,804 | INFO    | [RECORDER] Scroll at (1250, 266) dx=0 dy=-1
2026-01-10 09:25:55,827 | INFO    | [RECORDER] Scroll filtered
2026-01-10 09:25:56,068 | INFO    | [RECORDER] Scroll at (1250, 266) dx=0 dy=-1
2026-01-10 09:25:56,068 | INFO    | [RECORDER] Scroll filtered
2026-01-10 09:25:56,397 | INFO    | [RECORDER] Scroll at (1250, 266) dx=0 dy=1
2026-01-10 09:25:56,397 | INFO    | [RECORDER] Scroll filtered
2026-01-10 09:25:56,549 | INFO    | [RECORDER] Scroll at (1250, 266) dx=0 dy=1
2026-01-10 09:25:56,549 | INFO    | [RECORDER] Scroll filtered
2026-01-10 09:25:56,666 | INFO    | [RECORDER] Scroll at (1250, 266) dx=0 dy=1
2026-01-10 09:25:56,667 | INFO    | [RECORDER] Scroll filtered
2026-01-10 09:25:56,964 | INFO    | [RECORDER] Scroll at (1250, 266) dx=0 dy=-1
2026-01-10 09:25:56,964 | INFO    | [RECORDER] Scroll filtered
2026-01-10 09:25:57,047 | INFO    | [RECORDER] Scroll at (1250, 266) dx=0 dy=-1
2026-01-10 09:25:57,048 | INFO    | [RECORDER] Scroll filtered
2026-01-10 09:25:57,173 | INFO    | [RECORDER] Scroll at (1250, 266) dx=0 dy=-1
2026-01-10 09:25:57,173 | INFO    | [RECORDER] Scroll filtered
2026-01-10 09:25:57,803 | INFO    | [RECORDER] Scroll at (1250, 266) dx=0 dy=1
2026-01-10 09:25:57,803 | INFO    | [RECORDER] Scroll filtered
2026-01-10 09:25:58,614 | INFO    | [RECORDER] Scroll at (1250, 266) dx=0 dy=-1
2026-01-10 09:25:58,615 | INFO    | [RECORDER] Scroll filtered
2026-01-10 09:26:00,607 | INFO    | [RECORDER] Mouse down at (1776, 67) button=Button.left
2026-01-10 09:26:00,608 | INFO    | [RECORDER] Click filtered
2026-01-10 09:26:00,660 | INFO    | [RECORDER] Mouse up at (1776, 67) button=Button.left
2026-01-10 09:26:00,660 | INFO    | [RECORDER] Click filtered
2026-01-10 09:26:00,662 | INFO    | [RECORDER] Resumed
2026-01-10 09:26:00,662 | INFO    | [UI] Recording resumed
2026-01-10 09:26:01,422 | INFO    | [RECORDER] Mouse down at (1849, 69) button=Button.left
2026-01-10 09:26:01,489 | INFO    | [RECORDER] Mouse up at (1849, 69) button=Button.left
2026-01-10 09:26:01,496 | INFO    | [RECORDER] Stopped. 1854 events captured
2026-01-10 09:26:01,526 | INFO    | [UI] Added 106 recorded actions
2026-01-10 09:26:01,597 | INFO    | [UI] Recording stopped
