2026-01-10 10:20:25,933 | INFO    | [ADB] Found ADB at: adb
2026-01-10 10:20:26,103 | INFO    | [ADB] Found ADB at: adb
2026-01-10 10:20:26,315 | INFO    | [ADB] emulator-5554: Resolution 540x960 (wm size)
2026-01-10 10:20:26,316 | INFO    | [WORKER] 1: Auto-detected resolution 540x960 from ADB device emulator-5554
2026-01-10 10:20:26,316 | INFO    | [WORKER] 1: Scale factors = 1.000x, 1.000y
2026-01-10 10:20:26,370 | INFO    | [CAPTURE] BetterCam not installed
2026-01-10 10:20:26,615 | INFO    | [CAPTURE] DXCam initialized successfully
2026-01-10 10:20:26,617 | INFO    | [CAPTURE] Active provider: DXCam
2026-01-10 10:20:26,617 | INFO    | [WORKER] 1: Providers initialized (Capture: DXCam)
2026-01-10 10:20:26,620 | INFO    | [WorkerMgr] Loaded 2 assignments
2026-01-10 10:20:27,547 | INFO    | [HOTKEY] Registered: ctrl+shift+r -> ctrl+shift+r
2026-01-10 10:20:27,551 | INFO    | [HOTKEY] Registered: ctrl+shift+p -> ctrl+shift+p
2026-01-10 10:20:27,551 | INFO    | [HOTKEY] Registered: ctrl+shift+space -> ctrl+shift+space
2026-01-10 10:20:27,551 | INFO    | [HOTKEY] Registered: ctrl+shift+s -> ctrl+shift+s
2026-01-10 10:20:27,616 | INFO    | [HOTKEY] GlobalHotkeyManager started
2026-01-10 10:20:27,624 | INFO    | [UI] Global hotkeys registered
2026-01-10 10:20:30,629 | INFO    | [RECORDER] Configured: target=None, ignore_ui={2688990}
2026-01-10 10:20:30,649 | INFO    | [RECORDER] PynputRecorderHook started
2026-01-10 10:20:30,651 | INFO    | [UI] Recording started (V2 adapter), Full Screen
2026-01-10 10:20:30,702 | INFO    | [RECORDER] Filtered: click (137,179) in UI window 2688990
2026-01-10 10:20:30,707 | INFO    | [RECORDER] Filtered: click (147,180) in UI window 2688990
2026-01-10 10:20:30,708 | INFO    | [RECORDER] Filtered: click (149,181) in UI window 2688990
2026-01-10 10:20:30,709 | INFO    | [RECORDER] Filtered: click (152,181) in UI window 2688990
2026-01-10 10:20:30,710 | INFO    | [RECORDER] Filtered: click (153,181) in UI window 2688990
2026-01-10 10:20:30,711 | INFO    | [RECORDER] Filtered: click (155,181) in UI window 2688990
2026-01-10 10:20:30,711 | INFO    | [RECORDER] Filtered: click (157,182) in UI window 2688990
2026-01-10 10:20:30,713 | INFO    | [RECORDER] Filtered: click (158,182) in UI window 2688990
2026-01-10 10:20:30,720 | INFO    | [RECORDER] Filtered: click (171,183) in UI window 2688990
2026-01-10 10:20:30,721 | INFO    | [RECORDER] Filtered: click (174,184) in UI window 2688990
2026-01-10 10:20:30,722 | INFO    | [RECORDER] Filtered: click (176,184) in UI window 2688990
2026-01-10 10:20:30,723 | INFO    | [RECORDER] Filtered: click (177,184) in UI window 2688990
2026-01-10 10:20:30,725 | INFO    | [RECORDER] Filtered: click (180,184) in UI window 2688990
2026-01-10 10:20:30,725 | INFO    | [RECORDER] Filtered: click (183,184) in UI window 2688990
2026-01-10 10:20:30,728 | INFO    | [RECORDER] Filtered: click (187,185) in UI window 2688990
2026-01-10 10:20:30,729 | INFO    | [RECORDER] Filtered: click (189,185) in UI window 2688990
2026-01-10 10:20:30,731 | INFO    | [RECORDER] Filtered: click (193,185) in UI window 2688990
2026-01-10 10:20:30,737 | INFO    | [RECORDER] Added ignore hwnd: 2295578
2026-01-10 10:20:30,741 | INFO    | [RECORDER] Filtered: click (215,187) in UI window 2688990
2026-01-10 10:20:30,744 | INFO    | [RECORDER] Filtered: click (220,187) in UI window 2688990
2026-01-10 10:20:30,746 | INFO    | [RECORDER] Filtered: click (220,188) in UI window 2688990
2026-01-10 10:20:30,810 | INFO    | [RECORDER] Filtered: click (258,193) in UI window 2688990
2026-01-10 10:20:30,814 | INFO    | [RECORDER] Filtered: click (306,203) in UI window 2688990
2026-01-10 10:20:30,824 | INFO    | [RECORDER] Filtered: click (387,222) in UI window 2688990
2026-01-10 10:20:30,825 | INFO    | [RECORDER] Filtered: click (509,250) in UI window 2688990
2026-01-10 10:20:30,827 | INFO    | [RECORDER] Filtered: click (645,281) in UI window 2688990
2026-01-10 10:20:30,828 | INFO    | [RECORDER] Filtered: click (671,287) in UI window 2688990
2026-01-10 10:20:30,840 | INFO    | [RECORDER] Filtered: click (758,306) in UI window 2688990
2026-01-10 10:20:30,846 | INFO    | [RECORDER] Filtered: click (795,315) in UI window 2688990
2026-01-10 10:20:30,852 | INFO    | [RECORDER] Filtered: click (827,324) in UI window 2688990
2026-01-10 10:20:30,853 | INFO    | [RECORDER] Filtered: click (832,325) in UI window 2688990
2026-01-10 10:20:30,854 | INFO    | [RECORDER] Filtered: click (835,326) in UI window 2688990
2026-01-10 10:20:30,855 | INFO    | [RECORDER] Filtered: click (839,327) in UI window 2688990
2026-01-10 10:20:30,856 | INFO    | [RECORDER] Filtered: click (844,328) in UI window 2688990
2026-01-10 10:20:30,857 | INFO    | [RECORDER] Filtered: click (848,329) in UI window 2688990
2026-01-10 10:20:30,858 | INFO    | [RECORDER] Filtered: click (852,330) in UI window 2688990
2026-01-10 10:20:30,859 | INFO    | [RECORDER] Filtered: click (856,332) in UI window 2688990
2026-01-10 10:20:30,860 | INFO    | [RECORDER] Filtered: click (860,333) in UI window 2688990
2026-01-10 10:20:30,861 | INFO    | [RECORDER] Filtered: click (863,333) in UI window 2688990
2026-01-10 10:20:30,861 | INFO    | [RECORDER] Filtered: click (865,334) in UI window 2688990
2026-01-10 10:20:30,863 | INFO    | [RECORDER] Filtered: click (869,335) in UI window 2688990
2026-01-10 10:20:30,864 | INFO    | [RECORDER] Filtered: click (872,336) in UI window 2688990
2026-01-10 10:20:30,868 | INFO    | [RECORDER] Filtered: click (884,339) in UI window 2688990
2026-01-10 10:20:30,869 | INFO    | [RECORDER] Filtered: click (886,340) in UI window 2688990
2026-01-10 10:20:30,870 | INFO    | [RECORDER] Filtered: click (888,341) in UI window 2688990
2026-01-10 10:20:30,871 | INFO    | [RECORDER] Filtered: click (890,341) in UI window 2688990
2026-01-10 10:20:30,872 | INFO    | [RECORDER] Filtered: click (892,342) in UI window 2688990
2026-01-10 10:20:30,873 | INFO    | [RECORDER] Filtered: click (895,343) in UI window 2688990
2026-01-10 10:20:30,874 | INFO    | [RECORDER] Filtered: click (896,344) in UI window 2688990
2026-01-10 10:20:30,874 | INFO    | [RECORDER] Filtered: click (897,344) in UI window 2688990
2026-01-10 10:20:30,876 | INFO    | [RECORDER] Filtered: click (899,345) in UI window 2688990
2026-01-10 10:20:30,876 | INFO    | [RECORDER] Filtered: click (900,345) in UI window 2688990
2026-01-10 10:20:30,877 | INFO    | [RECORDER] Filtered: click (902,346) in UI window 2688990
2026-01-10 10:20:30,878 | INFO    | [RECORDER] Filtered: click (904,347) in UI window 2688990
2026-01-10 10:20:30,879 | INFO    | [RECORDER] Filtered: click (905,348) in UI window 2688990
2026-01-10 10:20:30,880 | INFO    | [RECORDER] Filtered: click (907,349) in UI window 2688990
2026-01-10 10:20:30,887 | INFO    | [RECORDER] Filtered: click (913,351) in UI window 2688990
2026-01-10 10:20:30,888 | INFO    | [RECORDER] Filtered: click (914,352) in UI window 2688990
2026-01-10 10:20:30,889 | INFO    | [RECORDER] Filtered: click (914,353) in UI window 2688990
2026-01-10 10:20:30,890 | INFO    | [RECORDER] Filtered: click (915,353) in UI window 2688990
2026-01-10 10:20:30,891 | INFO    | [RECORDER] Filtered: click (916,354) in UI window 2688990
2026-01-10 10:20:30,891 | INFO    | [RECORDER] Filtered: click (917,354) in UI window 2688990
2026-01-10 10:20:30,893 | INFO    | [RECORDER] Filtered: click (917,355) in UI window 2688990
2026-01-10 10:20:30,894 | INFO    | [RECORDER] Filtered: click (918,355) in UI window 2688990
2026-01-10 10:20:30,895 | INFO    | [RECORDER] Filtered: click (918,356) in UI window 2688990
2026-01-10 10:20:30,896 | INFO    | [RECORDER] Filtered: click (919,356) in UI window 2688990
2026-01-10 10:20:30,897 | INFO    | [RECORDER] Filtered: click (919,356) in UI window 2688990
2026-01-10 10:20:30,901 | INFO    | [RECORDER] Filtered: click (922,359) in UI window 2688990
2026-01-10 10:20:30,901 | INFO    | [RECORDER] Filtered: click (922,359) in UI window 2688990
2026-01-10 10:20:30,903 | INFO    | [RECORDER] Filtered: click (922,359) in UI window 2688990
2026-01-10 10:20:30,904 | INFO    | [RECORDER] Filtered: click (922,360) in UI window 2688990
2026-01-10 10:20:30,904 | INFO    | [RECORDER] Filtered: click (923,361) in UI window 2688990
2026-01-10 10:20:30,906 | INFO    | [RECORDER] Filtered: click (924,361) in UI window 2688990
2026-01-10 10:20:30,907 | INFO    | [RECORDER] Filtered: click (924,362) in UI window 2688990
2026-01-10 10:20:30,909 | INFO    | [RECORDER] Filtered: click (924,362) in UI window 2688990
2026-01-10 10:20:30,910 | INFO    | [RECORDER] Filtered: click (924,363) in UI window 2688990
2026-01-10 10:20:30,911 | INFO    | [RECORDER] Filtered: click (925,363) in UI window 2688990
2026-01-10 10:20:30,914 | INFO    | [RECORDER] Filtered: click (925,364) in UI window 2688990
2026-01-10 10:20:30,920 | INFO    | [RECORDER] Filtered: click (927,366) in UI window 2688990
2026-01-10 10:20:30,921 | INFO    | [RECORDER] Filtered: click (927,367) in UI window 2688990
2026-01-10 10:20:30,922 | INFO    | [RECORDER] Filtered: click (928,368) in UI window 2688990
2026-01-10 10:20:30,924 | INFO    | [RECORDER] Filtered: click (928,368) in UI window 2688990
2026-01-10 10:20:30,926 | INFO    | [RECORDER] Filtered: click (929,369) in UI window 2688990
2026-01-10 10:20:30,928 | INFO    | [RECORDER] Filtered: click (929,370) in UI window 2688990
2026-01-10 10:20:30,930 | INFO    | [RECORDER] Filtered: click (929,371) in UI window 2688990
2026-01-10 10:20:30,933 | INFO    | [RECORDER] Filtered: click (929,371) in UI window 2688990
2026-01-10 10:20:30,935 | INFO    | [RECORDER] Filtered: click (930,372) in UI window 2688990
2026-01-10 10:20:30,940 | INFO    | [RECORDER] Filtered: click (930,373) in UI window 2688990
2026-01-10 10:20:30,941 | INFO    | [RECORDER] Filtered: click (931,373) in UI window 2688990
2026-01-10 10:20:30,947 | INFO    | [RECORDER] Filtered: click (931,373) in UI window 2688990
2026-01-10 10:20:31,004 | INFO    | [RECORDER] Filtered: click (931,373) in UI window 2688990
2026-01-10 10:20:31,015 | INFO    | [RECORDER] Filtered: click (931,373) in UI window 2688990
2026-01-10 10:20:31,041 | INFO    | [RECORDER] Scroll at (931, 373) dx=0 dy=-1
2026-01-10 10:20:31,042 | INFO    | [RECORDER] Filtered: click (931,373) in UI window 2688990
2026-01-10 10:20:31,061 | INFO    | [RECORDER] Scroll at (931, 373) dx=0 dy=-1
2026-01-10 10:20:31,061 | INFO    | [RECORDER] Filtered: click (931,373) in UI window 2688990
2026-01-10 10:20:31,084 | INFO    | [RECORDER] Scroll at (931, 373) dx=0 dy=-1
2026-01-10 10:20:31,087 | INFO    | [RECORDER] Filtered: click (931,373) in UI window 2688990
2026-01-10 10:20:31,107 | INFO    | [RECORDER] Scroll at (931, 373) dx=0 dy=-1
2026-01-10 10:20:31,107 | INFO    | [RECORDER] Filtered: click (931,373) in UI window 2688990
2026-01-10 10:20:31,145 | INFO    | [RECORDER] Scroll at (931, 373) dx=0 dy=-1
2026-01-10 10:20:31,145 | INFO    | [RECORDER] Filtered: click (931,373) in UI window 2688990
2026-01-10 10:20:31,169 | INFO    | [RECORDER] Scroll at (931, 373) dx=0 dy=-1
2026-01-10 10:20:31,170 | INFO    | [RECORDER] Filtered: click (931,373) in UI window 2688990
2026-01-10 10:20:31,453 | INFO    | [RECORDER] Scroll at (931, 373) dx=0 dy=1
2026-01-10 10:20:31,454 | INFO    | [RECORDER] Filtered: click (931,373) in UI window 2688990
2026-01-10 10:20:31,474 | INFO    | [RECORDER] Scroll at (931, 373) dx=0 dy=1
2026-01-10 10:20:31,474 | INFO    | [RECORDER] Filtered: click (931,373) in UI window 2688990
2026-01-10 10:20:31,501 | INFO    | [RECORDER] Scroll at (931, 373) dx=0 dy=1
2026-01-10 10:20:31,501 | INFO    | [RECORDER] Filtered: click (931,373) in UI window 2688990
2026-01-10 10:20:31,539 | INFO    | [RECORDER] Scroll at (931, 373) dx=0 dy=1
2026-01-10 10:20:31,539 | INFO    | [RECORDER] Filtered: click (931,373) in UI window 2688990
2026-01-10 10:20:31,593 | INFO    | [RECORDER] Scroll at (931, 373) dx=0 dy=1
2026-01-10 10:20:31,593 | INFO    | [RECORDER] Filtered: click (931,373) in UI window 2688990
2026-01-10 10:20:31,650 | INFO    | [RECORDER] Scroll at (931, 373) dx=0 dy=1
2026-01-10 10:20:31,651 | INFO    | [RECORDER] Filtered: click (931,373) in UI window 2688990
2026-01-10 10:20:31,749 | INFO    | [RECORDER] Scroll at (931, 373) dx=0 dy=1
2026-01-10 10:20:31,750 | INFO    | [RECORDER] Filtered: click (931,373) in UI window 2688990
2026-01-10 10:20:31,855 | INFO    | [RECORDER] Filtered: click (931,373) in UI window 2688990
2026-01-10 10:20:31,858 | INFO    | [RECORDER] Filtered: click (931,373) in UI window 2688990
2026-01-10 10:20:31,860 | INFO    | [RECORDER] Filtered: click (931,374) in UI window 2688990
2026-01-10 10:20:31,863 | INFO    | [RECORDER] Filtered: click (931,375) in UI window 2688990
2026-01-10 10:20:31,865 | INFO    | [RECORDER] Filtered: click (931,376) in UI window 2688990
2026-01-10 10:20:31,868 | INFO    | [RECORDER] Filtered: click (931,376) in UI window 2688990
2026-01-10 10:20:31,869 | INFO    | [RECORDER] Filtered: click (931,377) in UI window 2688990
2026-01-10 10:20:31,871 | INFO    | [RECORDER] Filtered: click (931,378) in UI window 2688990
2026-01-10 10:20:31,872 | INFO    | [RECORDER] Filtered: click (931,379) in UI window 2688990
2026-01-10 10:20:31,876 | INFO    | [RECORDER] Filtered: click (931,381) in UI window 2688990
2026-01-10 10:20:31,878 | INFO    | [RECORDER] Filtered: click (931,382) in UI window 2688990
2026-01-10 10:20:31,879 | INFO    | [RECORDER] Filtered: click (931,383) in UI window 2688990
2026-01-10 10:20:31,880 | INFO    | [RECORDER] Filtered: click (931,384) in UI window 2688990
2026-01-10 10:20:31,886 | INFO    | [RECORDER] Filtered: click (931,388) in UI window 2688990
2026-01-10 10:20:31,888 | INFO    | [RECORDER] Filtered: click (931,390) in UI window 2688990
2026-01-10 10:20:31,890 | INFO    | [RECORDER] Filtered: click (931,391) in UI window 2688990
2026-01-10 10:20:31,891 | INFO    | [RECORDER] Filtered: click (931,392) in UI window 2688990
2026-01-10 10:20:31,893 | INFO    | [RECORDER] Filtered: click (931,393) in UI window 2688990
2026-01-10 10:20:31,894 | INFO    | [RECORDER] Filtered: click (931,395) in UI window 2688990
2026-01-10 10:20:31,895 | INFO    | [RECORDER] Filtered: click (931,396) in UI window 2688990
2026-01-10 10:20:31,896 | INFO    | [RECORDER] Filtered: click (931,396) in UI window 2688990
2026-01-10 10:20:31,897 | INFO    | [RECORDER] Filtered: click (931,397) in UI window 2688990
2026-01-10 10:20:31,901 | INFO    | [RECORDER] Filtered: click (931,401) in UI window 2688990
2026-01-10 10:20:31,902 | INFO    | [RECORDER] Filtered: click (931,402) in UI window 2688990
2026-01-10 10:20:31,903 | INFO    | [RECORDER] Filtered: click (931,402) in UI window 2688990
2026-01-10 10:20:31,905 | INFO    | [RECORDER] Filtered: click (931,403) in UI window 2688990
2026-01-10 10:20:31,905 | INFO    | [RECORDER] Filtered: click (931,404) in UI window 2688990
2026-01-10 10:20:31,907 | INFO    | [RECORDER] Filtered: click (931,406) in UI window 2688990
2026-01-10 10:20:31,908 | INFO    | [RECORDER] Filtered: click (932,407) in UI window 2688990
2026-01-10 10:20:31,909 | INFO    | [RECORDER] Filtered: click (932,407) in UI window 2688990
2026-01-10 10:20:31,910 | INFO    | [RECORDER] Filtered: click (932,409) in UI window 2688990
2026-01-10 10:20:31,911 | INFO    | [RECORDER] Filtered: click (932,410) in UI window 2688990
2026-01-10 10:20:31,911 | INFO    | [RECORDER] Filtered: click (932,410) in UI window 2688990
2026-01-10 10:20:31,913 | INFO    | [RECORDER] Filtered: click (932,411) in UI window 2688990
2026-01-10 10:20:31,914 | INFO    | [RECORDER] Filtered: click (933,413) in UI window 2688990
2026-01-10 10:20:31,920 | INFO    | [RECORDER] Filtered: click (934,418) in UI window 2688990
2026-01-10 10:20:31,921 | INFO    | [RECORDER] Filtered: click (934,418) in UI window 2688990
2026-01-10 10:20:31,922 | INFO    | [RECORDER] Filtered: click (934,419) in UI window 2688990
2026-01-10 10:20:31,923 | INFO    | [RECORDER] Filtered: click (934,421) in UI window 2688990
2026-01-10 10:20:31,925 | INFO    | [RECORDER] Filtered: click (934,421) in UI window 2688990
2026-01-10 10:20:31,925 | INFO    | [RECORDER] Filtered: click (934,422) in UI window 2688990
2026-01-10 10:20:31,926 | INFO    | [RECORDER] Filtered: click (934,423) in UI window 2688990
2026-01-10 10:20:31,927 | INFO    | [RECORDER] Filtered: click (934,423) in UI window 2688990
2026-01-10 10:20:31,928 | INFO    | [RECORDER] Filtered: click (935,424) in UI window 2688990
2026-01-10 10:20:31,929 | INFO    | [RECORDER] Filtered: click (935,426) in UI window 2688990
2026-01-10 10:20:31,930 | INFO    | [RECORDER] Filtered: click (935,426) in UI window 2688990
2026-01-10 10:20:31,931 | INFO    | [RECORDER] Filtered: click (935,427) in UI window 2688990
2026-01-10 10:20:31,934 | INFO    | [RECORDER] Filtered: click (936,429) in UI window 2688990
2026-01-10 10:20:31,937 | INFO    | [RECORDER] Filtered: click (937,431) in UI window 2688990
2026-01-10 10:20:31,938 | INFO    | [RECORDER] Filtered: click (937,432) in UI window 2688990
2026-01-10 10:20:31,939 | INFO    | [RECORDER] Filtered: click (937,433) in UI window 2688990
2026-01-10 10:20:31,940 | INFO    | [RECORDER] Filtered: click (937,433) in UI window 2688990
2026-01-10 10:20:31,941 | INFO    | [RECORDER] Filtered: click (937,434) in UI window 2688990
2026-01-10 10:20:31,943 | INFO    | [RECORDER] Filtered: click (937,435) in UI window 2688990
2026-01-10 10:20:31,945 | INFO    | [RECORDER] Filtered: click (938,436) in UI window 2688990
2026-01-10 10:20:31,946 | INFO    | [RECORDER] Filtered: click (938,436) in UI window 2688990
2026-01-10 10:20:31,947 | INFO    | [RECORDER] Filtered: click (938,437) in UI window 2688990
2026-01-10 10:20:31,947 | INFO    | [RECORDER] Filtered: click (939,438) in UI window 2688990
2026-01-10 10:20:31,951 | INFO    | [RECORDER] Filtered: click (939,439) in UI window 2688990
2026-01-10 10:20:31,953 | INFO    | [RECORDER] Filtered: click (939,440) in UI window 2688990
2026-01-10 10:20:31,956 | INFO    | [RECORDER] Filtered: click (939,441) in UI window 2688990
2026-01-10 10:20:31,958 | INFO    | [RECORDER] Filtered: click (940,441) in UI window 2688990
2026-01-10 10:20:31,963 | INFO    | [RECORDER] Filtered: click (940,442) in UI window 2688990
2026-01-10 10:20:31,969 | INFO    | [RECORDER] Filtered: click (941,442) in UI window 2688990
2026-01-10 10:20:32,024 | INFO    | [RECORDER] Mouse down at (941, 442) button=Button.left
2026-01-10 10:20:32,024 | INFO    | [RECORDER] Filtered: click (941,442) in UI window 2688990
2026-01-10 10:20:32,116 | INFO    | [RECORDER] Mouse up at (941, 442) button=Button.left
2026-01-10 10:20:32,117 | INFO    | [RECORDER] Filtered: click (941,442) in UI window 2688990
2026-01-10 10:20:33,084 | INFO    | [RECORDER] Filtered: click (941,442) in UI window 2688990
2026-01-10 10:20:33,090 | INFO    | [RECORDER] Filtered: click (941,442) in UI window 2688990
2026-01-10 10:20:33,093 | INFO    | [RECORDER] Filtered: click (941,441) in UI window 2688990
2026-01-10 10:20:33,096 | INFO    | [RECORDER] Filtered: click (941,440) in UI window 2688990
2026-01-10 10:20:33,098 | INFO    | [RECORDER] Filtered: click (941,439) in UI window 2688990
2026-01-10 10:20:33,101 | INFO    | [RECORDER] Filtered: click (941,438) in UI window 2688990
2026-01-10 10:20:33,105 | INFO    | [RECORDER] Filtered: click (941,437) in UI window 2688990
2026-01-10 10:20:33,106 | INFO    | [RECORDER] Filtered: click (941,437) in UI window 2688990
2026-01-10 10:20:33,108 | INFO    | [RECORDER] Filtered: click (941,436) in UI window 2688990
2026-01-10 10:20:33,109 | INFO    | [RECORDER] Filtered: click (941,435) in UI window 2688990
2026-01-10 10:20:33,110 | INFO    | [RECORDER] Filtered: click (941,434) in UI window 2688990
2026-01-10 10:20:33,111 | INFO    | [RECORDER] Filtered: click (941,434) in UI window 2688990
2026-01-10 10:20:33,119 | INFO    | [RECORDER] Filtered: click (941,430) in UI window 2688990
2026-01-10 10:20:33,120 | INFO    | [RECORDER] Filtered: click (941,429) in UI window 2688990
2026-01-10 10:20:33,121 | INFO    | [RECORDER] Filtered: click (941,428) in UI window 2688990
2026-01-10 10:20:33,123 | INFO    | [RECORDER] Filtered: click (941,427) in UI window 2688990
2026-01-10 10:20:33,125 | INFO    | [RECORDER] Filtered: click (941,427) in UI window 2688990
2026-01-10 10:20:33,128 | INFO    | [RECORDER] Filtered: click (941,424) in UI window 2688990
2026-01-10 10:20:33,129 | INFO    | [RECORDER] Filtered: click (941,422) in UI window 2688990
2026-01-10 10:20:33,131 | INFO    | [RECORDER] Filtered: click (941,421) in UI window 2688990
2026-01-10 10:20:33,136 | INFO    | [RECORDER] Filtered: click (940,416) in UI window 2688990
2026-01-10 10:20:33,137 | INFO    | [RECORDER] Filtered: click (940,416) in UI window 2688990
2026-01-10 10:20:33,138 | INFO    | [RECORDER] Filtered: click (940,414) in UI window 2688990
2026-01-10 10:20:33,139 | INFO    | [RECORDER] Filtered: click (940,413) in UI window 2688990
2026-01-10 10:20:33,140 | INFO    | [RECORDER] Filtered: click (939,413) in UI window 2688990
2026-01-10 10:20:33,141 | INFO    | [RECORDER] Filtered: click (939,412) in UI window 2688990
2026-01-10 10:20:33,142 | INFO    | [RECORDER] Filtered: click (939,410) in UI window 2688990
2026-01-10 10:20:33,143 | INFO    | [RECORDER] Filtered: click (939,410) in UI window 2688990
2026-01-10 10:20:33,144 | INFO    | [RECORDER] Filtered: click (938,409) in UI window 2688990
2026-01-10 10:20:33,145 | INFO    | [RECORDER] Filtered: click (938,408) in UI window 2688990
2026-01-10 10:20:33,146 | INFO    | [RECORDER] Filtered: click (938,407) in UI window 2688990
2026-01-10 10:20:33,148 | INFO    | [RECORDER] Filtered: click (938,406) in UI window 2688990
2026-01-10 10:20:33,155 | INFO    | [RECORDER] Filtered: click (936,398) in UI window 2688990
2026-01-10 10:20:33,156 | INFO    | [RECORDER] Filtered: click (935,397) in UI window 2688990
2026-01-10 10:20:33,158 | INFO    | [RECORDER] Filtered: click (935,397) in UI window 2688990
2026-01-10 10:20:33,159 | INFO    | [RECORDER] Filtered: click (935,395) in UI window 2688990
2026-01-10 10:20:33,161 | INFO    | [RECORDER] Filtered: click (935,395) in UI window 2688990
2026-01-10 10:20:33,162 | INFO    | [RECORDER] Filtered: click (935,394) in UI window 2688990
2026-01-10 10:20:33,163 | INFO    | [RECORDER] Filtered: click (934,393) in UI window 2688990
2026-01-10 10:20:33,164 | INFO    | [RECORDER] Filtered: click (934,392) in UI window 2688990
2026-01-10 10:20:33,170 | INFO    | [RECORDER] Filtered: click (933,388) in UI window 2688990
2026-01-10 10:20:33,171 | INFO    | [RECORDER] Filtered: click (932,387) in UI window 2688990
2026-01-10 10:20:33,174 | INFO    | [RECORDER] Filtered: click (932,386) in UI window 2688990
2026-01-10 10:20:33,175 | INFO    | [RECORDER] Filtered: click (932,385) in UI window 2688990
2026-01-10 10:20:33,177 | INFO    | [RECORDER] Filtered: click (932,385) in UI window 2688990
2026-01-10 10:20:33,177 | INFO    | [RECORDER] Filtered: click (932,384) in UI window 2688990
2026-01-10 10:20:33,178 | INFO    | [RECORDER] Filtered: click (931,383) in UI window 2688990
2026-01-10 10:20:33,179 | INFO    | [RECORDER] Filtered: click (931,382) in UI window 2688990
2026-01-10 10:20:33,182 | INFO    | [RECORDER] Filtered: click (931,382) in UI window 2688990
2026-01-10 10:20:33,186 | INFO    | [RECORDER] Filtered: click (930,380) in UI window 2688990
2026-01-10 10:20:33,187 | INFO    | [RECORDER] Filtered: click (930,379) in UI window 2688990
2026-01-10 10:20:33,189 | INFO    | [RECORDER] Filtered: click (930,378) in UI window 2688990
2026-01-10 10:20:33,191 | INFO    | [RECORDER] Filtered: click (930,377) in UI window 2688990
2026-01-10 10:20:33,191 | INFO    | [RECORDER] Filtered: click (930,377) in UI window 2688990
2026-01-10 10:20:33,193 | INFO    | [RECORDER] Filtered: click (930,377) in UI window 2688990
2026-01-10 10:20:33,194 | INFO    | [RECORDER] Filtered: click (930,376) in UI window 2688990
2026-01-10 10:20:33,196 | INFO    | [RECORDER] Filtered: click (930,375) in UI window 2688990
2026-01-10 10:20:33,199 | INFO    | [RECORDER] Filtered: click (930,375) in UI window 2688990
2026-01-10 10:20:33,202 | INFO    | [RECORDER] Filtered: click (930,374) in UI window 2688990
2026-01-10 10:20:33,203 | INFO    | [RECORDER] Filtered: click (930,373) in UI window 2688990
2026-01-10 10:20:33,205 | INFO    | [RECORDER] Filtered: click (930,373) in UI window 2688990
2026-01-10 10:20:33,206 | INFO    | [RECORDER] Filtered: click (929,373) in UI window 2688990
2026-01-10 10:20:33,208 | INFO    | [RECORDER] Filtered: click (929,372) in UI window 2688990
2026-01-10 10:20:33,211 | INFO    | [RECORDER] Filtered: click (929,371) in UI window 2688990
2026-01-10 10:20:33,213 | INFO    | [RECORDER] Filtered: click (929,370) in UI window 2688990
2026-01-10 10:20:33,218 | INFO    | [RECORDER] Filtered: click (929,370) in UI window 2688990
2026-01-10 10:20:33,221 | INFO    | [RECORDER] Filtered: click (929,369) in UI window 2688990
2026-01-10 10:20:33,226 | INFO    | [RECORDER] Filtered: click (929,368) in UI window 2688990
2026-01-10 10:20:33,230 | INFO    | [RECORDER] Filtered: click (929,368) in UI window 2688990
2026-01-10 10:20:33,235 | INFO    | [RECORDER] Filtered: click (929,367) in UI window 2688990
2026-01-10 10:20:33,240 | INFO    | [RECORDER] Filtered: click (929,366) in UI window 2688990
2026-01-10 10:20:33,244 | INFO    | [RECORDER] Filtered: click (929,365) in UI window 2688990
2026-01-10 10:20:33,249 | INFO    | [RECORDER] Filtered: click (929,365) in UI window 2688990
2026-01-10 10:20:33,252 | INFO    | [RECORDER] Filtered: click (929,364) in UI window 2688990
2026-01-10 10:20:33,257 | INFO    | [RECORDER] Filtered: click (929,363) in UI window 2688990
2026-01-10 10:20:33,261 | INFO    | [RECORDER] Filtered: click (929,363) in UI window 2688990
2026-01-10 10:20:33,265 | INFO    | [RECORDER] Filtered: click (929,362) in UI window 2688990
2026-01-10 10:20:33,269 | INFO    | [RECORDER] Filtered: click (929,361) in UI window 2688990
2026-01-10 10:20:33,273 | INFO    | [RECORDER] Filtered: click (929,360) in UI window 2688990
2026-01-10 10:20:33,276 | INFO    | [RECORDER] Filtered: click (929,360) in UI window 2688990
2026-01-10 10:20:33,282 | INFO    | [RECORDER] Filtered: click (929,359) in UI window 2688990
2026-01-10 10:20:33,286 | INFO    | [RECORDER] Filtered: click (929,358) in UI window 2688990
2026-01-10 10:20:33,291 | INFO    | [RECORDER] Filtered: click (929,358) in UI window 2688990
2026-01-10 10:20:33,367 | INFO    | [RECORDER] Filtered: click (928,358) in UI window 2688990
2026-01-10 10:20:33,936 | INFO    | [RECORDER] Filtered: click (928,358) in UI window 2688990
2026-01-10 10:20:33,938 | INFO    | [RECORDER] Filtered: click (928,358) in UI window 2688990
2026-01-10 10:20:33,940 | INFO    | [RECORDER] Filtered: click (928,359) in UI window 2688990
2026-01-10 10:20:33,941 | INFO    | [RECORDER] Filtered: click (928,359) in UI window 2688990
2026-01-10 10:20:33,943 | INFO    | [RECORDER] Filtered: click (928,360) in UI window 2688990
2026-01-10 10:20:33,945 | INFO    | [RECORDER] Filtered: click (928,361) in UI window 2688990
2026-01-10 10:20:33,946 | INFO    | [RECORDER] Filtered: click (928,362) in UI window 2688990
2026-01-10 10:20:33,947 | INFO    | [RECORDER] Filtered: click (928,362) in UI window 2688990
2026-01-10 10:20:33,948 | INFO    | [RECORDER] Filtered: click (928,363) in UI window 2688990
2026-01-10 10:20:33,950 | INFO    | [RECORDER] Filtered: click (928,364) in UI window 2688990
2026-01-10 10:20:33,951 | INFO    | [RECORDER] Filtered: click (928,364) in UI window 2688990
2026-01-10 10:20:33,951 | INFO    | [RECORDER] Filtered: click (928,365) in UI window 2688990
2026-01-10 10:20:33,953 | INFO    | [RECORDER] Filtered: click (928,366) in UI window 2688990
2026-01-10 10:20:33,953 | INFO    | [RECORDER] Filtered: click (928,367) in UI window 2688990
2026-01-10 10:20:33,955 | INFO    | [RECORDER] Filtered: click (928,367) in UI window 2688990
2026-01-10 10:20:33,956 | INFO    | [RECORDER] Filtered: click (928,368) in UI window 2688990
2026-01-10 10:20:33,958 | INFO    | [RECORDER] Filtered: click (928,369) in UI window 2688990
2026-01-10 10:20:33,959 | INFO    | [RECORDER] Filtered: click (928,369) in UI window 2688990
2026-01-10 10:20:33,962 | INFO    | [RECORDER] Filtered: click (928,372) in UI window 2688990
2026-01-10 10:20:33,964 | INFO    | [RECORDER] Filtered: click (928,372) in UI window 2688990
2026-01-10 10:20:33,965 | INFO    | [RECORDER] Filtered: click (928,373) in UI window 2688990
2026-01-10 10:20:33,968 | INFO    | [RECORDER] Filtered: click (928,374) in UI window 2688990
2026-01-10 10:20:33,971 | INFO    | [RECORDER] Filtered: click (928,377) in UI window 2688990
2026-01-10 10:20:33,972 | INFO    | [RECORDER] Filtered: click (928,378) in UI window 2688990
2026-01-10 10:20:33,973 | INFO    | [RECORDER] Filtered: click (928,379) in UI window 2688990
2026-01-10 10:20:33,973 | INFO    | [RECORDER] Filtered: click (928,379) in UI window 2688990
2026-01-10 10:20:33,975 | INFO    | [RECORDER] Filtered: click (928,380) in UI window 2688990
2026-01-10 10:20:33,976 | INFO    | [RECORDER] Filtered: click (928,381) in UI window 2688990
2026-01-10 10:20:33,977 | INFO    | [RECORDER] Filtered: click (928,381) in UI window 2688990
2026-01-10 10:20:33,979 | INFO    | [RECORDER] Filtered: click (928,382) in UI window 2688990
2026-01-10 10:20:33,984 | INFO    | [RECORDER] Filtered: click (928,385) in UI window 2688990
2026-01-10 10:20:33,985 | INFO    | [RECORDER] Filtered: click (928,386) in UI window 2688990
2026-01-10 10:20:33,986 | INFO    | [RECORDER] Filtered: click (928,387) in UI window 2688990
2026-01-10 10:20:33,987 | INFO    | [RECORDER] Filtered: click (928,388) in UI window 2688990
2026-01-10 10:20:33,988 | INFO    | [RECORDER] Filtered: click (928,389) in UI window 2688990
2026-01-10 10:20:33,990 | INFO    | [RECORDER] Filtered: click (928,389) in UI window 2688990
2026-01-10 10:20:33,991 | INFO    | [RECORDER] Filtered: click (928,390) in UI window 2688990
2026-01-10 10:20:33,993 | INFO    | [RECORDER] Filtered: click (928,391) in UI window 2688990
2026-01-10 10:20:33,994 | INFO    | [RECORDER] Filtered: click (928,392) in UI window 2688990
2026-01-10 10:20:33,995 | INFO    | [RECORDER] Filtered: click (928,393) in UI window 2688990
2026-01-10 10:20:33,996 | INFO    | [RECORDER] Filtered: click (928,394) in UI window 2688990
2026-01-10 10:20:33,997 | INFO    | [RECORDER] Filtered: click (928,394) in UI window 2688990
2026-01-10 10:20:34,000 | INFO    | [RECORDER] Filtered: click (928,395) in UI window 2688990
2026-01-10 10:20:34,001 | INFO    | [RECORDER] Filtered: click (928,396) in UI window 2688990
2026-01-10 10:20:34,002 | INFO    | [RECORDER] Filtered: click (928,397) in UI window 2688990
2026-01-10 10:20:34,004 | INFO    | [RECORDER] Filtered: click (928,398) in UI window 2688990
2026-01-10 10:20:34,005 | INFO    | [RECORDER] Filtered: click (928,399) in UI window 2688990
2026-01-10 10:20:34,007 | INFO    | [RECORDER] Filtered: click (929,400) in UI window 2688990
2026-01-10 10:20:34,009 | INFO    | [RECORDER] Filtered: click (929,401) in UI window 2688990
2026-01-10 10:20:34,010 | INFO    | [RECORDER] Filtered: click (929,401) in UI window 2688990
2026-01-10 10:20:34,012 | INFO    | [RECORDER] Filtered: click (929,402) in UI window 2688990
2026-01-10 10:20:34,013 | INFO    | [RECORDER] Filtered: click (929,403) in UI window 2688990
2026-01-10 10:20:34,015 | INFO    | [RECORDER] Filtered: click (929,404) in UI window 2688990
2026-01-10 10:20:34,018 | INFO    | [RECORDER] Filtered: click (929,405) in UI window 2688990
2026-01-10 10:20:34,019 | INFO    | [RECORDER] Filtered: click (929,406) in UI window 2688990
2026-01-10 10:20:34,021 | INFO    | [RECORDER] Filtered: click (929,406) in UI window 2688990
2026-01-10 10:20:34,021 | INFO    | [RECORDER] Filtered: click (929,407) in UI window 2688990
2026-01-10 10:20:34,025 | INFO    | [RECORDER] Filtered: click (929,408) in UI window 2688990
2026-01-10 10:20:34,025 | INFO    | [RECORDER] Filtered: click (929,408) in UI window 2688990
2026-01-10 10:20:34,028 | INFO    | [RECORDER] Filtered: click (929,409) in UI window 2688990
2026-01-10 10:20:34,030 | INFO    | [RECORDER] Filtered: click (929,410) in UI window 2688990
2026-01-10 10:20:34,033 | INFO    | [RECORDER] Filtered: click (929,411) in UI window 2688990
2026-01-10 10:20:34,036 | INFO    | [RECORDER] Filtered: click (929,412) in UI window 2688990
2026-01-10 10:20:34,037 | INFO    | [RECORDER] Filtered: click (929,413) in UI window 2688990
2026-01-10 10:20:34,044 | INFO    | [RECORDER] Filtered: click (930,416) in UI window 2688990
2026-01-10 10:20:34,046 | INFO    | [RECORDER] Filtered: click (930,416) in UI window 2688990
2026-01-10 10:20:34,048 | INFO    | [RECORDER] Filtered: click (930,417) in UI window 2688990
2026-01-10 10:20:34,049 | INFO    | [RECORDER] Filtered: click (930,418) in UI window 2688990
2026-01-10 10:20:34,051 | INFO    | [RECORDER] Filtered: click (930,418) in UI window 2688990
2026-01-10 10:20:34,052 | INFO    | [RECORDER] Filtered: click (930,419) in UI window 2688990
2026-01-10 10:20:34,055 | INFO    | [RECORDER] Filtered: click (930,420) in UI window 2688990
2026-01-10 10:20:34,057 | INFO    | [RECORDER] Filtered: click (931,421) in UI window 2688990
2026-01-10 10:20:34,059 | INFO    | [RECORDER] Filtered: click (931,421) in UI window 2688990
2026-01-10 10:20:34,061 | INFO    | [RECORDER] Filtered: click (931,422) in UI window 2688990
2026-01-10 10:20:34,063 | INFO    | [RECORDER] Filtered: click (931,423) in UI window 2688990
2026-01-10 10:20:34,065 | INFO    | [RECORDER] Filtered: click (931,423) in UI window 2688990
2026-01-10 10:20:34,067 | INFO    | [RECORDER] Filtered: click (931,424) in UI window 2688990
2026-01-10 10:20:34,069 | INFO    | [RECORDER] Filtered: click (931,425) in UI window 2688990
2026-01-10 10:20:34,070 | INFO    | [RECORDER] Filtered: click (931,425) in UI window 2688990
2026-01-10 10:20:34,071 | INFO    | [RECORDER] Filtered: click (931,426) in UI window 2688990
2026-01-10 10:20:34,071 | INFO    | [RECORDER] Filtered: click (931,426) in UI window 2688990
2026-01-10 10:20:34,074 | INFO    | [RECORDER] Filtered: click (931,427) in UI window 2688990
2026-01-10 10:20:34,076 | INFO    | [RECORDER] Filtered: click (931,428) in UI window 2688990
2026-01-10 10:20:34,079 | INFO    | [RECORDER] Filtered: click (931,428) in UI window 2688990
2026-01-10 10:20:34,080 | INFO    | [RECORDER] Filtered: click (931,429) in UI window 2688990
2026-01-10 10:20:34,081 | INFO    | [RECORDER] Filtered: click (931,430) in UI window 2688990
2026-01-10 10:20:34,085 | INFO    | [RECORDER] Filtered: click (932,431) in UI window 2688990
2026-01-10 10:20:34,086 | INFO    | [RECORDER] Filtered: click (932,431) in UI window 2688990
2026-01-10 10:20:34,089 | INFO    | [RECORDER] Filtered: click (932,433) in UI window 2688990
2026-01-10 10:20:34,091 | INFO    | [RECORDER] Filtered: click (932,433) in UI window 2688990
2026-01-10 10:20:34,093 | INFO    | [RECORDER] Filtered: click (932,434) in UI window 2688990
2026-01-10 10:20:34,095 | INFO    | [RECORDER] Filtered: click (933,435) in UI window 2688990
2026-01-10 10:20:34,097 | INFO    | [RECORDER] Filtered: click (933,436) in UI window 2688990
2026-01-10 10:20:34,099 | INFO    | [RECORDER] Filtered: click (933,436) in UI window 2688990
2026-01-10 10:20:34,101 | INFO    | [RECORDER] Filtered: click (933,437) in UI window 2688990
2026-01-10 10:20:34,102 | INFO    | [RECORDER] Filtered: click (933,438) in UI window 2688990
2026-01-10 10:20:34,105 | INFO    | [RECORDER] Filtered: click (933,438) in UI window 2688990
2026-01-10 10:20:34,107 | INFO    | [RECORDER] Filtered: click (933,439) in UI window 2688990
2026-01-10 10:20:34,110 | INFO    | [RECORDER] Filtered: click (933,440) in UI window 2688990
2026-01-10 10:20:34,111 | INFO    | [RECORDER] Filtered: click (933,440) in UI window 2688990
2026-01-10 10:20:34,116 | INFO    | [RECORDER] Filtered: click (933,441) in UI window 2688990
2026-01-10 10:20:34,122 | INFO    | [RECORDER] Filtered: click (933,442) in UI window 2688990
2026-01-10 10:20:34,127 | INFO    | [RECORDER] Filtered: click (933,443) in UI window 2688990
2026-01-10 10:20:34,133 | INFO    | [RECORDER] Filtered: click (933,443) in UI window 2688990
2026-01-10 10:20:34,140 | INFO    | [RECORDER] Filtered: click (933,444) in UI window 2688990
2026-01-10 10:20:34,145 | INFO    | [RECORDER] Filtered: click (934,444) in UI window 2688990
2026-01-10 10:20:34,147 | INFO    | [RECORDER] Filtered: click (934,445) in UI window 2688990
2026-01-10 10:20:34,156 | INFO    | [RECORDER] Filtered: click (934,445) in UI window 2688990
2026-01-10 10:20:34,215 | INFO    | [RECORDER] Filtered: click (934,446) in UI window 2688990
2026-01-10 10:20:34,225 | INFO    | [RECORDER] Filtered: click (934,447) in UI window 2688990
2026-01-10 10:20:34,253 | INFO    | [RECORDER] Scroll at (934, 447) dx=0 dy=-1
2026-01-10 10:20:34,256 | INFO    | [RECORDER] Filtered: click (934,447) in UI window 2688990
2026-01-10 10:20:34,313 | INFO    | [RECORDER] Scroll at (934, 447) dx=0 dy=-1
2026-01-10 10:20:34,313 | INFO    | [RECORDER] Filtered: click (934,447) in UI window 2688990
2026-01-10 10:20:34,333 | INFO    | [RECORDER] Filtered: click (934,448) in UI window 2688990
2026-01-10 10:20:34,347 | INFO    | [RECORDER] Filtered: click (934,448) in UI window 2688990
2026-01-10 10:20:34,368 | INFO    | [RECORDER] Filtered: click (934,449) in UI window 2688990
2026-01-10 10:20:34,391 | INFO    | [RECORDER] Scroll at (934, 449) dx=0 dy=-1
2026-01-10 10:20:34,392 | INFO    | [RECORDER] Filtered: click (934,449) in UI window 2688990
2026-01-10 10:20:34,783 | INFO    | [RECORDER] Filtered: click (934,449) in UI window 2688990
2026-01-10 10:20:34,786 | INFO    | [RECORDER] Filtered: click (935,449) in UI window 2688990
2026-01-10 10:20:34,789 | INFO    | [RECORDER] Filtered: click (936,449) in UI window 2688990
2026-01-10 10:20:34,791 | INFO    | [RECORDER] Filtered: click (936,449) in UI window 2688990
2026-01-10 10:20:34,792 | INFO    | [RECORDER] Filtered: click (937,449) in UI window 2688990
2026-01-10 10:20:34,794 | INFO    | [RECORDER] Filtered: click (938,449) in UI window 2688990
2026-01-10 10:20:34,796 | INFO    | [RECORDER] Filtered: click (939,449) in UI window 2688990
2026-01-10 10:20:34,798 | INFO    | [RECORDER] Filtered: click (939,449) in UI window 2688990
2026-01-10 10:20:34,799 | INFO    | [RECORDER] Filtered: click (940,449) in UI window 2688990
2026-01-10 10:20:34,801 | INFO    | [RECORDER] Filtered: click (941,449) in UI window 2688990
2026-01-10 10:20:34,801 | INFO    | [RECORDER] Filtered: click (941,449) in UI window 2688990
2026-01-10 10:20:34,805 | INFO    | [RECORDER] Filtered: click (943,449) in UI window 2688990
2026-01-10 10:20:34,806 | INFO    | [RECORDER] Filtered: click (944,449) in UI window 2688990
2026-01-10 10:20:34,807 | INFO    | [RECORDER] Filtered: click (944,449) in UI window 2688990
2026-01-10 10:20:34,808 | INFO    | [RECORDER] Filtered: click (945,449) in UI window 2688990
2026-01-10 10:20:34,809 | INFO    | [RECORDER] Filtered: click (946,449) in UI window 2688990
2026-01-10 10:20:34,810 | INFO    | [RECORDER] Filtered: click (946,449) in UI window 2688990
2026-01-10 10:20:34,811 | INFO    | [RECORDER] Filtered: click (948,449) in UI window 2688990
2026-01-10 10:20:34,812 | INFO    | [RECORDER] Filtered: click (949,449) in UI window 2688990
2026-01-10 10:20:34,813 | INFO    | [RECORDER] Filtered: click (949,449) in UI window 2688990
2026-01-10 10:20:34,814 | INFO    | [RECORDER] Filtered: click (951,449) in UI window 2688990
2026-01-10 10:20:34,815 | INFO    | [RECORDER] Filtered: click (952,449) in UI window 2688990
2026-01-10 10:20:34,817 | INFO    | [RECORDER] Filtered: click (954,449) in UI window 2688990
2026-01-10 10:20:34,818 | INFO    | [RECORDER] Filtered: click (955,449) in UI window 2688990
2026-01-10 10:20:34,819 | INFO    | [RECORDER] Filtered: click (956,449) in UI window 2688990
2026-01-10 10:20:34,820 | INFO    | [RECORDER] Filtered: click (958,449) in UI window 2688990
2026-01-10 10:20:34,821 | INFO    | [RECORDER] Filtered: click (959,450) in UI window 2688990
2026-01-10 10:20:34,823 | INFO    | [RECORDER] Filtered: click (961,450) in UI window 2688990
2026-01-10 10:20:34,825 | INFO    | [RECORDER] Filtered: click (965,451) in UI window 2688990
2026-01-10 10:20:34,827 | INFO    | [RECORDER] Filtered: click (966,451) in UI window 2688990
2026-01-10 10:20:34,827 | INFO    | [RECORDER] Filtered: click (968,451) in UI window 2688990
2026-01-10 10:20:34,829 | INFO    | [RECORDER] Filtered: click (971,452) in UI window 2688990
2026-01-10 10:20:34,831 | INFO    | [RECORDER] Filtered: click (972,452) in UI window 2688990
2026-01-10 10:20:34,835 | INFO    | [RECORDER] Filtered: click (981,453) in UI window 2688990
2026-01-10 10:20:34,836 | INFO    | [RECORDER] Filtered: click (983,453) in UI window 2688990
2026-01-10 10:20:34,838 | INFO    | [RECORDER] Filtered: click (986,453) in UI window 2688990
2026-01-10 10:20:34,840 | INFO    | [RECORDER] Filtered: click (990,453) in UI window 2688990
2026-01-10 10:20:34,841 | INFO    | [RECORDER] Filtered: click (992,454) in UI window 2688990
2026-01-10 10:20:34,842 | INFO    | [RECORDER] Filtered: click (994,454) in UI window 2688990
2026-01-10 10:20:34,843 | INFO    | [RECORDER] Filtered: click (996,454) in UI window 2688990
2026-01-10 10:20:34,844 | INFO    | [RECORDER] Filtered: click (998,454) in UI window 2688990
2026-01-10 10:20:34,845 | INFO    | [RECORDER] Filtered: click (999,454) in UI window 2688990
2026-01-10 10:20:34,846 | INFO    | [RECORDER] Filtered: click (1001,455) in UI window 2688990
2026-01-10 10:20:34,847 | INFO    | [RECORDER] Filtered: click (1003,455) in UI window 2688990
2026-01-10 10:20:34,848 | INFO    | [RECORDER] Filtered: click (1005,455) in UI window 2688990
2026-01-10 10:20:34,850 | INFO    | [RECORDER] Filtered: click (1009,456) in UI window 2688990
2026-01-10 10:20:34,851 | INFO    | [RECORDER] Filtered: click (1010,456) in UI window 2688990
2026-01-10 10:20:34,852 | INFO    | [RECORDER] Filtered: click (1012,456) in UI window 2688990
2026-01-10 10:20:34,854 | INFO    | [RECORDER] Filtered: click (1016,457) in UI window 2688990
2026-01-10 10:20:34,855 | INFO    | [RECORDER] Filtered: click (1018,457) in UI window 2688990
2026-01-10 10:20:34,857 | INFO    | [RECORDER] Filtered: click (1021,457) in UI window 2688990
2026-01-10 10:20:34,859 | INFO    | [RECORDER] Filtered: click (1024,457) in UI window 2688990
2026-01-10 10:20:34,861 | INFO    | [RECORDER] Filtered: click (1027,458) in UI window 2688990
2026-01-10 10:20:34,861 | INFO    | [RECORDER] Filtered: click (1029,458) in UI window 2688990
2026-01-10 10:20:34,861 | INFO    | [RECORDER] Filtered: click (1030,458) in UI window 2688990
2026-01-10 10:20:34,862 | INFO    | [RECORDER] Filtered: click (1032,458) in UI window 2688990
2026-01-10 10:20:34,863 | INFO    | [RECORDER] Filtered: click (1033,458) in UI window 2688990
2026-01-10 10:20:34,867 | INFO    | [RECORDER] Filtered: click (1038,458) in UI window 2688990
2026-01-10 10:20:34,868 | INFO    | [RECORDER] Filtered: click (1040,458) in UI window 2688990
2026-01-10 10:20:34,869 | INFO    | [RECORDER] Filtered: click (1041,458) in UI window 2688990
2026-01-10 10:20:34,870 | INFO    | [RECORDER] Filtered: click (1043,459) in UI window 2688990
2026-01-10 10:20:34,871 | INFO    | [RECORDER] Filtered: click (1045,459) in UI window 2688990
2026-01-10 10:20:34,873 | INFO    | [RECORDER] Filtered: click (1048,459) in UI window 2688990
2026-01-10 10:20:34,874 | INFO    | [RECORDER] Filtered: click (1050,459) in UI window 2688990
2026-01-10 10:20:34,876 | INFO    | [RECORDER] Filtered: click (1052,459) in UI window 2688990
2026-01-10 10:20:34,877 | INFO    | [RECORDER] Filtered: click (1053,459) in UI window 2688990
2026-01-10 10:20:34,878 | INFO    | [RECORDER] Filtered: click (1054,459) in UI window 2688990
2026-01-10 10:20:34,879 | INFO    | [RECORDER] Filtered: click (1056,459) in UI window 2688990
2026-01-10 10:20:34,880 | INFO    | [RECORDER] Filtered: click (1057,459) in UI window 2688990
2026-01-10 10:20:34,881 | INFO    | [RECORDER] Filtered: click (1059,459) in UI window 2688990
2026-01-10 10:20:34,884 | INFO    | [RECORDER] Filtered: click (1063,459) in UI window 2688990
2026-01-10 10:20:34,886 | INFO    | [RECORDER] Filtered: click (1064,459) in UI window 2688990
2026-01-10 10:20:34,888 | INFO    | [RECORDER] Filtered: click (1066,459) in UI window 2688990
2026-01-10 10:20:34,893 | INFO    | [RECORDER] Filtered: click (1071,459) in UI window 2688990
2026-01-10 10:20:34,895 | INFO    | [RECORDER] Filtered: click (1072,459) in UI window 2688990
2026-01-10 10:20:34,896 | INFO    | [RECORDER] Filtered: click (1073,459) in UI window 2688990
2026-01-10 10:20:34,897 | INFO    | [RECORDER] Filtered: click (1074,459) in UI window 2688990
2026-01-10 10:20:34,899 | INFO    | [RECORDER] Filtered: click (1076,459) in UI window 2688990
2026-01-10 10:20:34,901 | INFO    | [RECORDER] Filtered: click (1077,459) in UI window 2688990
2026-01-10 10:20:34,902 | INFO    | [RECORDER] Filtered: click (1078,459) in UI window 2688990
2026-01-10 10:20:34,903 | INFO    | [RECORDER] Filtered: click (1079,459) in UI window 2688990
2026-01-10 10:20:34,907 | INFO    | [RECORDER] Filtered: click (1080,459) in UI window 2688990
2026-01-10 10:20:34,908 | INFO    | [RECORDER] Filtered: click (1081,459) in UI window 2688990
2026-01-10 10:20:34,910 | INFO    | [RECORDER] Filtered: click (1081,459) in UI window 2688990
2026-01-10 10:20:34,911 | INFO    | [RECORDER] Filtered: click (1082,459) in UI window 2688990
2026-01-10 10:20:34,913 | INFO    | [RECORDER] Filtered: click (1083,459) in UI window 2688990
2026-01-10 10:20:34,916 | INFO    | [RECORDER] Filtered: click (1084,459) in UI window 2688990
2026-01-10 10:20:34,919 | INFO    | [RECORDER] Filtered: click (1084,459) in UI window 2688990
2026-01-10 10:20:34,923 | INFO    | [RECORDER] Filtered: click (1085,459) in UI window 2688990
2026-01-10 10:20:34,951 | INFO    | [RECORDER] Filtered: click (1085,459) in UI window 2688990
2026-01-10 10:20:35,008 | INFO    | [RECORDER] Mouse down at (1085, 459) button=Button.right
2026-01-10 10:20:35,008 | INFO    | [RECORDER] Filtered: click (1085,459) in UI window 2688990
2026-01-10 10:20:35,104 | INFO    | [RECORDER] Mouse up at (1085, 459) button=Button.right
2026-01-10 10:20:35,104 | INFO    | [RECORDER] Filtered: click (1085,459) in UI window 2688990
2026-01-10 10:20:35,404 | INFO    | [RECORDER] Filtered: click (1085,459) in UI window 2688990
2026-01-10 10:20:35,411 | INFO    | [RECORDER] Filtered: click (1085,459) in UI window 2688990
2026-01-10 10:20:35,416 | INFO    | [RECORDER] Filtered: click (1084,459) in UI window 2688990
2026-01-10 10:20:35,421 | INFO    | [RECORDER] Filtered: click (1083,459) in UI window 2688990
2026-01-10 10:20:35,423 | INFO    | [RECORDER] Filtered: click (1083,458) in UI window 2688990
2026-01-10 10:20:35,424 | INFO    | [RECORDER] Filtered: click (1082,458) in UI window 2688990
2026-01-10 10:20:35,427 | INFO    | [RECORDER] Filtered: click (1082,458) in UI window 2688990
2026-01-10 10:20:35,430 | INFO    | [RECORDER] Filtered: click (1081,458) in UI window 2688990
2026-01-10 10:20:35,431 | INFO    | [RECORDER] Filtered: click (1080,458) in UI window 2688990
2026-01-10 10:20:35,438 | INFO    | [RECORDER] Filtered: click (1079,458) in UI window 2688990
2026-01-10 10:20:35,441 | INFO    | [RECORDER] Filtered: click (1077,458) in UI window 2688990
2026-01-10 10:20:35,441 | INFO    | [RECORDER] Filtered: click (1077,457) in UI window 2688990
2026-01-10 10:20:35,445 | INFO    | [RECORDER] Filtered: click (1076,457) in UI window 2688990
2026-01-10 10:20:35,447 | INFO    | [RECORDER] Filtered: click (1075,457) in UI window 2688990
2026-01-10 10:20:35,448 | INFO    | [RECORDER] Filtered: click (1075,457) in UI window 2688990
2026-01-10 10:20:35,451 | INFO    | [RECORDER] Filtered: click (1072,457) in UI window 2688990
2026-01-10 10:20:35,453 | INFO    | [RECORDER] Filtered: click (1072,457) in UI window 2688990
2026-01-10 10:20:35,454 | INFO    | [RECORDER] Filtered: click (1071,457) in UI window 2688990
2026-01-10 10:20:35,456 | INFO    | [RECORDER] Filtered: click (1070,457) in UI window 2688990
2026-01-10 10:20:35,457 | INFO    | [RECORDER] Filtered: click (1070,457) in UI window 2688990
2026-01-10 10:20:35,458 | INFO    | [RECORDER] Filtered: click (1069,457) in UI window 2688990
2026-01-10 10:20:35,460 | INFO    | [RECORDER] Filtered: click (1067,457) in UI window 2688990
2026-01-10 10:20:35,461 | INFO    | [RECORDER] Filtered: click (1067,457) in UI window 2688990
2026-01-10 10:20:35,463 | INFO    | [RECORDER] Filtered: click (1066,457) in UI window 2688990
2026-01-10 10:20:35,464 | INFO    | [RECORDER] Filtered: click (1065,457) in UI window 2688990
2026-01-10 10:20:35,468 | INFO    | [RECORDER] Filtered: click (1062,457) in UI window 2688990
2026-01-10 10:20:35,469 | INFO    | [RECORDER] Filtered: click (1061,457) in UI window 2688990
2026-01-10 10:20:35,470 | INFO    | [RECORDER] Filtered: click (1060,456) in UI window 2688990
2026-01-10 10:20:35,471 | INFO    | [RECORDER] Filtered: click (1059,456) in UI window 2688990
2026-01-10 10:20:35,473 | INFO    | [RECORDER] Filtered: click (1058,456) in UI window 2688990
2026-01-10 10:20:35,474 | INFO    | [RECORDER] Filtered: click (1056,455) in UI window 2688990
2026-01-10 10:20:35,475 | INFO    | [RECORDER] Filtered: click (1056,455) in UI window 2688990
2026-01-10 10:20:35,476 | INFO    | [RECORDER] Filtered: click (1054,455) in UI window 2688990
2026-01-10 10:20:35,476 | INFO    | [RECORDER] Filtered: click (1054,455) in UI window 2688990
2026-01-10 10:20:35,478 | INFO    | [RECORDER] Filtered: click (1052,454) in UI window 2688990
2026-01-10 10:20:35,479 | INFO    | [RECORDER] Filtered: click (1051,454) in UI window 2688990
2026-01-10 10:20:35,480 | INFO    | [RECORDER] Filtered: click (1050,454) in UI window 2688990
2026-01-10 10:20:35,485 | INFO    | [RECORDER] Filtered: click (1044,453) in UI window 2688990
2026-01-10 10:20:35,486 | INFO    | [RECORDER] Filtered: click (1042,453) in UI window 2688990
2026-01-10 10:20:35,488 | INFO    | [RECORDER] Filtered: click (1040,452) in UI window 2688990
2026-01-10 10:20:35,489 | INFO    | [RECORDER] Filtered: click (1038,452) in UI window 2688990
2026-01-10 10:20:35,490 | INFO    | [RECORDER] Filtered: click (1037,452) in UI window 2688990
2026-01-10 10:20:35,491 | INFO    | [RECORDER] Filtered: click (1034,451) in UI window 2688990
2026-01-10 10:20:35,491 | INFO    | [RECORDER] Filtered: click (1032,451) in UI window 2688990
2026-01-10 10:20:35,493 | INFO    | [RECORDER] Filtered: click (1031,451) in UI window 2688990
2026-01-10 10:20:35,494 | INFO    | [RECORDER] Filtered: click (1030,450) in UI window 2688990
2026-01-10 10:20:35,495 | INFO    | [RECORDER] Filtered: click (1028,450) in UI window 2688990
2026-01-10 10:20:35,496 | INFO    | [RECORDER] Filtered: click (1027,450) in UI window 2688990
2026-01-10 10:20:35,497 | INFO    | [RECORDER] Filtered: click (1024,450) in UI window 2688990
2026-01-10 10:20:35,498 | INFO    | [RECORDER] Filtered: click (1022,449) in UI window 2688990
2026-01-10 10:20:35,501 | INFO    | [RECORDER] Filtered: click (1016,447) in UI window 2688990
2026-01-10 10:20:35,503 | INFO    | [RECORDER] Filtered: click (1014,447) in UI window 2688990
2026-01-10 10:20:35,504 | INFO    | [RECORDER] Filtered: click (1011,447) in UI window 2688990
2026-01-10 10:20:35,505 | INFO    | [RECORDER] Filtered: click (1010,446) in UI window 2688990
2026-01-10 10:20:35,506 | INFO    | [RECORDER] Filtered: click (1008,446) in UI window 2688990
2026-01-10 10:20:35,507 | INFO    | [RECORDER] Filtered: click (1006,445) in UI window 2688990
2026-01-10 10:20:35,508 | INFO    | [RECORDER] Filtered: click (1005,445) in UI window 2688990
2026-01-10 10:20:35,509 | INFO    | [RECORDER] Filtered: click (1002,444) in UI window 2688990
2026-01-10 10:20:35,510 | INFO    | [RECORDER] Filtered: click (1000,444) in UI window 2688990
2026-01-10 10:20:35,511 | INFO    | [RECORDER] Filtered: click (999,444) in UI window 2688990
2026-01-10 10:20:35,511 | INFO    | [RECORDER] Filtered: click (997,444) in UI window 2688990
2026-01-10 10:20:35,513 | INFO    | [RECORDER] Filtered: click (994,444) in UI window 2688990
2026-01-10 10:20:35,514 | INFO    | [RECORDER] Filtered: click (994,444) in UI window 2688990
2026-01-10 10:20:35,517 | INFO    | [RECORDER] Filtered: click (991,443) in UI window 2688990
2026-01-10 10:20:35,519 | INFO    | [RECORDER] Filtered: click (987,442) in UI window 2688990
2026-01-10 10:20:35,519 | INFO    | [RECORDER] Filtered: click (985,442) in UI window 2688990
2026-01-10 10:20:35,520 | INFO    | [RECORDER] Filtered: click (983,442) in UI window 2688990
2026-01-10 10:20:35,521 | INFO    | [RECORDER] Filtered: click (982,442) in UI window 2688990
2026-01-10 10:20:35,522 | INFO    | [RECORDER] Filtered: click (981,441) in UI window 2688990
2026-01-10 10:20:35,523 | INFO    | [RECORDER] Filtered: click (979,441) in UI window 2688990
2026-01-10 10:20:35,524 | INFO    | [RECORDER] Filtered: click (978,441) in UI window 2688990
2026-01-10 10:20:35,525 | INFO    | [RECORDER] Filtered: click (975,441) in UI window 2688990
2026-01-10 10:20:35,525 | INFO    | [RECORDER] Filtered: click (975,440) in UI window 2688990
2026-01-10 10:20:35,528 | INFO    | [RECORDER] Filtered: click (973,440) in UI window 2688990
2026-01-10 10:20:35,529 | INFO    | [RECORDER] Filtered: click (971,440) in UI window 2688990
2026-01-10 10:20:35,530 | INFO    | [RECORDER] Filtered: click (971,440) in UI window 2688990
2026-01-10 10:20:35,531 | INFO    | [RECORDER] Filtered: click (969,440) in UI window 2688990
2026-01-10 10:20:35,535 | INFO    | [RECORDER] Filtered: click (966,440) in UI window 2688990
2026-01-10 10:20:35,536 | INFO    | [RECORDER] Filtered: click (965,440) in UI window 2688990
2026-01-10 10:20:35,538 | INFO    | [RECORDER] Filtered: click (963,440) in UI window 2688990
2026-01-10 10:20:35,539 | INFO    | [RECORDER] Filtered: click (962,440) in UI window 2688990
2026-01-10 10:20:35,540 | INFO    | [RECORDER] Filtered: click (961,440) in UI window 2688990
2026-01-10 10:20:35,542 | INFO    | [RECORDER] Filtered: click (960,440) in UI window 2688990
2026-01-10 10:20:35,543 | INFO    | [RECORDER] Filtered: click (959,440) in UI window 2688990
2026-01-10 10:20:35,544 | INFO    | [RECORDER] Filtered: click (958,440) in UI window 2688990
2026-01-10 10:20:35,545 | INFO    | [RECORDER] Filtered: click (957,440) in UI window 2688990
2026-01-10 10:20:35,546 | INFO    | [RECORDER] Filtered: click (956,440) in UI window 2688990
2026-01-10 10:20:35,547 | INFO    | [RECORDER] Filtered: click (955,440) in UI window 2688990
2026-01-10 10:20:35,551 | INFO    | [RECORDER] Filtered: click (953,440) in UI window 2688990
2026-01-10 10:20:35,553 | INFO    | [RECORDER] Filtered: click (953,440) in UI window 2688990
2026-01-10 10:20:35,554 | INFO    | [RECORDER] Filtered: click (952,440) in UI window 2688990
2026-01-10 10:20:35,556 | INFO    | [RECORDER] Filtered: click (951,440) in UI window 2688990
2026-01-10 10:20:35,558 | INFO    | [RECORDER] Filtered: click (950,440) in UI window 2688990
2026-01-10 10:20:35,560 | INFO    | [RECORDER] Filtered: click (950,440) in UI window 2688990
2026-01-10 10:20:35,562 | INFO    | [RECORDER] Filtered: click (949,440) in UI window 2688990
2026-01-10 10:20:35,566 | INFO    | [RECORDER] Filtered: click (948,440) in UI window 2688990
2026-01-10 10:20:35,648 | INFO    | [RECORDER] Mouse down at (948, 440) button=Button.left
2026-01-10 10:20:35,651 | INFO    | [RECORDER] Filtered: click (948,440) in UI window 2688990
2026-01-10 10:20:35,721 | INFO    | [RECORDER] Mouse up at (948, 440) button=Button.left
2026-01-10 10:20:35,722 | INFO    | [RECORDER] Filtered: click (948,440) in UI window 2688990
2026-01-10 10:20:36,297 | INFO    | [RECORDER] Filtered: click (948,439) in UI window 2688990
2026-01-10 10:20:36,298 | INFO    | [RECORDER] Filtered: click (948,439) in UI window 2688990
2026-01-10 10:20:36,301 | INFO    | [RECORDER] Filtered: click (949,438) in UI window 2688990
2026-01-10 10:20:36,303 | INFO    | [RECORDER] Filtered: click (949,438) in UI window 2688990
2026-01-10 10:20:36,304 | INFO    | [RECORDER] Filtered: click (949,438) in UI window 2688990
2026-01-10 10:20:36,305 | INFO    | [RECORDER] Filtered: click (950,438) in UI window 2688990
2026-01-10 10:20:36,306 | INFO    | [RECORDER] Filtered: click (951,437) in UI window 2688990
2026-01-10 10:20:36,308 | INFO    | [RECORDER] Filtered: click (952,436) in UI window 2688990
2026-01-10 10:20:36,309 | INFO    | [RECORDER] Filtered: click (952,435) in UI window 2688990
2026-01-10 10:20:36,309 | INFO    | [RECORDER] Filtered: click (953,435) in UI window 2688990
2026-01-10 10:20:36,310 | INFO    | [RECORDER] Filtered: click (954,435) in UI window 2688990
2026-01-10 10:20:36,312 | INFO    | [RECORDER] Filtered: click (954,434) in UI window 2688990
2026-01-10 10:20:36,313 | INFO    | [RECORDER] Filtered: click (955,434) in UI window 2688990
2026-01-10 10:20:36,314 | INFO    | [RECORDER] Filtered: click (956,433) in UI window 2688990
2026-01-10 10:20:36,315 | INFO    | [RECORDER] Filtered: click (957,433) in UI window 2688990
2026-01-10 10:20:36,316 | INFO    | [RECORDER] Filtered: click (957,433) in UI window 2688990
2026-01-10 10:20:36,318 | INFO    | [RECORDER] Filtered: click (960,431) in UI window 2688990
2026-01-10 10:20:36,319 | INFO    | [RECORDER] Filtered: click (960,431) in UI window 2688990
2026-01-10 10:20:36,320 | INFO    | [RECORDER] Filtered: click (962,430) in UI window 2688990
2026-01-10 10:20:36,321 | INFO    | [RECORDER] Filtered: click (963,430) in UI window 2688990
2026-01-10 10:20:36,321 | INFO    | [RECORDER] Filtered: click (963,430) in UI window 2688990
2026-01-10 10:20:36,323 | INFO    | [RECORDER] Filtered: click (965,429) in UI window 2688990
2026-01-10 10:20:36,324 | INFO    | [RECORDER] Filtered: click (966,428) in UI window 2688990
2026-01-10 10:20:36,327 | INFO    | [RECORDER] Filtered: click (969,427) in UI window 2688990
2026-01-10 10:20:36,330 | INFO    | [RECORDER] Filtered: click (972,425) in UI window 2688990
2026-01-10 10:20:36,330 | INFO    | [RECORDER] Filtered: click (973,424) in UI window 2688990
2026-01-10 10:20:36,332 | INFO    | [RECORDER] Filtered: click (977,423) in UI window 2688990
2026-01-10 10:20:36,336 | INFO    | [RECORDER] Filtered: click (981,421) in UI window 2688990
2026-01-10 10:20:36,339 | INFO    | [RECORDER] Filtered: click (987,418) in UI window 2688990
2026-01-10 10:20:36,340 | INFO    | [RECORDER] Filtered: click (991,417) in UI window 2688990
2026-01-10 10:20:36,341 | INFO    | [RECORDER] Filtered: click (993,417) in UI window 2688990
2026-01-10 10:20:36,346 | INFO    | [RECORDER] Filtered: click (1007,411) in UI window 2688990
2026-01-10 10:20:36,348 | INFO    | [RECORDER] Filtered: click (1013,409) in UI window 2688990
2026-01-10 10:20:36,351 | INFO    | [RECORDER] Filtered: click (1024,406) in UI window 2688990
2026-01-10 10:20:36,353 | INFO    | [RECORDER] Filtered: click (1032,403) in UI window 2688990
2026-01-10 10:20:36,356 | INFO    | [RECORDER] Filtered: click (1044,399) in UI window 2688990
2026-01-10 10:20:36,357 | INFO    | [RECORDER] Filtered: click (1049,397) in UI window 2688990
2026-01-10 10:20:36,358 | INFO    | [RECORDER] Filtered: click (1055,395) in UI window 2688990
2026-01-10 10:20:36,359 | INFO    | [RECORDER] Filtered: click (1061,394) in UI window 2688990
2026-01-10 10:20:36,360 | INFO    | [RECORDER] Filtered: click (1066,391) in UI window 2688990
2026-01-10 10:20:36,361 | INFO    | [RECORDER] Filtered: click (1069,390) in UI window 2688990
2026-01-10 10:20:36,361 | INFO    | [RECORDER] Filtered: click (1074,388) in UI window 2688990
2026-01-10 10:20:36,363 | INFO    | [RECORDER] Filtered: click (1080,386) in UI window 2688990
2026-01-10 10:20:36,364 | INFO    | [RECORDER] Filtered: click (1087,385) in UI window 2688990
2026-01-10 10:20:36,625 | INFO    | [RECORDER] Filtered: click (1737,98) in UI window 2295578
2026-01-10 10:20:36,626 | INFO    | [RECORDER] Filtered: click (1738,98) in UI window 2295578
2026-01-10 10:20:36,627 | INFO    | [RECORDER] Filtered: click (1738,98) in UI window 2295578
2026-01-10 10:20:36,628 | INFO    | [RECORDER] Filtered: click (1738,98) in UI window 2295578
2026-01-10 10:20:36,629 | INFO    | [RECORDER] Filtered: click (1738,97) in UI window 2295578
2026-01-10 10:20:36,631 | INFO    | [RECORDER] Filtered: click (1739,97) in UI window 2295578
2026-01-10 10:20:36,634 | INFO    | [RECORDER] Filtered: click (1740,96) in UI window 2295578
2026-01-10 10:20:36,638 | INFO    | [RECORDER] Filtered: click (1741,95) in UI window 2295578
2026-01-10 10:20:36,638 | INFO    | [RECORDER] Filtered: click (1741,94) in UI window 2295578
2026-01-10 10:20:36,640 | INFO    | [RECORDER] Filtered: click (1742,93) in UI window 2295578
2026-01-10 10:20:36,641 | INFO    | [RECORDER] Filtered: click (1742,93) in UI window 2295578
2026-01-10 10:20:36,641 | INFO    | [RECORDER] Filtered: click (1743,93) in UI window 2295578
2026-01-10 10:20:36,643 | INFO    | [RECORDER] Filtered: click (1743,92) in UI window 2295578
2026-01-10 10:20:36,645 | INFO    | [RECORDER] Filtered: click (1743,92) in UI window 2295578
2026-01-10 10:20:36,646 | INFO    | [RECORDER] Filtered: click (1744,91) in UI window 2295578
2026-01-10 10:20:36,648 | INFO    | [RECORDER] Filtered: click (1744,91) in UI window 2295578
2026-01-10 10:20:36,652 | INFO    | [RECORDER] Filtered: click (1746,89) in UI window 2295578
2026-01-10 10:20:36,655 | INFO    | [RECORDER] Filtered: click (1746,88) in UI window 2295578
2026-01-10 10:20:36,656 | INFO    | [RECORDER] Filtered: click (1746,88) in UI window 2295578
2026-01-10 10:20:36,657 | INFO    | [RECORDER] Filtered: click (1747,88) in UI window 2295578
2026-01-10 10:20:36,658 | INFO    | [RECORDER] Filtered: click (1747,87) in UI window 2295578
2026-01-10 10:20:36,660 | INFO    | [RECORDER] Filtered: click (1748,86) in UI window 2295578
2026-01-10 10:20:36,663 | INFO    | [RECORDER] Filtered: click (1748,86) in UI window 2295578
2026-01-10 10:20:36,666 | INFO    | [RECORDER] Filtered: click (1748,85) in UI window 2295578
2026-01-10 10:20:36,670 | INFO    | [RECORDER] Filtered: click (1748,84) in UI window 2295578
2026-01-10 10:20:36,673 | INFO    | [RECORDER] Filtered: click (1749,83) in UI window 2295578
2026-01-10 10:20:36,676 | INFO    | [RECORDER] Filtered: click (1749,83) in UI window 2295578
2026-01-10 10:20:36,679 | INFO    | [RECORDER] Filtered: click (1749,82) in UI window 2295578
2026-01-10 10:20:36,683 | INFO    | [RECORDER] Filtered: click (1750,81) in UI window 2295578
2026-01-10 10:20:36,688 | INFO    | [RECORDER] Filtered: click (1750,81) in UI window 2295578
2026-01-10 10:20:36,693 | INFO    | [RECORDER] Filtered: click (1750,80) in UI window 2295578
2026-01-10 10:20:36,699 | INFO    | [RECORDER] Filtered: click (1750,79) in UI window 2295578
2026-01-10 10:20:36,708 | INFO    | [RECORDER] Filtered: click (1750,79) in UI window 2295578
2026-01-10 10:20:36,712 | INFO    | [RECORDER] Filtered: click (1751,79) in UI window 2295578
2026-01-10 10:20:36,714 | INFO    | [RECORDER] Filtered: click (1751,78) in UI window 2295578
2026-01-10 10:20:36,721 | INFO    | [RECORDER] Filtered: click (1751,77) in UI window 2295578
2026-01-10 10:20:36,726 | INFO    | [RECORDER] Filtered: click (1751,76) in UI window 2295578
2026-01-10 10:20:36,731 | INFO    | [RECORDER] Filtered: click (1751,76) in UI window 2295578
2026-01-10 10:20:36,736 | INFO    | [RECORDER] Filtered: click (1751,75) in UI window 2295578
2026-01-10 10:20:36,739 | INFO    | [RECORDER] Filtered: click (1751,75) in UI window 2295578
2026-01-10 10:20:36,741 | INFO    | [RECORDER] Filtered: click (1751,74) in UI window 2295578
2026-01-10 10:20:36,746 | INFO    | [RECORDER] Filtered: click (1751,74) in UI window 2295578
2026-01-10 10:20:36,752 | INFO    | [RECORDER] Filtered: click (1751,73) in UI window 2295578
2026-01-10 10:20:36,759 | INFO    | [RECORDER] Filtered: click (1751,72) in UI window 2295578
2026-01-10 10:20:36,761 | INFO    | [RECORDER] Filtered: click (1752,72) in UI window 2295578
2026-01-10 10:20:36,769 | INFO    | [RECORDER] Filtered: click (1752,71) in UI window 2295578
2026-01-10 10:20:36,827 | INFO    | [RECORDER] Filtered: click (1752,71) in UI window 2295578
2026-01-10 10:20:36,829 | INFO    | [RECORDER] Filtered: click (1753,71) in UI window 2295578
2026-01-10 10:20:36,835 | INFO    | [RECORDER] Filtered: click (1753,70) in UI window 2295578
2026-01-10 10:20:36,838 | INFO    | [RECORDER] Filtered: click (1753,70) in UI window 2295578
2026-01-10 10:20:36,840 | INFO    | [RECORDER] Filtered: click (1753,69) in UI window 2295578
2026-01-10 10:20:36,854 | INFO    | [RECORDER] Filtered: click (1754,69) in UI window 2295578
2026-01-10 10:20:36,863 | INFO    | [RECORDER] Filtered: click (1754,68) in UI window 2295578
2026-01-10 10:20:36,988 | INFO    | [RECORDER] Mouse down at (1754, 68) button=Button.left
2026-01-10 10:20:36,988 | INFO    | [RECORDER] Filtered: click (1754,68) in UI window 2295578
2026-01-10 10:20:37,064 | INFO    | [RECORDER] Mouse up at (1754, 68) button=Button.left
2026-01-10 10:20:37,068 | INFO    | [RECORDER] Filtered: click (1754,68) in UI window 2295578
2026-01-10 10:20:37,070 | INFO    | [RECORDER] Paused
2026-01-10 10:20:37,075 | INFO    | [UI] Recording paused
2026-01-10 10:20:40,820 | INFO    | [RECORDER] Mouse down at (1781, 73) button=Button.left
2026-01-10 10:20:40,880 | INFO    | [RECORDER] Mouse up at (1781, 73) button=Button.left
2026-01-10 10:20:40,884 | INFO    | [RECORDER] Resumed
2026-01-10 10:20:40,885 | INFO    | [UI] Recording resumed
2026-01-10 10:20:41,145 | INFO    | [RECORDER] Filtered: click (1782,73) in UI window 2295578
2026-01-10 10:20:41,155 | INFO    | [RECORDER] Filtered: click (1783,73) in UI window 2295578
2026-01-10 10:20:41,158 | INFO    | [RECORDER] Filtered: click (1783,73) in UI window 2295578
2026-01-10 10:20:41,161 | INFO    | [RECORDER] Filtered: click (1784,73) in UI window 2295578
2026-01-10 10:20:41,163 | INFO    | [RECORDER] Filtered: click (1785,73) in UI window 2295578
2026-01-10 10:20:41,164 | INFO    | [RECORDER] Filtered: click (1785,73) in UI window 2295578
2026-01-10 10:20:41,167 | INFO    | [RECORDER] Filtered: click (1786,73) in UI window 2295578
2026-01-10 10:20:41,168 | INFO    | [RECORDER] Filtered: click (1787,73) in UI window 2295578
2026-01-10 10:20:41,171 | INFO    | [RECORDER] Filtered: click (1788,73) in UI window 2295578
2026-01-10 10:20:41,172 | INFO    | [RECORDER] Filtered: click (1789,73) in UI window 2295578
2026-01-10 10:20:41,172 | INFO    | [RECORDER] Filtered: click (1790,73) in UI window 2295578
2026-01-10 10:20:41,174 | INFO    | [RECORDER] Filtered: click (1790,73) in UI window 2295578
2026-01-10 10:20:41,175 | INFO    | [RECORDER] Filtered: click (1791,73) in UI window 2295578
2026-01-10 10:20:41,176 | INFO    | [RECORDER] Filtered: click (1792,73) in UI window 2295578
2026-01-10 10:20:41,177 | INFO    | [RECORDER] Filtered: click (1792,73) in UI window 2295578
2026-01-10 10:20:41,178 | INFO    | [RECORDER] Filtered: click (1793,73) in UI window 2295578
2026-01-10 10:20:41,179 | INFO    | [RECORDER] Filtered: click (1794,73) in UI window 2295578
2026-01-10 10:20:41,180 | INFO    | [RECORDER] Filtered: click (1795,73) in UI window 2295578
2026-01-10 10:20:41,181 | INFO    | [RECORDER] Filtered: click (1796,73) in UI window 2295578
2026-01-10 10:20:41,184 | INFO    | [RECORDER] Filtered: click (1798,73) in UI window 2295578
2026-01-10 10:20:41,185 | INFO    | [RECORDER] Filtered: click (1798,73) in UI window 2295578
2026-01-10 10:20:41,187 | INFO    | [RECORDER] Filtered: click (1799,73) in UI window 2295578
2026-01-10 10:20:41,188 | INFO    | [RECORDER] Filtered: click (1801,73) in UI window 2295578
2026-01-10 10:20:41,190 | INFO    | [RECORDER] Filtered: click (1803,73) in UI window 2295578
2026-01-10 10:20:41,191 | INFO    | [RECORDER] Filtered: click (1803,73) in UI window 2295578
2026-01-10 10:20:41,191 | INFO    | [RECORDER] Filtered: click (1804,73) in UI window 2295578
2026-01-10 10:20:41,193 | INFO    | [RECORDER] Filtered: click (1806,72) in UI window 2295578
2026-01-10 10:20:41,195 | INFO    | [RECORDER] Filtered: click (1807,72) in UI window 2295578
2026-01-10 10:20:41,196 | INFO    | [RECORDER] Filtered: click (1808,72) in UI window 2295578
2026-01-10 10:20:41,197 | INFO    | [RECORDER] Filtered: click (1810,72) in UI window 2295578
2026-01-10 10:20:41,198 | INFO    | [RECORDER] Filtered: click (1810,72) in UI window 2295578
2026-01-10 10:20:41,199 | INFO    | [RECORDER] Filtered: click (1811,72) in UI window 2295578
2026-01-10 10:20:41,201 | INFO    | [RECORDER] Filtered: click (1813,72) in UI window 2295578
2026-01-10 10:20:41,201 | INFO    | [RECORDER] Filtered: click (1813,72) in UI window 2295578
2026-01-10 10:20:41,205 | INFO    | [RECORDER] Filtered: click (1817,72) in UI window 2295578
2026-01-10 10:20:41,206 | INFO    | [RECORDER] Filtered: click (1818,72) in UI window 2295578
2026-01-10 10:20:41,207 | INFO    | [RECORDER] Filtered: click (1819,72) in UI window 2295578
2026-01-10 10:20:41,208 | INFO    | [RECORDER] Filtered: click (1821,72) in UI window 2295578
2026-01-10 10:20:41,209 | INFO    | [RECORDER] Filtered: click (1821,72) in UI window 2295578
2026-01-10 10:20:41,210 | INFO    | [RECORDER] Filtered: click (1822,72) in UI window 2295578
2026-01-10 10:20:41,211 | INFO    | [RECORDER] Filtered: click (1824,72) in UI window 2295578
2026-01-10 10:20:41,211 | INFO    | [RECORDER] Filtered: click (1824,72) in UI window 2295578
2026-01-10 10:20:41,213 | INFO    | [RECORDER] Filtered: click (1825,72) in UI window 2295578
2026-01-10 10:20:41,214 | INFO    | [RECORDER] Filtered: click (1826,72) in UI window 2295578
2026-01-10 10:20:41,215 | INFO    | [RECORDER] Filtered: click (1827,72) in UI window 2295578
2026-01-10 10:20:41,217 | INFO    | [RECORDER] Filtered: click (1829,72) in UI window 2295578
2026-01-10 10:20:41,218 | INFO    | [RECORDER] Filtered: click (1830,72) in UI window 2295578
2026-01-10 10:20:41,219 | INFO    | [RECORDER] Filtered: click (1832,72) in UI window 2295578
2026-01-10 10:20:41,221 | INFO    | [RECORDER] Filtered: click (1834,72) in UI window 2295578
2026-01-10 10:20:41,221 | INFO    | [RECORDER] Filtered: click (1835,72) in UI window 2295578
2026-01-10 10:20:41,223 | INFO    | [RECORDER] Filtered: click (1835,72) in UI window 2295578
2026-01-10 10:20:41,224 | INFO    | [RECORDER] Filtered: click (1836,72) in UI window 2295578
2026-01-10 10:20:41,225 | INFO    | [RECORDER] Filtered: click (1837,72) in UI window 2295578
2026-01-10 10:20:41,226 | INFO    | [RECORDER] Filtered: click (1838,72) in UI window 2295578
2026-01-10 10:20:41,226 | INFO    | [RECORDER] Filtered: click (1840,72) in UI window 2295578
2026-01-10 10:20:41,227 | INFO    | [RECORDER] Filtered: click (1840,72) in UI window 2295578
2026-01-10 10:20:41,228 | INFO    | [RECORDER] Filtered: click (1841,72) in UI window 2295578
2026-01-10 10:20:41,229 | INFO    | [RECORDER] Filtered: click (1842,72) in UI window 2295578
2026-01-10 10:20:41,230 | INFO    | [RECORDER] Filtered: click (1843,72) in UI window 2295578
2026-01-10 10:20:41,232 | INFO    | [RECORDER] Filtered: click (1844,72) in UI window 2295578
2026-01-10 10:20:41,236 | INFO    | [RECORDER] Filtered: click (1848,72) in UI window 2295578
2026-01-10 10:20:41,239 | INFO    | [RECORDER] Filtered: click (1849,72) in UI window 2295578
2026-01-10 10:20:41,239 | INFO    | [RECORDER] Filtered: click (1850,72) in UI window 2295578
2026-01-10 10:20:41,240 | INFO    | [RECORDER] Filtered: click (1851,72) in UI window 2295578
2026-01-10 10:20:41,241 | INFO    | [RECORDER] Filtered: click (1851,72) in UI window 2295578
2026-01-10 10:20:41,243 | INFO    | [RECORDER] Filtered: click (1852,72) in UI window 2295578
2026-01-10 10:20:41,244 | INFO    | [RECORDER] Filtered: click (1853,72) in UI window 2295578
2026-01-10 10:20:41,245 | INFO    | [RECORDER] Filtered: click (1854,72) in UI window 2295578
2026-01-10 10:20:41,246 | INFO    | [RECORDER] Filtered: click (1854,72) in UI window 2295578
2026-01-10 10:20:41,247 | INFO    | [RECORDER] Filtered: click (1855,72) in UI window 2295578
2026-01-10 10:20:41,248 | INFO    | [RECORDER] Filtered: click (1856,72) in UI window 2295578
2026-01-10 10:20:41,250 | INFO    | [RECORDER] Filtered: click (1856,71) in UI window 2295578
2026-01-10 10:20:41,251 | INFO    | [RECORDER] Filtered: click (1857,71) in UI window 2295578
2026-01-10 10:20:41,253 | INFO    | [RECORDER] Filtered: click (1858,71) in UI window 2295578
2026-01-10 10:20:41,255 | INFO    | [RECORDER] Filtered: click (1859,71) in UI window 2295578
2026-01-10 10:20:41,256 | INFO    | [RECORDER] Filtered: click (1859,71) in UI window 2295578
2026-01-10 10:20:41,258 | INFO    | [RECORDER] Filtered: click (1860,71) in UI window 2295578
2026-01-10 10:20:41,260 | INFO    | [RECORDER] Filtered: click (1861,71) in UI window 2295578
2026-01-10 10:20:41,264 | INFO    | [RECORDER] Filtered: click (1861,71) in UI window 2295578
2026-01-10 10:20:41,901 | INFO    | [RECORDER] Mouse down at (1861, 71) button=Button.left
2026-01-10 10:20:41,901 | INFO    | [RECORDER] Filtered: click (1861,71) in UI window 2295578
2026-01-10 10:20:41,964 | INFO    | [RECORDER] Mouse up at (1861, 71) button=Button.left
2026-01-10 10:20:41,965 | INFO    | [RECORDER] Filtered: click (1861,71) in UI window 2295578
2026-01-10 10:20:41,966 | INFO    | [RECORDER] Paused
2026-01-10 10:20:41,967 | INFO    | [RECORDER] Stopped. 265 events captured
2026-01-10 10:20:42,015 | INFO    | [UI] Added 1 recorded actions
2026-01-10 10:20:42,057 | INFO    | [UI] Recording stopped
