2026-01-09 16:48:06,506 | INFO    | [ADB] Found ADB at: adb
2026-01-09 16:48:06,998 | INFO    | [ADB] Found ADB at: adb
2026-01-09 16:48:07,585 | INFO    | [ADB] emulator-5554: Resolution 540x960 (wm size)
2026-01-09 16:48:07,586 | INFO    | [WORKER] 1: Auto-detected resolution 540x960 from ADB device emulator-5554
2026-01-09 16:48:07,588 | INFO    | [WORKER] 1: Scale factors = 1.074x, 1.036y
2026-01-09 16:48:07,716 | INFO    | [CAPTURE] BetterCam not installed
2026-01-09 16:48:08,145 | INFO    | [CAPTURE] DXCam initialized successfully
2026-01-09 16:48:08,146 | INFO    | [CAPTURE] Active provider: DXCam
2026-01-09 16:48:08,147 | INFO    | [WORKER] 1: Providers initialized (Capture: DXCam)
2026-01-09 16:48:08,149 | INFO    | [WorkerMgr] Loaded 1 assignments
2026-01-09 16:48:09,430 | INFO    | [HOTKEY] Registered: ctrl+shift+r -> ctrl+shift+r
2026-01-09 16:48:09,430 | INFO    | [HOTKEY] Registered: ctrl+shift+p -> ctrl+shift+p
2026-01-09 16:48:09,430 | INFO    | [HOTKEY] Registered: ctrl+shift+space -> ctrl+shift+space
2026-01-09 16:48:09,430 | INFO    | [HOTKEY] Registered: ctrl+shift+s -> ctrl+shift+s
2026-01-09 16:48:09,498 | INFO    | [HOTKEY] GlobalHotkeyManager started
2026-01-09 16:48:09,498 | INFO    | [UI] Global hotkeys registered
2026-01-09 16:48:15,226 | INFO    | [UI] Refreshing workers...
2026-01-09 16:48:15,343 | INFO    | [ADB] Found ADB at: adb
2026-01-09 16:48:15,648 | INFO    | [ADB] emulator-5554: Resolution 540x960 (wm size)
2026-01-09 16:48:15,687 | INFO    | [WORKER] 1: Auto-detected resolution 540x960 from ADB device emulator-5554
2026-01-09 16:48:15,688 | INFO    | [WORKER] 1: Scale factors = 1.074x, 1.036y
2026-01-09 16:48:15,690 | INFO    | [WORKER] 1: Providers initialized (Capture: DXCam)
2026-01-09 16:48:15,692 | INFO    | [UI] Refreshed: 1 worker(s) detected
2026-01-09 16:48:20,888 | INFO    | [ADB] Found ADB at: adb
2026-01-09 16:48:21,237 | INFO    | [ADB] emulator-5554: Resolution 540x960 (wm size)
2026-01-09 16:48:22,747 | INFO    | [UI] Set Worker dialog: detected 1 LDPlayer windows
2026-01-09 16:48:22,871 | INFO    | [UI] Refresh: detected 1 LDPlayer windows
2026-01-09 16:48:25,655 | INFO    | [UI] Refresh: detected 1 LDPlayer windows
2026-01-09 16:48:27,163 | INFO    | [UI] Refresh: detected 1 LDPlayer windows
2026-01-09 16:48:31,253 | INFO    | [RECORDER] Configured: target=787216, ignore_ui=1510896
2026-01-09 16:48:31,263 | INFO    | [RECORDER] PynputRecorderHook started
2026-01-09 16:48:31,264 | INFO    | [UI] Recording started (V2 adapter), target hwnd: 787216
2026-01-09 16:48:42,245 | INFO    | [RECORDER] Stopped. 4 events captured
2026-01-09 16:48:47,470 | INFO    | [UI] Recording stopped
