2026-01-10 09:20:51,436 | INFO    | [ADB] Found ADB at: adb
2026-01-10 09:20:51,727 | INFO    | [ADB] Found ADB at: adb
2026-01-10 09:20:51,880 | INFO    | [ADB] emulator-5554: Resolution 540x960 (wm size)
2026-01-10 09:20:51,881 | INFO    | [WORKER] 1: Auto-detected resolution 540x960 from ADB device emulator-5554
2026-01-10 09:20:51,881 | INFO    | [WORKER] 1: Scale factors = 1.074x, 1.036y
2026-01-10 09:20:51,922 | INFO    | [CAPTURE] BetterCam not installed
2026-01-10 09:20:52,158 | INFO    | [CAPTURE] DXCam initialized successfully
2026-01-10 09:20:52,159 | INFO    | [CAPTURE] Active provider: DXCam
2026-01-10 09:20:52,159 | INFO    | [WORKER] 1: Providers initialized (Capture: DXCam)
2026-01-10 09:20:52,163 | INFO    | [WorkerMgr] Loaded 2 assignments
2026-01-10 09:20:52,907 | INFO    | [HOTKEY] Registered: ctrl+shift+r -> ctrl+shift+r
2026-01-10 09:20:52,907 | INFO    | [HOTKEY] Registered: ctrl+shift+p -> ctrl+shift+p
2026-01-10 09:20:52,907 | INFO    | [HOTKEY] Registered: ctrl+shift+space -> ctrl+shift+space
2026-01-10 09:20:52,908 | INFO    | [HOTKEY] Registered: ctrl+shift+s -> ctrl+shift+s
2026-01-10 09:20:52,982 | INFO    | [HOTKEY] GlobalHotkeyManager started
2026-01-10 09:20:52,982 | INFO    | [UI] Global hotkeys registered
2026-01-10 09:20:57,077 | INFO    | [UI] Capture target set: Worker 1 - 540x960 (hwnd=657034)
2026-01-10 09:21:03,823 | INFO    | [RECORDER] Configured: target=657034, ignore_ui=919408
2026-01-10 09:21:03,827 | INFO    | [RECORDER] Filtered: coords (114,168) outside target rect (1326, 11, 1906, 1006)
2026-01-10 09:21:03,830 | INFO    | [RECORDER] Filtered: coords (115,168) outside target rect (1326, 11, 1906, 1006)
2026-01-10 09:21:03,835 | INFO    | [RECORDER] Filtered: coords (117,168) outside target rect (1326, 11, 1906, 1006)
2026-01-10 09:21:03,839 | INFO    | [RECORDER] Filtered: coords (120,169) outside target rect (1326, 11, 1906, 1006)
2026-01-10 09:21:03,841 | INFO    | [RECORDER] Filtered: coords (121,169) outside target rect (1326, 11, 1906, 1006)
2026-01-10 09:21:03,846 | INFO    | [RECORDER] Filtered: coords (123,169) outside target rect (1326, 11, 1906, 1006)
2026-01-10 09:21:03,851 | INFO    | [RECORDER] Filtered: coords (128,170) outside target rect (1326, 11, 1906, 1006)
2026-01-10 09:21:03,852 | INFO    | [RECORDER] PynputRecorderHook started
2026-01-10 09:21:03,852 | INFO    | [RECORDER] Filtered: coords (129,170) outside target rect (1326, 11, 1906, 1006)
2026-01-10 09:21:03,853 | INFO    | [UI] Recording started (V2 adapter), target hwnd: 657034
2026-01-10 09:21:03,854 | INFO    | [RECORDER] Filtered: coords (130,170) outside target rect (1326, 11, 1906, 1006)
2026-01-10 09:21:03,855 | INFO    | [RECORDER] Filtered: coords (131,171) outside target rect (1326, 11, 1906, 1006)
2026-01-10 09:21:03,856 | INFO    | [RECORDER] Filtered: coords (133,171) outside target rect (1326, 11, 1906, 1006)
2026-01-10 09:21:03,858 | INFO    | [RECORDER] Filtered: coords (135,171) outside target rect (1326, 11, 1906, 1006)
2026-01-10 09:21:03,859 | INFO    | [RECORDER] Filtered: coords (136,171) outside target rect (1326, 11, 1906, 1006)
2026-01-10 09:21:03,861 | INFO    | [RECORDER] Filtered: coords (139,172) outside target rect (1326, 11, 1906, 1006)
2026-01-10 09:21:03,862 | INFO    | [RECORDER] Filtered: coords (140,172) outside target rect (1326, 11, 1906, 1006)
2026-01-10 09:21:03,863 | INFO    | [RECORDER] Filtered: coords (141,173) outside target rect (1326, 11, 1906, 1006)
2026-01-10 09:21:03,867 | INFO    | [RECORDER] Filtered: coords (146,174) outside target rect (1326, 11, 1906, 1006)
2026-01-10 09:21:03,873 | INFO    | [RECORDER] Filtered: coords (153,176) outside target rect (1326, 11, 1906, 1006)
2026-01-10 09:21:03,874 | INFO    | [RECORDER] Filtered: coords (155,176) outside target rect (1326, 11, 1906, 1006)
2026-01-10 09:21:03,875 | INFO    | [RECORDER] Filtered: coords (157,176) outside target rect (1326, 11, 1906, 1006)
2026-01-10 09:21:03,877 | INFO    | [RECORDER] Filtered: coords (160,177) outside target rect (1326, 11, 1906, 1006)
2026-01-10 09:21:03,879 | INFO    | [RECORDER] Filtered: coords (165,178) outside target rect (1326, 11, 1906, 1006)
2026-01-10 09:21:03,880 | INFO    | [RECORDER] Filtered: coords (166,178) outside target rect (1326, 11, 1906, 1006)
2026-01-10 09:21:03,886 | INFO    | [RECORDER] Filtered: coords (183,182) outside target rect (1326, 11, 1906, 1006)
2026-01-10 09:21:03,896 | INFO    | [RECORDER] Filtered: coords (210,187) outside target rect (1326, 11, 1906, 1006)
2026-01-10 09:21:03,911 | INFO    | [RECORDER] Filtered: coords (274,200) outside target rect (1326, 11, 1906, 1006)
2026-01-10 09:21:03,913 | INFO    | [RECORDER] Filtered: coords (283,202) outside target rect (1326, 11, 1906, 1006)
2026-01-10 09:21:03,913 | INFO    | [RECORDER] Filtered: coords (289,203) outside target rect (1326, 11, 1906, 1006)
2026-01-10 09:21:03,915 | INFO    | [RECORDER] Filtered: coords (295,204) outside target rect (1326, 11, 1906, 1006)
2026-01-10 09:21:03,920 | INFO    | [RECORDER] Filtered: coords (326,210) outside target rect (1326, 11, 1906, 1006)
2026-01-10 09:21:03,921 | INFO    | [RECORDER] Filtered: coords (330,211) outside target rect (1326, 11, 1906, 1006)
2026-01-10 09:21:03,922 | INFO    | [RECORDER] Filtered: coords (337,212) outside target rect (1326, 11, 1906, 1006)
2026-01-10 09:21:03,923 | INFO    | [RECORDER] Filtered: coords (344,213) outside target rect (1326, 11, 1906, 1006)
2026-01-10 09:21:03,923 | INFO    | [RECORDER] Filtered: coords (351,215) outside target rect (1326, 11, 1906, 1006)
2026-01-10 09:21:03,924 | INFO    | [RECORDER] Filtered: coords (358,216) outside target rect (1326, 11, 1906, 1006)
2026-01-10 09:21:03,925 | INFO    | [RECORDER] Filtered: coords (367,217) outside target rect (1326, 11, 1906, 1006)
2026-01-10 09:21:03,928 | INFO    | [RECORDER] Filtered: coords (383,221) outside target rect (1326, 11, 1906, 1006)
2026-01-10 09:21:03,930 | INFO    | [RECORDER] Filtered: coords (388,221) outside target rect (1326, 11, 1906, 1006)
2026-01-10 09:21:03,931 | INFO    | [RECORDER] Filtered: coords (404,224) outside target rect (1326, 11, 1906, 1006)
2026-01-10 09:21:03,932 | INFO    | [RECORDER] Filtered: coords (412,226) outside target rect (1326, 11, 1906, 1006)
2026-01-10 09:21:03,933 | INFO    | [RECORDER] Filtered: coords (422,227) outside target rect (1326, 11, 1906, 1006)
2026-01-10 09:21:03,938 | INFO    | [RECORDER] Filtered: coords (476,236) outside target rect (1326, 11, 1906, 1006)
2026-01-10 09:21:03,943 | INFO    | [RECORDER] Filtered: coords (512,240) outside target rect (1326, 11, 1906, 1006)
2026-01-10 09:21:03,944 | INFO    | [RECORDER] Filtered: coords (534,243) outside target rect (1326, 11, 1906, 1006)
2026-01-10 09:21:03,945 | INFO    | [RECORDER] Filtered: coords (544,244) outside target rect (1326, 11, 1906, 1006)
2026-01-10 09:21:03,948 | INFO    | [RECORDER] Filtered: coords (573,248) outside target rect (1326, 11, 1906, 1006)
2026-01-10 09:21:03,949 | INFO    | [RECORDER] Filtered: coords (585,249) outside target rect (1326, 11, 1906, 1006)
2026-01-10 09:21:03,954 | INFO    | [RECORDER] Filtered: coords (638,256) outside target rect (1326, 11, 1906, 1006)
2026-01-10 09:21:03,955 | INFO    | [RECORDER] Filtered: coords (654,257) outside target rect (1326, 11, 1906, 1006)
2026-01-10 09:21:03,956 | INFO    | [RECORDER] Filtered: coords (661,258) outside target rect (1326, 11, 1906, 1006)
2026-01-10 09:21:03,957 | INFO    | [RECORDER] Filtered: coords (673,260) outside target rect (1326, 11, 1906, 1006)
2026-01-10 09:21:03,958 | INFO    | [RECORDER] Filtered: coords (685,261) outside target rect (1326, 11, 1906, 1006)
2026-01-10 09:21:03,959 | INFO    | [RECORDER] Filtered: coords (698,262) outside target rect (1326, 11, 1906, 1006)
2026-01-10 09:21:03,960 | INFO    | [RECORDER] Filtered: coords (710,264) outside target rect (1326, 11, 1906, 1006)
2026-01-10 09:21:03,962 | INFO    | [RECORDER] Filtered: coords (717,264) outside target rect (1326, 11, 1906, 1006)
2026-01-10 09:21:03,963 | INFO    | [RECORDER] Filtered: coords (729,265) outside target rect (1326, 11, 1906, 1006)
2026-01-10 09:21:03,964 | INFO    | [RECORDER] Filtered: coords (754,268) outside target rect (1326, 11, 1906, 1006)
2026-01-10 09:21:03,966 | INFO    | [RECORDER] Filtered: coords (767,269) outside target rect (1326, 11, 1906, 1006)
2026-01-10 09:21:03,970 | INFO    | [RECORDER] Filtered: coords (811,273) outside target rect (1326, 11, 1906, 1006)
2026-01-10 09:21:03,971 | INFO    | [RECORDER] Filtered: coords (836,274) outside target rect (1326, 11, 1906, 1006)
2026-01-10 09:21:03,972 | INFO    | [RECORDER] Filtered: coords (850,275) outside target rect (1326, 11, 1906, 1006)
2026-01-10 09:21:03,973 | INFO    | [RECORDER] Filtered: coords (862,277) outside target rect (1326, 11, 1906, 1006)
2026-01-10 09:21:03,974 | INFO    | [RECORDER] Filtered: coords (875,278) outside target rect (1326, 11, 1906, 1006)
2026-01-10 09:21:03,975 | INFO    | [RECORDER] Filtered: coords (888,278) outside target rect (1326, 11, 1906, 1006)
2026-01-10 09:21:03,976 | INFO    | [RECORDER] Filtered: coords (895,279) outside target rect (1326, 11, 1906, 1006)
2026-01-10 09:21:03,977 | INFO    | [RECORDER] Filtered: coords (909,281) outside target rect (1326, 11, 1906, 1006)
2026-01-10 09:21:03,978 | INFO    | [RECORDER] Filtered: coords (920,281) outside target rect (1326, 11, 1906, 1006)
2026-01-10 09:21:03,980 | INFO    | [RECORDER] Filtered: coords (934,282) outside target rect (1326, 11, 1906, 1006)
2026-01-10 09:21:03,980 | INFO    | [RECORDER] Filtered: coords (946,283) outside target rect (1326, 11, 1906, 1006)
2026-01-10 09:21:03,982 | INFO    | [RECORDER] Filtered: coords (959,283) outside target rect (1326, 11, 1906, 1006)
2026-01-10 09:21:03,988 | INFO    | [RECORDER] Filtered: coords (1026,290) outside target rect (1326, 11, 1906, 1006)
2026-01-10 09:21:03,989 | INFO    | [RECORDER] Filtered: coords (1040,290) outside target rect (1326, 11, 1906, 1006)
2026-01-10 09:21:03,990 | INFO    | [RECORDER] Filtered: coords (1047,291) outside target rect (1326, 11, 1906, 1006)
2026-01-10 09:21:03,991 | INFO    | [RECORDER] Filtered: coords (1058,292) outside target rect (1326, 11, 1906, 1006)
2026-01-10 09:21:03,992 | INFO    | [RECORDER] Filtered: coords (1082,294) outside target rect (1326, 11, 1906, 1006)
2026-01-10 09:21:03,993 | INFO    | [RECORDER] Filtered: coords (1094,295) outside target rect (1326, 11, 1906, 1006)
2026-01-10 09:21:03,994 | INFO    | [RECORDER] Filtered: coords (1104,296) outside target rect (1326, 11, 1906, 1006)
2026-01-10 09:21:03,996 | INFO    | [RECORDER] Filtered: coords (1116,298) outside target rect (1326, 11, 1906, 1006)
2026-01-10 09:21:03,997 | INFO    | [RECORDER] Filtered: coords (1123,298) outside target rect (1326, 11, 1906, 1006)
2026-01-10 09:21:03,998 | INFO    | [RECORDER] Filtered: coords (1134,299) outside target rect (1326, 11, 1906, 1006)
2026-01-10 09:21:03,998 | INFO    | [RECORDER] Filtered: coords (1145,300) outside target rect (1326, 11, 1906, 1006)
2026-01-10 09:21:04,002 | INFO    | [RECORDER] Filtered: coords (1166,301) outside target rect (1326, 11, 1906, 1006)
2026-01-10 09:21:04,004 | INFO    | [RECORDER] Filtered: coords (1199,305) outside target rect (1326, 11, 1906, 1006)
2026-01-10 09:21:04,006 | INFO    | [RECORDER] Filtered: coords (1204,305) outside target rect (1326, 11, 1906, 1006)
2026-01-10 09:21:04,007 | INFO    | [RECORDER] Filtered: coords (1214,307) outside target rect (1326, 11, 1906, 1006)
2026-01-10 09:21:04,007 | INFO    | [RECORDER] Filtered: coords (1224,308) outside target rect (1326, 11, 1906, 1006)
2026-01-10 09:21:04,008 | INFO    | [RECORDER] Filtered: coords (1234,309) outside target rect (1326, 11, 1906, 1006)
2026-01-10 09:21:04,009 | INFO    | [RECORDER] Filtered: coords (1245,310) outside target rect (1326, 11, 1906, 1006)
2026-01-10 09:21:04,010 | INFO    | [RECORDER] Filtered: coords (1253,312) outside target rect (1326, 11, 1906, 1006)
2026-01-10 09:21:04,010 | INFO    | [RECORDER] Filtered: coords (1259,313) outside target rect (1326, 11, 1906, 1006)
2026-01-10 09:21:04,011 | INFO    | [RECORDER] Filtered: coords (1272,314) outside target rect (1326, 11, 1906, 1006)
2026-01-10 09:21:04,012 | INFO    | [RECORDER] Filtered: coords (1277,315) outside target rect (1326, 11, 1906, 1006)
2026-01-10 09:21:04,013 | INFO    | [RECORDER] Filtered: coords (1288,316) outside target rect (1326, 11, 1906, 1006)
2026-01-10 09:21:04,014 | INFO    | [RECORDER] Filtered: coords (1296,318) outside target rect (1326, 11, 1906, 1006)
2026-01-10 09:21:04,015 | INFO    | [RECORDER] Filtered: coords (1305,319) outside target rect (1326, 11, 1906, 1006)
2026-01-10 09:21:04,016 | INFO    | [RECORDER] Filtered: coords (1314,320) outside target rect (1326, 11, 1906, 1006)
2026-01-10 09:21:04,018 | INFO    | [RECORDER] Filtered: coords (1319,320) outside target rect (1326, 11, 1906, 1006)
2026-01-10 09:21:04,984 | INFO    | [RECORDER] Mouse down at (1588, 347) button=Button.left
2026-01-10 09:21:05,080 | INFO    | [RECORDER] Mouse up at (1588, 347) button=Button.left
2026-01-10 09:21:09,689 | INFO    | [RECORDER] Filtered: coords (1324,359) outside target rect (1326, 11, 1906, 1006)
2026-01-10 09:21:09,690 | INFO    | [RECORDER] Filtered: coords (1320,359) outside target rect (1326, 11, 1906, 1006)
2026-01-10 09:21:09,691 | INFO    | [RECORDER] Filtered: coords (1314,359) outside target rect (1326, 11, 1906, 1006)
2026-01-10 09:21:09,692 | INFO    | [RECORDER] Filtered: coords (1311,358) outside target rect (1326, 11, 1906, 1006)
2026-01-10 09:21:09,693 | INFO    | [RECORDER] Filtered: coords (1306,358) outside target rect (1326, 11, 1906, 1006)
2026-01-10 09:21:09,694 | INFO    | [RECORDER] Filtered: coords (1301,358) outside target rect (1326, 11, 1906, 1006)
2026-01-10 09:21:09,696 | INFO    | [RECORDER] Filtered: coords (1294,357) outside target rect (1326, 11, 1906, 1006)
2026-01-10 09:21:09,697 | INFO    | [RECORDER] Filtered: coords (1289,357) outside target rect (1326, 11, 1906, 1006)
2026-01-10 09:21:09,698 | INFO    | [RECORDER] Filtered: coords (1286,357) outside target rect (1326, 11, 1906, 1006)
2026-01-10 09:21:09,698 | INFO    | [RECORDER] Filtered: coords (1280,355) outside target rect (1326, 11, 1906, 1006)
2026-01-10 09:21:09,702 | INFO    | [RECORDER] Filtered: coords (1261,354) outside target rect (1326, 11, 1906, 1006)
2026-01-10 09:21:09,703 | INFO    | [RECORDER] Filtered: coords (1255,354) outside target rect (1326, 11, 1906, 1006)
2026-01-10 09:21:09,704 | INFO    | [RECORDER] Filtered: coords (1248,353) outside target rect (1326, 11, 1906, 1006)
2026-01-10 09:21:09,705 | INFO    | [RECORDER] Filtered: coords (1245,353) outside target rect (1326, 11, 1906, 1006)
2026-01-10 09:21:09,706 | INFO    | [RECORDER] Filtered: coords (1238,352) outside target rect (1326, 11, 1906, 1006)
2026-01-10 09:21:09,707 | INFO    | [RECORDER] Filtered: coords (1233,352) outside target rect (1326, 11, 1906, 1006)
2026-01-10 09:21:09,708 | INFO    | [RECORDER] Filtered: coords (1226,352) outside target rect (1326, 11, 1906, 1006)
2026-01-10 09:21:09,710 | INFO    | [RECORDER] Filtered: coords (1213,351) outside target rect (1326, 11, 1906, 1006)
2026-01-10 09:21:09,716 | INFO    | [RECORDER] Filtered: coords (1173,348) outside target rect (1326, 11, 1906, 1006)
2026-01-10 09:21:09,723 | INFO    | [RECORDER] Filtered: coords (1116,343) outside target rect (1326, 11, 1906, 1006)
2026-01-10 09:21:09,725 | INFO    | [RECORDER] Filtered: coords (1108,343) outside target rect (1326, 11, 1906, 1006)
2026-01-10 09:21:09,728 | INFO    | [RECORDER] Filtered: coords (1087,342) outside target rect (1326, 11, 1906, 1006)
2026-01-10 09:21:09,731 | INFO    | [RECORDER] Filtered: coords (1055,339) outside target rect (1326, 11, 1906, 1006)
2026-01-10 09:21:09,739 | INFO    | [RECORDER] Filtered: coords (1002,336) outside target rect (1326, 11, 1906, 1006)
2026-01-10 09:21:09,741 | INFO    | [RECORDER] Filtered: coords (990,335) outside target rect (1326, 11, 1906, 1006)
2026-01-10 09:21:09,746 | INFO    | [RECORDER] Filtered: coords (956,334) outside target rect (1326, 11, 1906, 1006)
2026-01-10 09:21:09,755 | INFO    | [RECORDER] Filtered: coords (882,328) outside target rect (1326, 11, 1906, 1006)
2026-01-10 09:21:09,757 | INFO    | [RECORDER] Filtered: coords (865,326) outside target rect (1326, 11, 1906, 1006)
2026-01-10 09:21:09,758 | INFO    | [RECORDER] Filtered: coords (858,325) outside target rect (1326, 11, 1906, 1006)
2026-01-10 09:21:09,758 | INFO    | [RECORDER] Filtered: coords (850,325) outside target rect (1326, 11, 1906, 1006)
2026-01-10 09:21:09,759 | INFO    | [RECORDER] Filtered: coords (841,324) outside target rect (1326, 11, 1906, 1006)
2026-01-10 09:21:09,760 | INFO    | [RECORDER] Filtered: coords (836,324) outside target rect (1326, 11, 1906, 1006)
2026-01-10 09:21:09,761 | INFO    | [RECORDER] Filtered: coords (829,324) outside target rect (1326, 11, 1906, 1006)
2026-01-10 09:21:09,762 | INFO    | [RECORDER] Filtered: coords (821,323) outside target rect (1326, 11, 1906, 1006)
2026-01-10 09:21:09,763 | INFO    | [RECORDER] Filtered: coords (812,323) outside target rect (1326, 11, 1906, 1006)
2026-01-10 09:21:09,765 | INFO    | [RECORDER] Filtered: coords (804,321) outside target rect (1326, 11, 1906, 1006)
2026-01-10 09:21:09,766 | INFO    | [RECORDER] Filtered: coords (797,321) outside target rect (1326, 11, 1906, 1006)
2026-01-10 09:21:09,767 | INFO    | [RECORDER] Filtered: coords (788,320) outside target rect (1326, 11, 1906, 1006)
2026-01-10 09:21:09,779 | INFO    | [RECORDER] Filtered: coords (702,314) outside target rect (1326, 11, 1906, 1006)
2026-01-10 09:21:09,779 | INFO    | [RECORDER] Filtered: coords (695,312) outside target rect (1326, 11, 1906, 1006)
2026-01-10 09:21:09,782 | INFO    | [RECORDER] Filtered: coords (688,312) outside target rect (1326, 11, 1906, 1006)
2026-01-10 09:21:09,782 | INFO    | [RECORDER] Filtered: coords (684,311) outside target rect (1326, 11, 1906, 1006)
2026-01-10 09:21:09,789 | INFO    | [RECORDER] Filtered: coords (632,306) outside target rect (1326, 11, 1906, 1006)
2026-01-10 09:21:09,791 | INFO    | [RECORDER] Filtered: coords (620,304) outside target rect (1326, 11, 1906, 1006)
2026-01-10 09:21:09,792 | INFO    | [RECORDER] Filtered: coords (613,302) outside target rect (1326, 11, 1906, 1006)
2026-01-10 09:21:09,793 | INFO    | [RECORDER] Filtered: coords (606,301) outside target rect (1326, 11, 1906, 1006)
2026-01-10 09:21:09,794 | INFO    | [RECORDER] Filtered: coords (601,301) outside target rect (1326, 11, 1906, 1006)
2026-01-10 09:21:09,795 | INFO    | [RECORDER] Filtered: coords (594,300) outside target rect (1326, 11, 1906, 1006)
2026-01-10 09:21:09,796 | INFO    | [RECORDER] Filtered: coords (590,299) outside target rect (1326, 11, 1906, 1006)
2026-01-10 09:21:09,797 | INFO    | [RECORDER] Filtered: coords (584,299) outside target rect (1326, 11, 1906, 1006)
2026-01-10 09:21:09,798 | INFO    | [RECORDER] Filtered: coords (577,298) outside target rect (1326, 11, 1906, 1006)
2026-01-10 09:21:09,800 | INFO    | [RECORDER] Filtered: coords (572,297) outside target rect (1326, 11, 1906, 1006)
2026-01-10 09:21:09,805 | INFO    | [RECORDER] Filtered: coords (544,291) outside target rect (1326, 11, 1906, 1006)
2026-01-10 09:21:09,806 | INFO    | [RECORDER] Filtered: coords (538,290) outside target rect (1326, 11, 1906, 1006)
2026-01-10 09:21:09,807 | INFO    | [RECORDER] Filtered: coords (533,289) outside target rect (1326, 11, 1906, 1006)
2026-01-10 09:21:09,807 | INFO    | [RECORDER] Filtered: coords (527,288) outside target rect (1326, 11, 1906, 1006)
2026-01-10 09:21:09,808 | INFO    | [RECORDER] Filtered: coords (522,287) outside target rect (1326, 11, 1906, 1006)
2026-01-10 09:21:09,809 | INFO    | [RECORDER] Filtered: coords (518,287) outside target rect (1326, 11, 1906, 1006)
2026-01-10 09:21:09,813 | INFO    | [RECORDER] Filtered: coords (502,284) outside target rect (1326, 11, 1906, 1006)
2026-01-10 09:21:09,814 | INFO    | [RECORDER] Filtered: coords (496,282) outside target rect (1326, 11, 1906, 1006)
2026-01-10 09:21:09,815 | INFO    | [RECORDER] Filtered: coords (492,281) outside target rect (1326, 11, 1906, 1006)
2026-01-10 09:21:09,816 | INFO    | [RECORDER] Filtered: coords (487,280) outside target rect (1326, 11, 1906, 1006)
2026-01-10 09:21:09,824 | INFO    | [RECORDER] Filtered: coords (453,272) outside target rect (1326, 11, 1906, 1006)
2026-01-10 09:21:09,824 | INFO    | [RECORDER] Filtered: coords (450,271) outside target rect (1326, 11, 1906, 1006)
2026-01-10 09:21:09,825 | INFO    | [RECORDER] Filtered: coords (447,270) outside target rect (1326, 11, 1906, 1006)
2026-01-10 09:21:09,826 | INFO    | [RECORDER] Filtered: coords (442,268) outside target rect (1326, 11, 1906, 1006)
2026-01-10 09:21:09,827 | INFO    | [RECORDER] Filtered: coords (438,267) outside target rect (1326, 11, 1906, 1006)
2026-01-10 09:21:09,829 | INFO    | [RECORDER] Filtered: coords (428,265) outside target rect (1326, 11, 1906, 1006)
2026-01-10 09:21:09,830 | INFO    | [RECORDER] Filtered: coords (422,263) outside target rect (1326, 11, 1906, 1006)
2026-01-10 09:21:09,832 | INFO    | [RECORDER] Filtered: coords (417,262) outside target rect (1326, 11, 1906, 1006)
2026-01-10 09:21:09,840 | INFO    | [RECORDER] Filtered: coords (383,253) outside target rect (1326, 11, 1906, 1006)
2026-01-10 09:21:09,843 | INFO    | [RECORDER] Filtered: coords (375,251) outside target rect (1326, 11, 1906, 1006)
2026-01-10 09:21:09,844 | INFO    | [RECORDER] Filtered: coords (372,249) outside target rect (1326, 11, 1906, 1006)
2026-01-10 09:21:09,844 | INFO    | [RECORDER] Filtered: coords (370,249) outside target rect (1326, 11, 1906, 1006)
2026-01-10 09:21:09,845 | INFO    | [RECORDER] Filtered: coords (366,248) outside target rect (1326, 11, 1906, 1006)
2026-01-10 09:21:09,846 | INFO    | [RECORDER] Filtered: coords (363,247) outside target rect (1326, 11, 1906, 1006)
2026-01-10 09:21:09,847 | INFO    | [RECORDER] Filtered: coords (359,245) outside target rect (1326, 11, 1906, 1006)
2026-01-10 09:21:09,848 | INFO    | [RECORDER] Filtered: coords (356,244) outside target rect (1326, 11, 1906, 1006)
2026-01-10 09:21:09,849 | INFO    | [RECORDER] Filtered: coords (352,243) outside target rect (1326, 11, 1906, 1006)
2026-01-10 09:21:09,853 | INFO    | [RECORDER] Filtered: coords (344,241) outside target rect (1326, 11, 1906, 1006)
2026-01-10 09:21:09,856 | INFO    | [RECORDER] Filtered: coords (335,238) outside target rect (1326, 11, 1906, 1006)
2026-01-10 09:21:09,857 | INFO    | [RECORDER] Filtered: coords (332,237) outside target rect (1326, 11, 1906, 1006)
2026-01-10 09:21:09,858 | INFO    | [RECORDER] Filtered: coords (329,237) outside target rect (1326, 11, 1906, 1006)
2026-01-10 09:21:09,858 | INFO    | [RECORDER] Filtered: coords (328,236) outside target rect (1326, 11, 1906, 1006)
2026-01-10 09:21:09,859 | INFO    | [RECORDER] Filtered: coords (325,235) outside target rect (1326, 11, 1906, 1006)
2026-01-10 09:21:09,861 | INFO    | [RECORDER] Filtered: coords (322,234) outside target rect (1326, 11, 1906, 1006)
2026-01-10 09:21:09,862 | INFO    | [RECORDER] Filtered: coords (320,233) outside target rect (1326, 11, 1906, 1006)
2026-01-10 09:21:09,863 | INFO    | [RECORDER] Filtered: coords (318,233) outside target rect (1326, 11, 1906, 1006)
2026-01-10 09:21:09,863 | INFO    | [RECORDER] Filtered: coords (315,232) outside target rect (1326, 11, 1906, 1006)
2026-01-10 09:21:09,865 | INFO    | [RECORDER] Filtered: coords (313,231) outside target rect (1326, 11, 1906, 1006)
2026-01-10 09:21:09,865 | INFO    | [RECORDER] Filtered: coords (311,230) outside target rect (1326, 11, 1906, 1006)
2026-01-10 09:21:09,876 | INFO    | [RECORDER] Filtered: coords (292,224) outside target rect (1326, 11, 1906, 1006)
2026-01-10 09:21:09,877 | INFO    | [RECORDER] Filtered: coords (289,223) outside target rect (1326, 11, 1906, 1006)
2026-01-10 09:21:09,879 | INFO    | [RECORDER] Filtered: coords (288,223) outside target rect (1326, 11, 1906, 1006)
2026-01-10 09:21:09,882 | INFO    | [RECORDER] Filtered: coords (283,222) outside target rect (1326, 11, 1906, 1006)
2026-01-10 09:21:09,891 | INFO    | [RECORDER] Filtered: coords (275,219) outside target rect (1326, 11, 1906, 1006)
2026-01-10 09:21:09,894 | INFO    | [RECORDER] Filtered: coords (273,218) outside target rect (1326, 11, 1906, 1006)
2026-01-10 09:21:09,898 | INFO    | [RECORDER] Filtered: coords (271,217) outside target rect (1326, 11, 1906, 1006)
2026-01-10 09:21:09,898 | INFO    | [RECORDER] Filtered: coords (271,217) outside target rect (1326, 11, 1906, 1006)
2026-01-10 09:21:09,899 | INFO    | [RECORDER] Filtered: coords (270,217) outside target rect (1326, 11, 1906, 1006)
2026-01-10 09:21:09,904 | INFO    | [RECORDER] Filtered: coords (270,216) outside target rect (1326, 11, 1906, 1006)
2026-01-10 09:21:09,911 | INFO    | [RECORDER] Filtered: coords (270,215) outside target rect (1326, 11, 1906, 1006)
2026-01-10 09:21:09,919 | INFO    | [RECORDER] Filtered: coords (270,215) outside target rect (1326, 11, 1906, 1006)
2026-01-10 09:21:09,924 | INFO    | [RECORDER] Filtered: coords (270,214) outside target rect (1326, 11, 1906, 1006)
2026-01-10 09:21:09,928 | INFO    | [RECORDER] Filtered: coords (270,213) outside target rect (1326, 11, 1906, 1006)
2026-01-10 09:21:09,931 | INFO    | [RECORDER] Filtered: coords (270,213) outside target rect (1326, 11, 1906, 1006)
2026-01-10 09:21:09,934 | INFO    | [RECORDER] Filtered: coords (270,212) outside target rect (1326, 11, 1906, 1006)
2026-01-10 09:21:09,938 | INFO    | [RECORDER] Filtered: coords (270,211) outside target rect (1326, 11, 1906, 1006)
2026-01-10 09:21:09,940 | INFO    | [RECORDER] Filtered: coords (270,211) outside target rect (1326, 11, 1906, 1006)
2026-01-10 09:21:09,941 | INFO    | [RECORDER] Filtered: coords (270,210) outside target rect (1326, 11, 1906, 1006)
2026-01-10 09:21:09,944 | INFO    | [RECORDER] Filtered: coords (270,210) outside target rect (1326, 11, 1906, 1006)
2026-01-10 09:21:09,947 | INFO    | [RECORDER] Filtered: coords (270,209) outside target rect (1326, 11, 1906, 1006)
2026-01-10 09:21:09,948 | INFO    | [RECORDER] Filtered: coords (270,209) outside target rect (1326, 11, 1906, 1006)
2026-01-10 09:21:09,951 | INFO    | [RECORDER] Filtered: coords (270,208) outside target rect (1326, 11, 1906, 1006)
2026-01-10 09:21:09,953 | INFO    | [RECORDER] Filtered: coords (270,208) outside target rect (1326, 11, 1906, 1006)
2026-01-10 09:21:09,955 | INFO    | [RECORDER] Filtered: coords (271,208) outside target rect (1326, 11, 1906, 1006)
2026-01-10 09:21:09,957 | INFO    | [RECORDER] Filtered: coords (271,207) outside target rect (1326, 11, 1906, 1006)
2026-01-10 09:21:09,962 | INFO    | [RECORDER] Filtered: coords (271,206) outside target rect (1326, 11, 1906, 1006)
2026-01-10 09:21:09,963 | INFO    | [RECORDER] Filtered: coords (271,206) outside target rect (1326, 11, 1906, 1006)
2026-01-10 09:21:09,968 | INFO    | [RECORDER] Filtered: coords (271,205) outside target rect (1326, 11, 1906, 1006)
2026-01-10 09:21:09,976 | INFO    | [RECORDER] Filtered: coords (271,205) outside target rect (1326, 11, 1906, 1006)
2026-01-10 09:21:09,985 | INFO    | [RECORDER] Filtered: coords (272,205) outside target rect (1326, 11, 1906, 1006)
2026-01-10 09:21:10,028 | INFO    | [RECORDER] Filtered: coords (272,205) outside target rect (1326, 11, 1906, 1006)
2026-01-10 09:21:10,032 | INFO    | [RECORDER] Filtered: coords (272,205) outside target rect (1326, 11, 1906, 1006)
2026-01-10 09:21:10,035 | INFO    | [RECORDER] Filtered: coords (271,205) outside target rect (1326, 11, 1906, 1006)
2026-01-10 09:21:10,036 | INFO    | [RECORDER] Filtered: coords (270,205) outside target rect (1326, 11, 1906, 1006)
2026-01-10 09:21:10,039 | INFO    | [RECORDER] Filtered: coords (270,205) outside target rect (1326, 11, 1906, 1006)
2026-01-10 09:21:10,042 | INFO    | [RECORDER] Filtered: coords (269,205) outside target rect (1326, 11, 1906, 1006)
2026-01-10 09:21:10,042 | INFO    | [RECORDER] Filtered: coords (268,205) outside target rect (1326, 11, 1906, 1006)
2026-01-10 09:21:10,044 | INFO    | [RECORDER] Filtered: coords (267,205) outside target rect (1326, 11, 1906, 1006)
2026-01-10 09:21:10,045 | INFO    | [RECORDER] Filtered: coords (267,205) outside target rect (1326, 11, 1906, 1006)
2026-01-10 09:21:10,046 | INFO    | [RECORDER] Filtered: coords (267,204) outside target rect (1326, 11, 1906, 1006)
2026-01-10 09:21:10,047 | INFO    | [RECORDER] Filtered: coords (265,204) outside target rect (1326, 11, 1906, 1006)
2026-01-10 09:21:10,049 | INFO    | [RECORDER] Filtered: coords (264,204) outside target rect (1326, 11, 1906, 1006)
2026-01-10 09:21:10,052 | INFO    | [RECORDER] Filtered: coords (263,203) outside target rect (1326, 11, 1906, 1006)
2026-01-10 09:21:10,054 | INFO    | [RECORDER] Filtered: coords (262,203) outside target rect (1326, 11, 1906, 1006)
2026-01-10 09:21:10,054 | INFO    | [RECORDER] Filtered: coords (262,203) outside target rect (1326, 11, 1906, 1006)
2026-01-10 09:21:10,055 | INFO    | [RECORDER] Filtered: coords (261,203) outside target rect (1326, 11, 1906, 1006)
2026-01-10 09:21:10,056 | INFO    | [RECORDER] Filtered: coords (260,203) outside target rect (1326, 11, 1906, 1006)
2026-01-10 09:21:10,057 | INFO    | [RECORDER] Filtered: coords (260,203) outside target rect (1326, 11, 1906, 1006)
2026-01-10 09:21:10,058 | INFO    | [RECORDER] Filtered: coords (259,203) outside target rect (1326, 11, 1906, 1006)
2026-01-10 09:21:10,059 | INFO    | [RECORDER] Filtered: coords (258,203) outside target rect (1326, 11, 1906, 1006)
2026-01-10 09:21:10,060 | INFO    | [RECORDER] Filtered: coords (257,203) outside target rect (1326, 11, 1906, 1006)
2026-01-10 09:21:10,061 | INFO    | [RECORDER] Filtered: coords (257,202) outside target rect (1326, 11, 1906, 1006)
2026-01-10 09:21:10,062 | INFO    | [RECORDER] Filtered: coords (256,202) outside target rect (1326, 11, 1906, 1006)
2026-01-10 09:21:10,063 | INFO    | [RECORDER] Filtered: coords (255,202) outside target rect (1326, 11, 1906, 1006)
2026-01-10 09:21:10,064 | INFO    | [RECORDER] Filtered: coords (255,202) outside target rect (1326, 11, 1906, 1006)
2026-01-10 09:21:10,065 | INFO    | [RECORDER] Filtered: coords (254,201) outside target rect (1326, 11, 1906, 1006)
2026-01-10 09:21:10,066 | INFO    | [RECORDER] Filtered: coords (253,201) outside target rect (1326, 11, 1906, 1006)
2026-01-10 09:21:10,068 | INFO    | [RECORDER] Filtered: coords (252,201) outside target rect (1326, 11, 1906, 1006)
2026-01-10 09:21:10,070 | INFO    | [RECORDER] Filtered: coords (251,200) outside target rect (1326, 11, 1906, 1006)
2026-01-10 09:21:10,071 | INFO    | [RECORDER] Filtered: coords (250,200) outside target rect (1326, 11, 1906, 1006)
2026-01-10 09:21:10,071 | INFO    | [RECORDER] Filtered: coords (250,200) outside target rect (1326, 11, 1906, 1006)
2026-01-10 09:21:10,073 | INFO    | [RECORDER] Filtered: coords (248,200) outside target rect (1326, 11, 1906, 1006)
2026-01-10 09:21:10,074 | INFO    | [RECORDER] Filtered: coords (247,200) outside target rect (1326, 11, 1906, 1006)
2026-01-10 09:21:10,075 | INFO    | [RECORDER] Filtered: coords (247,200) outside target rect (1326, 11, 1906, 1006)
2026-01-10 09:21:10,077 | INFO    | [RECORDER] Filtered: coords (246,199) outside target rect (1326, 11, 1906, 1006)
2026-01-10 09:21:10,078 | INFO    | [RECORDER] Filtered: coords (245,199) outside target rect (1326, 11, 1906, 1006)
2026-01-10 09:21:10,079 | INFO    | [RECORDER] Filtered: coords (245,199) outside target rect (1326, 11, 1906, 1006)
2026-01-10 09:21:10,080 | INFO    | [RECORDER] Filtered: coords (244,199) outside target rect (1326, 11, 1906, 1006)
2026-01-10 09:21:10,082 | INFO    | [RECORDER] Filtered: coords (243,199) outside target rect (1326, 11, 1906, 1006)
2026-01-10 09:21:10,084 | INFO    | [RECORDER] Filtered: coords (242,198) outside target rect (1326, 11, 1906, 1006)
2026-01-10 09:21:10,087 | INFO    | [RECORDER] Filtered: coords (241,198) outside target rect (1326, 11, 1906, 1006)
2026-01-10 09:21:10,089 | INFO    | [RECORDER] Filtered: coords (240,198) outside target rect (1326, 11, 1906, 1006)
2026-01-10 09:21:10,090 | INFO    | [RECORDER] Filtered: coords (240,198) outside target rect (1326, 11, 1906, 1006)
2026-01-10 09:21:10,091 | INFO    | [RECORDER] Filtered: coords (239,198) outside target rect (1326, 11, 1906, 1006)
2026-01-10 09:21:10,092 | INFO    | [RECORDER] Filtered: coords (238,198) outside target rect (1326, 11, 1906, 1006)
2026-01-10 09:21:10,094 | INFO    | [RECORDER] Filtered: coords (237,198) outside target rect (1326, 11, 1906, 1006)
2026-01-10 09:21:10,097 | INFO    | [RECORDER] Filtered: coords (237,197) outside target rect (1326, 11, 1906, 1006)
2026-01-10 09:21:10,099 | INFO    | [RECORDER] Filtered: coords (236,197) outside target rect (1326, 11, 1906, 1006)
2026-01-10 09:21:10,103 | INFO    | [RECORDER] Filtered: coords (235,197) outside target rect (1326, 11, 1906, 1006)
2026-01-10 09:21:10,106 | INFO    | [RECORDER] Filtered: coords (235,197) outside target rect (1326, 11, 1906, 1006)
2026-01-10 09:21:10,110 | INFO    | [RECORDER] Filtered: coords (235,196) outside target rect (1326, 11, 1906, 1006)
2026-01-10 09:21:12,589 | INFO    | [RECORDER] Mouse down at (235, 196) button=Button.left
2026-01-10 09:21:12,591 | INFO    | [RECORDER] Filtered: coords (235,196) outside target rect (1326, 11, 1906, 1006)
2026-01-10 09:21:12,593 | INFO    | [RECORDER] Click filtered
2026-01-10 09:21:12,675 | INFO    | [RECORDER] Mouse up at (235, 196) button=Button.left
2026-01-10 09:21:12,677 | INFO    | [RECORDER] Filtered: coords (235,196) outside target rect (1326, 11, 1906, 1006)
2026-01-10 09:21:12,677 | INFO    | [RECORDER] Click filtered
2026-01-10 09:21:12,681 | INFO    | [RECORDER] Stopped. 480 events captured
2026-01-10 09:21:12,682 | INFO    | [UI] Added 14 recorded actions
2026-01-10 09:21:12,686 | INFO    | [UI] Recording stopped
2026-01-10 09:21:14,494 | INFO    | [UI] Playback loop: 14 actions, target_hwnd=657034
2026-01-10 09:21:14,494 | INFO    | [UI] Executing action 0: WAIT = {'ms': 106}
2026-01-10 09:21:14,498 | INFO    | [UI] Playback started
2026-01-10 09:21:14,602 | INFO    | [UI] Executing action 1: WAIT = {'ms': 246}
2026-01-10 09:21:14,850 | INFO    | [UI] Executing action 2: WAIT = {'ms': 120}
2026-01-10 09:21:14,971 | INFO    | [UI] Executing action 3: CLICK = {'button': 'left', 'x': 261, 'y': 336, 'screen_coords': False}
2026-01-10 09:21:15,022 | INFO    | [UI] Executing action 4: WAIT = {'ms': 94}
2026-01-10 09:21:15,121 | INFO    | [UI] Executing action 5: WAIT = {'ms': 693}
2026-01-10 09:21:15,817 | INFO    | [UI] Executing action 6: WAIT = {'ms': 65}
2026-01-10 09:21:15,885 | INFO    | [UI] Executing action 7: WAIT = {'ms': 100}
2026-01-10 09:21:15,985 | INFO    | [UI] Executing action 8: WAIT = {'ms': 581}
2026-01-10 09:21:16,568 | INFO    | [UI] Executing action 9: WAIT = {'ms': 718}
2026-01-10 09:21:17,288 | INFO    | [UI] Executing action 10: WAIT = {'ms': 64}
2026-01-10 09:21:17,353 | INFO    | [UI] Executing action 11: WAIT = {'ms': 110}
2026-01-10 09:21:17,464 | INFO    | [UI] Executing action 12: WAIT = {'ms': 149}
2026-01-10 09:21:17,614 | INFO    | [UI] Executing action 13: WAIT = {'ms': 1321}
2026-01-10 09:21:18,937 | INFO    | [UI] Playback complete
2026-01-10 09:21:18,938 | INFO    | [UI] Playback complete
