2026-01-09 08:21:06,680 | INFO    | [ADB] Found ADB at: adb
2026-01-09 08:21:06,687 | INFO    | [ADB] Found ADB at: adb
2026-01-09 08:21:06,688 | INFO    | [ADB] emulator-5554: Resolution 540x960 (wm size)
2026-01-09 08:21:06,696 | INFO    | [ADB] Found ADB at: adb
2026-01-09 08:21:06,696 | INFO    | [ADB] emulator-5554: Resolution 720x1280 (wm size)
2026-01-09 08:21:06,710 | INFO    | [ADB] Found ADB at: adb
2026-01-09 08:21:06,710 | INFO    | [ADB] emulator-5554: Resolution 1080x1920 (wm size)
2026-01-09 08:21:06,725 | INFO    | [ADB] WARNING: ADB not found in PATH
2026-01-09 08:21:06,727 | INFO    | [ADB] emulator-5554: Resolution 1080x1920 (dumpsys fallback)
2026-01-09 08:21:06,736 | INFO    | [ADB] Found ADB at: adb
2026-01-09 08:21:06,742 | INFO    | [ADB] Connected to 127.0.0.1:21503
2026-01-09 08:21:06,754 | INFO    | [ADB] Found ADB at: adb
2026-01-09 08:21:06,754 | INFO    | [ADB] emulator-5554: Resolution 1080x1920 (wm size)
2026-01-09 08:21:06,754 | INFO    | [WORKER] 1: Auto-detected resolution 1080x1920 from ADB device emulator-5554
2026-01-09 08:21:06,756 | INFO    | [WORKER] 1: Scale factors = 0.500x, 0.500y
2026-01-09 08:21:06,779 | INFO    | [ADB] emulator-5554: Resolution 1080x1920 (wm size)
2026-01-09 08:21:06,779 | INFO    | [WORKER] 1: Auto-detected resolution 1080x1920 from ADB device emulator-5554
2026-01-09 08:21:06,780 | INFO    | [WORKER] 1: Scale factors = 0.500x, 0.500y
2026-01-09 08:21:06,794 | INFO    | [ADB] emulator-5554: Resolution 1080x1920 (wm size)
2026-01-09 08:21:06,795 | INFO    | [WORKER] 1: Auto-detected resolution 1080x1920 from ADB device emulator-5554
2026-01-09 08:21:06,795 | INFO    | [WORKER] 1: Scale factors = 0.500x, 0.500y
2026-01-09 08:21:06,803 | INFO    | [ADB] emulator-5554: Resolution 1080x1920 (wm size)
2026-01-09 08:21:06,803 | INFO    | [WORKER] 1: Auto-detected resolution 1080x1920 from ADB device emulator-5554
2026-01-09 08:21:06,804 | INFO    | [WORKER] 1: Scale factors = 0.500x, 0.500y
2026-01-09 08:21:06,812 | INFO    | [ADB] emulator-5554: wm size failed: ADB not found
2026-01-09 08:21:06,813 | INFO    | [ADB] emulator-5554: dumpsys failed: ADB not found
2026-01-09 08:21:06,813 | INFO    | [WORKER] 1: Using fallback resolution 540x960 (client area)
2026-01-09 08:21:06,813 | INFO    | [WORKER] 1: Scale factors = 1.000x, 1.000y
2026-01-09 08:21:06,824 | INFO    | [ADB] emulator-5554: Resolution 540x960 (wm size)
2026-01-09 08:21:06,825 | INFO    | [WORKER] 1: Auto-detected resolution 540x960 from ADB device emulator-5554
2026-01-09 08:21:06,825 | INFO    | [WORKER] 1: Scale factors = 1.000x, 1.000y
2026-01-09 08:21:06,827 | INFO    | [ADB] emulator-5555: Resolution 1080x1920 (wm size)
2026-01-09 08:21:06,827 | INFO    | [WORKER] 2: Auto-detected resolution 1080x1920 from ADB device emulator-5555
2026-01-09 08:21:06,827 | INFO    | [WORKER] 2: Scale factors = 0.500x, 0.500y
2026-01-09 08:21:06,834 | INFO    | [ADB] WARNING: ADB not found in PATH
2026-01-09 08:21:06,834 | INFO    | [ADB] Failed to get devices: Command 'adb' timed out after 5 seconds
2026-01-09 08:21:06,846 | INFO    | [ADB] WARNING: ADB not found in PATH
2026-01-09 08:21:06,851 | INFO    | [ADB] WARNING: ADB not found in PATH
