2026-01-10 08:46:57,684 | INFO    | [ADB] Found ADB at: adb
2026-01-10 08:46:57,848 | INFO    | [ADB] Found ADB at: adb
2026-01-10 08:46:58,018 | INFO    | [ADB] emulator-5554: Resolution 540x960 (wm size)
2026-01-10 08:46:58,018 | INFO    | [WORKER] 1: Auto-detected resolution 540x960 from ADB device emulator-5554
2026-01-10 08:46:58,019 | INFO    | [WORKER] 1: Scale factors = 1.074x, 1.036y
2026-01-10 08:46:58,063 | INFO    | [CAPTURE] BetterCam not installed
2026-01-10 08:46:58,298 | INFO    | [CAPTURE] DXCam initialized successfully
2026-01-10 08:46:58,298 | INFO    | [CAPTURE] Active provider: DXCam
2026-01-10 08:46:58,298 | INFO    | [WORKER] 1: Providers initialized (Capture: DXCam)
2026-01-10 08:46:58,303 | INFO    | [WorkerMgr] Loaded 2 assignments
2026-01-10 08:46:59,294 | INFO    | [HOTKEY] Registered: ctrl+shift+r -> ctrl+shift+r
2026-01-10 08:46:59,294 | INFO    | [HOTKEY] Registered: ctrl+shift+p -> ctrl+shift+p
2026-01-10 08:46:59,294 | INFO    | [HOTKEY] Registered: ctrl+shift+space -> ctrl+shift+space
2026-01-10 08:46:59,294 | INFO    | [HOTKEY] Registered: ctrl+shift+s -> ctrl+shift+s
2026-01-10 08:46:59,341 | INFO    | [HOTKEY] GlobalHotkeyManager started
2026-01-10 08:46:59,341 | INFO    | [UI] Global hotkeys registered
2026-01-10 08:47:02,344 | INFO    | [UI] Set Worker dialog: detected 1 LDPlayer windows
2026-01-10 08:47:02,421 | INFO    | [UI] Refresh: detected 1 LDPlayer windows
2026-01-10 08:47:05,555 | INFO    | [UI] Refresh: detected 1 LDPlayer windows
2026-01-10 08:47:08,056 | INFO    | [UI] Refreshing workers...
2026-01-10 08:47:08,160 | INFO    | [ADB] Found ADB at: adb
2026-01-10 08:47:08,483 | INFO    | [ADB] emulator-5554: Resolution 540x960 (wm size)
2026-01-10 08:47:08,484 | INFO    | [WORKER] 1: Auto-detected resolution 540x960 from ADB device emulator-5554
2026-01-10 08:47:08,484 | INFO    | [WORKER] 1: Scale factors = 1.074x, 1.036y
2026-01-10 08:47:08,485 | INFO    | [WORKER] 1: Providers initialized (Capture: DXCam)
2026-01-10 08:47:08,486 | INFO    | [UI] Refreshed: 1 worker(s) detected
2026-01-10 08:47:11,627 | INFO    | [RECORDER] Configured: target=657034, ignore_ui=263750
2026-01-10 08:47:11,639 | INFO    | [RECORDER] PynputRecorderHook started
2026-01-10 08:47:11,640 | INFO    | [UI] Recording started (V2 adapter), target hwnd: 657034
2026-01-10 08:47:18,139 | INFO    | [RECORDER] Stopped. 4 events captured
2026-01-10 08:47:18,143 | INFO    | [UI] Created recorded block with 5 actions
2026-01-10 08:47:18,146 | INFO    | [UI] Recording stopped
2026-01-10 08:47:30,703 | INFO    | [UI] Playback started
2026-01-10 08:47:30,935 | INFO    | [UI] Playback complete
2026-01-10 08:47:36,080 | INFO    | [UI] Capture target set: Screen (Full) (hwnd=None)
2026-01-10 08:47:37,076 | INFO    | [UI] Playback started
2026-01-10 08:47:37,313 | INFO    | [UI] Playback complete
2026-01-10 08:54:17,029 | INFO    | [UI] Refreshing workers...
2026-01-10 08:54:17,134 | INFO    | [ADB] Found ADB at: adb
2026-01-10 08:54:17,387 | INFO    | [ADB] emulator-5554: Resolution 540x960 (wm size)
2026-01-10 08:54:17,388 | INFO    | [WORKER] 1: Auto-detected resolution 540x960 from ADB device emulator-5554
2026-01-10 08:54:17,388 | INFO    | [WORKER] 1: Scale factors = 1.074x, 1.036y
2026-01-10 08:54:17,388 | INFO    | [WORKER] 1: Providers initialized (Capture: DXCam)
2026-01-10 08:54:17,390 | INFO    | [UI] Refreshed: 1 worker(s) detected
