2026-01-09 16:43:20,996 | INFO    | [ADB] Found ADB at: adb
2026-01-09 16:43:21,245 | INFO    | [ADB] Found ADB at: adb
2026-01-09 16:43:21,532 | INFO    | [ADB] emulator-5554: Resolution 540x960 (wm size)
2026-01-09 16:43:21,532 | INFO    | [WORKER] 1: Auto-detected resolution 540x960 from ADB device emulator-5554
2026-01-09 16:43:21,533 | INFO    | [WORKER] 1: Scale factors = 1.000x, 1.000y
2026-01-09 16:43:21,635 | INFO    | [CAPTURE] BetterCam not installed
2026-01-09 16:43:21,984 | INFO    | [CAPTURE] DXCam initialized successfully
2026-01-09 16:43:21,984 | INFO    | [CAPTURE] Active provider: DXCam
2026-01-09 16:43:21,984 | INFO    | [WORKER] 1: Providers initialized (Capture: DXCam)
2026-01-09 16:43:21,987 | INFO    | [WorkerMgr] Loaded 1 assignments
2026-01-09 16:43:23,720 | INFO    | [HOTKEY] Registered: ctrl+shift+r -> ctrl+shift+r
2026-01-09 16:43:23,721 | INFO    | [HOTKEY] Registered: ctrl+shift+p -> ctrl+shift+p
2026-01-09 16:43:23,722 | INFO    | [HOTKEY] Registered: ctrl+shift+space -> ctrl+shift+space
2026-01-09 16:43:23,722 | INFO    | [HOTKEY] Registered: ctrl+shift+s -> ctrl+shift+s
2026-01-09 16:43:23,801 | INFO    | [HOTKEY] GlobalHotkeyManager started
2026-01-09 16:43:23,801 | INFO    | [UI] Global hotkeys registered
2026-01-09 16:43:27,314 | INFO    | [ADB] Found ADB at: adb
2026-01-09 16:43:27,585 | INFO    | [ADB] emulator-5554: Resolution 540x960 (wm size)
2026-01-09 16:43:30,861 | INFO    | [ADB] Found ADB at: adb
2026-01-09 16:43:31,103 | INFO    | [ADB] emulator-5554: Resolution 540x960 (wm size)
2026-01-09 16:43:35,783 | INFO    | [UI] Set Worker dialog: detected 0 LDPlayer windows
2026-01-09 16:43:35,908 | INFO    | [UI] Refresh: detected 0 LDPlayer windows
2026-01-09 16:43:45,282 | INFO    | [UI] Set Worker dialog: detected 1 LDPlayer windows
2026-01-09 16:43:45,289 | INFO    | [UI] Refresh: detected 1 LDPlayer windows
2026-01-09 16:43:50,034 | INFO    | [UI] Refresh: detected 1 LDPlayer windows
2026-01-09 16:44:03,671 | INFO    | [UI] Set Worker dialog: detected 1 LDPlayer windows
2026-01-09 16:44:03,677 | INFO    | [UI] Refresh: detected 1 LDPlayer windows
2026-01-09 16:44:08,485 | INFO    | [UI] Refresh: detected 1 LDPlayer windows
2026-01-09 16:44:12,993 | INFO    | [ADB] Found ADB at: adb
2026-01-09 16:44:13,369 | INFO    | [ADB] emulator-5554: Resolution 540x960 (wm size)
