2026-01-17 19:12:09,672 | INFO    | [WorkerMgr] Loaded 0 assignments
2026-01-17 19:12:10,704 | INFO    | [HOTKEY] Registered: ctrl+shift+r -> ctrl+shift+r
2026-01-17 19:12:10,704 | INFO    | [HOTKEY] Registered: ctrl+shift+p -> ctrl+shift+p
2026-01-17 19:12:10,704 | INFO    | [HOTKEY] Registered: ctrl+shift+space -> ctrl+shift+space
2026-01-17 19:12:10,704 | INFO    | [HOTKEY] Registered: ctrl+shift+s -> ctrl+shift+s
2026-01-17 19:12:10,752 | INFO    | [HOTKEY] GlobalHotkeyManager started
2026-01-17 19:12:10,752 | INFO    | [UI] Global hotkeys registered
2026-01-17 19:12:10,775 | INFO    | [UI] Loaded worker actions for 1 workers
2026-01-17 19:12:10,940 | INFO    | [UI] Global hotkeys registered: {'record': 'F9', 'play': 'F10', 'pause': 'F11', 'stop': 'F12'}
2026-01-17 19:16:09,521 | INFO    | [UI] Captured: screen(834,488), hold=0ms
2026-01-17 19:16:26,100 | INFO    | [UI] Added action: CLICK
2026-01-17 19:16:28,275 | INFO    | [UI] Playback started (Screen mode - no workers)
2026-01-17 19:16:28,469 | INFO    | [UI] Playback loop: 1 actions, target_hwnd=None, adb_serial=None
2026-01-17 19:16:28,516 | INFO    | [UI] Executing action 0: CLICK = {'button': 'left', 'x': 834, 'y': 488, 'hold_ms': 500, 'use_current_pos': False, 'schedule_enabled': True, 'schedule_time': '19:16:58'}
2026-01-17 19:16:28,519 | INFO    | [CLICK] Scheduled for 19:16:58, waiting...
2026-01-17 19:16:58,062 | INFO    | [CLICK] Scheduled time reached: 19:16:58, executing click
2026-01-17 19:16:58,064 | INFO    | [CLICK] No target_mode saved, defaulting to 'screen' (full screen mode)
2026-01-17 19:16:58,069 | INFO    | [CLICK] ADB Tap requires Emulator mode, fallback to SetCursorPos
2026-01-17 19:16:58,071 | INFO    | [CLICK] SetCursorPos: using screen coords (834,488)
2026-01-17 19:16:58,624 | INFO    | [CLICK] left executed with SetCursorPos at screen(834,488) [target=screen]
2026-01-17 19:16:58,653 | INFO    | [UI] Playback complete
2026-01-17 19:16:58,741 | INFO    | [UI] Playback complete
