2026-01-10 11:38:00,031 | INFO    | [ADB] Found ADB at: adb
2026-01-10 11:38:00,280 | INFO    | [ADB] Found ADB at: adb
2026-01-10 11:38:01,322 | INFO    | [ADB] emulator-5554: Resolution 540x960 (wm size)
2026-01-10 11:38:01,327 | INFO    | [WORKER] 1: Auto-detected resolution 540x960 from ADB device emulator-5554
2026-01-10 11:38:01,334 | INFO    | [WORKER] 1: Scale factors = 1.000x, 1.000y
2026-01-10 11:38:01,442 | INFO    | [CAPTURE] BetterCam not installed
2026-01-10 11:38:01,940 | INFO    | [CAPTURE] DXCam initialized successfully
2026-01-10 11:38:01,955 | INFO    | [CAPTURE] Active provider: DXCam
2026-01-10 11:38:02,041 | INFO    | [WORKER] 1: Providers initialized (Capture: DXCam)
2026-01-10 11:38:02,084 | INFO    | [WorkerMgr] Loaded 2 assignments
2026-01-10 11:38:04,024 | INFO    | [HOTKEY] Registered: ctrl+shift+r -> ctrl+shift+r
2026-01-10 11:38:04,025 | INFO    | [HOTKEY] Registered: ctrl+shift+p -> ctrl+shift+p
2026-01-10 11:38:04,026 | INFO    | [HOTKEY] Registered: ctrl+shift+space -> ctrl+shift+space
2026-01-10 11:38:04,026 | INFO    | [HOTKEY] Registered: ctrl+shift+s -> ctrl+shift+s
2026-01-10 11:38:04,102 | INFO    | [HOTKEY] GlobalHotkeyManager started
2026-01-10 11:38:04,102 | INFO    | [UI] Global hotkeys registered
2026-01-10 11:38:04,323 | INFO    | [UI] Global hotkeys registered: {'record': 'F9', 'play': 'F10', 'pause': 'F11', 'stop': 'F12'}
2026-01-10 11:38:13,393 | INFO    | [RECORDER] Configured: target=None, ignore_ui={3671630}
2026-01-10 11:38:13,451 | INFO    | [RECORDER] PynputRecorderHook started
2026-01-10 11:38:13,458 | INFO    | [UI] Recording started (V2 adapter), Full Screen
2026-01-10 11:38:13,590 | INFO    | [RECORDER] Added ignore hwnd: 1050212
2026-01-10 11:38:14,913 | INFO    | [RECORDER] Mouse down at (527, 268) button=Button.left
2026-01-10 11:38:15,697 | INFO    | [RECORDER] Mouse up at (1039, 554) button=Button.left
2026-01-10 11:38:16,573 | INFO    | [RECORDER] Mouse down at (328, 811) button=Button.left
2026-01-10 11:38:16,591 | INFO    | [RECORDER] Stopped. 1218 events captured
2026-01-10 11:38:16,668 | INFO    | [UI] Added 3 recorded actions
2026-01-10 11:38:16,692 | INFO    | [UI] Recording stopped
2026-01-10 11:38:18,862 | INFO    | [UI] Playback loop: 3 actions, target_hwnd=None
2026-01-10 11:38:18,862 | INFO    | [UI] Playback started (Screen mode - no workers)
2026-01-10 11:38:18,863 | INFO    | [UI] Executing action 0: DRAG = {'button': 'left', 'x1': 527, 'y1': 268, 'x2': 1039, 'y2': 554, 'duration_ms': 782, 'screen_coords': True}
2026-01-10 11:38:19,873 | INFO    | [UI] Executing action 1: WAIT = {'ms': 876}
2026-01-10 11:38:20,751 | INFO    | [UI] Executing action 2: CLICK = {'button': 'left', 'x': 328, 'y': 811, 'screen_coords': True}
2026-01-10 11:38:20,825 | INFO    | [UI] Playback complete
2026-01-10 11:38:20,890 | INFO    | [UI] Playback stopped
2026-01-10 11:38:20,905 | INFO    | [UI] Playback complete
2026-01-10 11:38:31,926 | INFO    | [RECORDER] Configured: target=None, ignore_ui={3671630}
2026-01-10 11:38:31,948 | INFO    | [RECORDER] PynputRecorderHook started
2026-01-10 11:38:31,948 | INFO    | [UI] Recording started (V2 adapter), Full Screen
2026-01-10 11:38:32,038 | INFO    | [RECORDER] Added ignore hwnd: 1836628
2026-01-10 11:38:34,257 | INFO    | [RECORDER] Mouse down at (636, 569) button=Button.left
2026-01-10 11:38:34,353 | INFO    | [RECORDER] Mouse up at (636, 569) button=Button.left
2026-01-10 11:38:36,617 | INFO    | [RECORDER] Mouse down at (352, 818) button=Button.left
2026-01-10 11:38:36,642 | INFO    | [RECORDER] Stopped. 1104 events captured
2026-01-10 11:38:36,717 | INFO    | [UI] Added 3 recorded actions
2026-01-10 11:38:36,740 | INFO    | [UI] Recording stopped
2026-01-10 11:38:40,520 | INFO    | [UI] Hotkey settings saved
2026-01-10 11:38:40,522 | INFO    | [UI] Global hotkeys registered: {'record': 'F9', 'play': 'F10', 'pause': 'F11', 'stop': 'F12'}
2026-01-10 11:38:51,521 | INFO    | [UI] Window picked: Unknown (hwnd=459530)
2026-01-10 11:39:01,584 | INFO    | [UI] Window picked: Tools LDPlayer - Action R (hwnd=2426908)
2026-01-10 11:39:21,800 | INFO    | [UI] Window picked: Tools LDPlayer - Action R (hwnd=2426908)
2026-01-10 11:39:27,793 | INFO    | [UI] Capture target set: Zalo1 (hwnd=657034)
2026-01-10 11:39:30,211 | INFO    | [UI] Capture target set: Screen (Full)
2026-01-10 11:39:41,922 | INFO    | [UI] Set Worker dialog: detected 1 LDPlayer windows
2026-01-10 11:39:42,012 | INFO    | [UI] Refresh: detected 1 LDPlayer windows
2026-01-10 11:39:47,089 | INFO    | [UI] Refresh: detected 1 LDPlayer windows
2026-01-10 11:39:50,643 | INFO    | [UI] Refresh: detected 1 LDPlayer windows
