2026-01-10 10:13:08,991 | INFO    | [ADB] Found ADB at: adb
2026-01-10 10:13:09,362 | INFO    | [ADB] Found ADB at: adb
2026-01-10 10:13:09,659 | INFO    | [ADB] emulator-5554: Resolution 540x960 (wm size)
2026-01-10 10:13:09,661 | INFO    | [WORKER] 1: Auto-detected resolution 540x960 from ADB device emulator-5554
2026-01-10 10:13:09,661 | INFO    | [WORKER] 1: Scale factors = 1.000x, 1.000y
2026-01-10 10:13:09,766 | INFO    | [CAPTURE] BetterCam not installed
2026-01-10 10:13:10,274 | INFO    | [CAPTURE] DXCam initialized successfully
2026-01-10 10:13:10,279 | INFO    | [CAPTURE] Active provider: DXCam
2026-01-10 10:13:10,280 | INFO    | [WORKER] 1: Providers initialized (Capture: DXCam)
2026-01-10 10:13:10,287 | INFO    | [WorkerMgr] Loaded 2 assignments
2026-01-10 10:13:11,560 | INFO    | [HOTKEY] Registered: ctrl+shift+r -> ctrl+shift+r
2026-01-10 10:13:11,561 | INFO    | [HOTKEY] Registered: ctrl+shift+p -> ctrl+shift+p
2026-01-10 10:13:11,562 | INFO    | [HOTKEY] Registered: ctrl+shift+space -> ctrl+shift+space
2026-01-10 10:13:11,562 | INFO    | [HOTKEY] Registered: ctrl+shift+s -> ctrl+shift+s
2026-01-10 10:13:11,625 | INFO    | [HOTKEY] GlobalHotkeyManager started
2026-01-10 10:13:11,626 | INFO    | [UI] Global hotkeys registered
2026-01-10 10:13:43,272 | INFO    | [RECORDER] Configured: target=None, ignore_ui=329104
2026-01-10 10:13:43,324 | INFO    | [RECORDER] PynputRecorderHook started
2026-01-10 10:13:43,327 | INFO    | [UI] Recording started (V2 adapter), Full Screen
2026-01-10 10:13:43,745 | INFO    | [RECORDER] Scroll at (1199, 399) dx=0 dy=-1
2026-01-10 10:13:43,773 | INFO    | [RECORDER] Scroll at (1199, 399) dx=0 dy=-1
2026-01-10 10:13:43,801 | INFO    | [RECORDER] Scroll at (1199, 399) dx=0 dy=-1
2026-01-10 10:13:43,849 | INFO    | [RECORDER] Scroll at (1199, 399) dx=0 dy=-1
2026-01-10 10:13:43,878 | INFO    | [RECORDER] Scroll at (1199, 399) dx=0 dy=-1
2026-01-10 10:13:44,031 | INFO    | [RECORDER] Scroll at (1199, 399) dx=0 dy=1
2026-01-10 10:13:44,049 | INFO    | [RECORDER] Scroll at (1199, 399) dx=0 dy=1
2026-01-10 10:13:44,074 | INFO    | [RECORDER] Scroll at (1199, 399) dx=0 dy=1
2026-01-10 10:13:44,112 | INFO    | [RECORDER] Scroll at (1199, 399) dx=0 dy=1
2026-01-10 10:13:44,157 | INFO    | [RECORDER] Scroll at (1199, 399) dx=0 dy=1
2026-01-10 10:13:44,260 | INFO    | [RECORDER] Scroll at (1199, 399) dx=0 dy=1
2026-01-10 10:13:44,431 | INFO    | [RECORDER] Scroll at (1199, 399) dx=0 dy=-1
2026-01-10 10:13:44,455 | INFO    | [RECORDER] Scroll at (1199, 399) dx=0 dy=-1
2026-01-10 10:13:44,484 | INFO    | [RECORDER] Scroll at (1199, 399) dx=0 dy=-1
2026-01-10 10:13:44,518 | INFO    | [RECORDER] Scroll at (1199, 399) dx=0 dy=-1
2026-01-10 10:13:44,565 | INFO    | [RECORDER] Scroll at (1199, 399) dx=0 dy=-1
2026-01-10 10:13:44,667 | INFO    | [RECORDER] Scroll at (1199, 399) dx=0 dy=1
2026-01-10 10:13:44,687 | INFO    | [RECORDER] Scroll at (1199, 399) dx=0 dy=1
2026-01-10 10:13:44,708 | INFO    | [RECORDER] Scroll at (1199, 399) dx=0 dy=1
2026-01-10 10:13:44,760 | INFO    | [RECORDER] Scroll at (1199, 399) dx=0 dy=1
2026-01-10 10:13:44,813 | INFO    | [RECORDER] Scroll at (1199, 399) dx=0 dy=1
2026-01-10 10:13:44,912 | INFO    | [RECORDER] Scroll at (1198, 399) dx=0 dy=1
2026-01-10 10:13:44,991 | INFO    | [RECORDER] Scroll at (1198, 399) dx=0 dy=1
2026-01-10 10:13:45,257 | INFO    | [RECORDER] Mouse down at (1185, 418) button=Button.right
2026-01-10 10:13:45,329 | INFO    | [RECORDER] Mouse up at (1185, 418) button=Button.right
2026-01-10 10:13:45,709 | INFO    | [RECORDER] Mouse down at (975, 409) button=Button.left
2026-01-10 10:13:45,805 | INFO    | [RECORDER] Mouse up at (975, 409) button=Button.left
2026-01-10 10:13:46,072 | INFO    | [RECORDER] Scroll at (979, 408) dx=0 dy=-1
2026-01-10 10:13:46,097 | INFO    | [RECORDER] Scroll at (979, 408) dx=0 dy=-1
2026-01-10 10:13:46,127 | INFO    | [RECORDER] Scroll at (979, 408) dx=0 dy=-1
2026-01-10 10:13:46,165 | INFO    | [RECORDER] Scroll at (979, 408) dx=0 dy=-1
2026-01-10 10:13:46,216 | INFO    | [RECORDER] Scroll at (979, 408) dx=0 dy=-1
2026-01-10 10:13:46,345 | INFO    | [RECORDER] Scroll at (979, 408) dx=0 dy=1
2026-01-10 10:13:46,369 | INFO    | [RECORDER] Scroll at (979, 408) dx=0 dy=1
2026-01-10 10:13:46,391 | INFO    | [RECORDER] Scroll at (979, 408) dx=0 dy=1
2026-01-10 10:13:46,430 | INFO    | [RECORDER] Scroll at (979, 408) dx=0 dy=1
2026-01-10 10:13:46,469 | INFO    | [RECORDER] Scroll at (979, 408) dx=0 dy=1
2026-01-10 10:13:46,660 | INFO    | [RECORDER] Scroll at (979, 408) dx=0 dy=-1
2026-01-10 10:13:46,687 | INFO    | [RECORDER] Scroll at (979, 408) dx=0 dy=-1
2026-01-10 10:13:48,331 | INFO    | [RECORDER] Key down: escape (vk=None)
2026-01-10 10:13:50,877 | INFO    | [RECORDER] Mouse down at (1866, 75) button=Button.left
2026-01-10 10:13:50,953 | INFO    | [RECORDER] Mouse up at (1866, 75) button=Button.left
2026-01-10 10:13:50,957 | INFO    | [RECORDER] Stopped. 1061 events captured
2026-01-10 10:13:50,991 | INFO    | [UI] Added 64 recorded actions
2026-01-10 10:13:51,053 | INFO    | [UI] Recording stopped
2026-01-10 10:14:02,901 | INFO    | [UI] Moved 5 action(s) to position 8
2026-01-10 10:14:12,752 | INFO    | [UI] Grouped 64 actions into 'Group'
2026-01-10 10:14:26,588 | INFO    | [UI] Ungrouped 64 actions
2026-01-10 10:14:38,573 | INFO    | [UI] Grouped 64 actions into 'Group'
2026-01-10 10:14:58,901 | INFO    | [UI] Ungrouped 64 actions
