2026-01-09 16:36:57,032 | INFO    | [ADB] Found ADB at: adb
2026-01-09 16:36:57,217 | INFO    | [ADB] Found ADB at: adb
2026-01-09 16:36:58,709 | INFO    | [ADB] emulator-5554: Resolution 540x960 (wm size)
2026-01-09 16:36:58,709 | INFO    | [WORKER] 1: Auto-detected resolution 540x960 from ADB device emulator-5554
2026-01-09 16:36:58,709 | INFO    | [WORKER] 1: Scale factors = 1.000x, 1.000y
2026-01-09 16:36:58,761 | INFO    | [CAPTURE] BetterCam not installed
2026-01-09 16:36:59,108 | INFO    | [CAPTURE] DXCam initialized successfully
2026-01-09 16:36:59,108 | INFO    | [CAPTURE] Active provider: DXCam
2026-01-09 16:36:59,109 | INFO    | [WORKER] 1: Providers initialized (Capture: DXCam)
2026-01-09 16:36:59,111 | INFO    | [WorkerMgr] Loaded 1 assignments
2026-01-09 16:37:00,459 | INFO    | [HOTKEY] Registered: ctrl+shift+r -> ctrl+shift+r
2026-01-09 16:37:00,459 | INFO    | [HOTKEY] Registered: ctrl+shift+p -> ctrl+shift+p
2026-01-09 16:37:00,459 | INFO    | [HOTKEY] Registered: ctrl+shift+space -> ctrl+shift+space
2026-01-09 16:37:00,461 | INFO    | [HOTKEY] Registered: ctrl+shift+s -> ctrl+shift+s
2026-01-09 16:37:00,541 | INFO    | [HOTKEY] GlobalHotkeyManager started
2026-01-09 16:37:00,541 | INFO    | [UI] Global hotkeys registered
2026-01-09 16:37:09,494 | INFO    | [ADB] Found ADB at: adb
2026-01-09 16:37:09,793 | INFO    | [ADB] emulator-5554: Resolution 540x960 (wm size)
2026-01-09 16:38:51,863 | INFO    | [RECORDER] Configured: target=460234, ignore_ui=590500
2026-01-09 16:38:51,892 | INFO    | [RECORDER] PynputRecorderHook started
2026-01-09 16:38:51,893 | INFO    | [UI] Recording started (V2 adapter), target hwnd: 460234
2026-01-09 16:39:04,256 | INFO    | [RECORDER] Stopped. 3 events captured
2026-01-09 16:39:10,828 | INFO    | [UI] Recording stopped
