2026-01-09 14:56:31,509 | INFO    | [ADB] Found ADB at: adb
2026-01-09 14:56:31,720 | INFO    | [ADB] Found ADB at: adb
2026-01-09 14:56:32,371 | INFO    | [ADB] emulator-5554: Resolution 540x960 (wm size)
2026-01-09 14:56:32,371 | INFO    | [WORKER] 1: Auto-detected resolution 540x960 from ADB device emulator-5554
2026-01-09 14:56:32,371 | INFO    | [WORKER] 1: Scale factors = 1.074x, 1.036y
2026-01-09 14:56:32,443 | INFO    | [CAPTURE] BetterCam not installed
2026-01-09 14:56:32,775 | INFO    | [CAPTURE] DXCam initialized successfully
2026-01-09 14:56:32,775 | INFO    | [CAPTURE] Active provider: DXCam
2026-01-09 14:56:32,775 | INFO    | [WORKER] 1: Providers initialized (Capture: DXCam)
2026-01-09 14:56:32,777 | INFO    | [WorkerMgr] Loaded 1 assignments
2026-01-09 14:56:38,545 | INFO    | [UI] Opened Macro Recorder window
2026-01-09 14:56:44,754 | INFO    | [RECORDER] ERROR: pynput not installed. Install with: pip install pynput
2026-01-09 15:02:20,917 | INFO    | [UI] Captured position: screen(541, 554) → client(-148, 541)
2026-01-09 15:02:26,948 | INFO    | [UI] Added command: sdad
2026-01-09 15:02:29,028 | INFO    | [UI] Added command: sdad
2026-01-09 15:04:14,623 | INFO    | [UI] Closed Macro Recorder window
2026-01-09 15:04:27,895 | INFO    | [UI] Opened Macro Recorder window
2026-01-09 15:04:36,322 | INFO    | [UI] Closed Macro Recorder window
2026-01-09 15:04:59,942 | INFO    | [UI] Opened Macro Recorder window
2026-01-09 15:16:47,369 | INFO    | [UI] Closed Macro Recorder window
