2026-01-10 10:56:21,341 | INFO    | [ADB] Found ADB at: adb
2026-01-10 10:56:21,517 | INFO    | [ADB] Found ADB at: adb
2026-01-10 10:56:21,760 | INFO    | [ADB] emulator-5554: Resolution 540x960 (wm size)
2026-01-10 10:56:21,761 | INFO    | [WORKER] 1: Auto-detected resolution 540x960 from ADB device emulator-5554
2026-01-10 10:56:21,761 | INFO    | [WORKER] 1: Scale factors = 1.000x, 1.000y
2026-01-10 10:56:21,805 | INFO    | [CAPTURE] BetterCam not installed
2026-01-10 10:56:22,048 | INFO    | [CAPTURE] DXCam initialized successfully
2026-01-10 10:56:22,048 | INFO    | [CAPTURE] Active provider: DXCam
2026-01-10 10:56:22,048 | INFO    | [WORKER] 1: Providers initialized (Capture: DXCam)
2026-01-10 10:56:22,051 | INFO    | [WorkerMgr] Loaded 2 assignments
2026-01-10 10:56:23,089 | INFO    | [HOTKEY] Registered: ctrl+shift+r -> ctrl+shift+r
2026-01-10 10:56:23,090 | INFO    | [HOTKEY] Registered: ctrl+shift+p -> ctrl+shift+p
2026-01-10 10:56:23,091 | INFO    | [HOTKEY] Registered: ctrl+shift+space -> ctrl+shift+space
2026-01-10 10:56:23,091 | INFO    | [HOTKEY] Registered: ctrl+shift+s -> ctrl+shift+s
2026-01-10 10:56:23,169 | INFO    | [HOTKEY] GlobalHotkeyManager started
2026-01-10 10:56:23,172 | INFO    | [UI] Global hotkeys registered
2026-01-10 10:56:33,554 | INFO    | [RECORDER] Configured: target=None, ignore_ui={3672088}
2026-01-10 10:56:33,594 | INFO    | [RECORDER] PynputRecorderHook started
2026-01-10 10:56:33,602 | INFO    | [UI] Recording started (V2 adapter), Full Screen
2026-01-10 10:56:33,712 | INFO    | [RECORDER] Added ignore hwnd: 4785604
2026-01-10 10:56:34,753 | INFO    | [RECORDER] Mouse down at (514, 253) button=Button.left
2026-01-10 10:56:35,170 | INFO    | [RECORDER] Mouse up at (1017, 430) button=Button.left
2026-01-10 10:56:35,889 | INFO    | [RECORDER] Mouse down at (492, 241) button=Button.left
2026-01-10 10:56:36,281 | INFO    | [RECORDER] Mouse up at (918, 436) button=Button.left
2026-01-10 10:56:37,015 | INFO    | [RECORDER] Mouse down at (335, 817) button=Button.left
2026-01-10 10:56:37,039 | INFO    | [RECORDER] Stopped. 1733 events captured
2026-01-10 10:56:37,109 | INFO    | [UI] Added 14 recorded actions
2026-01-10 10:56:37,154 | INFO    | [UI] Recording stopped
2026-01-10 10:56:39,146 | INFO    | [UI] Playback loop: 14 actions, target_hwnd=None
2026-01-10 10:56:39,148 | INFO    | [UI] Executing action 0: WAIT = {'ms': 61}
2026-01-10 10:56:39,150 | INFO    | [UI] Playback started
2026-01-10 10:56:39,210 | INFO    | [UI] Executing action 1: WAIT = {'ms': 246}
2026-01-10 10:56:39,457 | INFO    | [UI] Executing action 2: WAIT = {'ms': 84}
2026-01-10 10:56:39,542 | INFO    | [UI] Executing action 3: CLICK = {'button': 'left', 'x': 514, 'y': 253, 'screen_coords': True}
2026-01-10 10:56:39,602 | INFO    | [UI] Executing action 4: WAIT = {'ms': 113}
2026-01-10 10:56:39,717 | INFO    | [UI] Executing action 5: WAIT = {'ms': 100}
2026-01-10 10:56:39,818 | INFO    | [UI] Executing action 6: WAIT = {'ms': 60}
2026-01-10 10:56:39,879 | INFO    | [UI] Executing action 7: WAIT = {'ms': 71}
2026-01-10 10:56:39,951 | INFO    | [UI] Executing action 8: CLICK = {'button': 'left', 'x': 492, 'y': 241, 'screen_coords': True}
2026-01-10 10:56:39,993 | INFO    | [UI] Executing action 9: WAIT = {'ms': 59}
2026-01-10 10:56:40,054 | INFO    | [UI] Executing action 10: WAIT = {'ms': 113}
2026-01-10 10:56:40,168 | INFO    | [UI] Executing action 11: WAIT = {'ms': 53}
2026-01-10 10:56:40,223 | INFO    | [UI] Executing action 12: WAIT = {'ms': 61}
2026-01-10 10:56:40,285 | INFO    | [UI] Executing action 13: CLICK = {'button': 'left', 'x': 335, 'y': 817, 'screen_coords': True}
2026-01-10 10:56:40,341 | INFO    | [UI] Playback complete
2026-01-10 10:56:40,344 | INFO    | [UI] Playback complete
2026-01-10 10:56:48,367 | INFO    | [UI] Playback loop: 14 actions, target_hwnd=None
2026-01-10 10:56:48,367 | INFO    | [UI] Executing action 0: WAIT = {'ms': 61}
2026-01-10 10:56:48,368 | INFO    | [UI] Playback started
2026-01-10 10:56:48,430 | INFO    | [UI] Executing action 1: WAIT = {'ms': 246}
2026-01-10 10:56:48,677 | INFO    | [UI] Executing action 2: WAIT = {'ms': 84}
2026-01-10 10:56:48,763 | INFO    | [UI] Executing action 3: CLICK = {'button': 'left', 'x': 514, 'y': 253, 'screen_coords': True}
2026-01-10 10:56:48,823 | INFO    | [UI] Executing action 4: WAIT = {'ms': 113}
2026-01-10 10:56:48,939 | INFO    | [UI] Executing action 5: WAIT = {'ms': 100}
2026-01-10 10:56:49,041 | INFO    | [UI] Executing action 6: WAIT = {'ms': 60}
2026-01-10 10:56:49,102 | INFO    | [UI] Executing action 7: WAIT = {'ms': 71}
2026-01-10 10:56:49,175 | INFO    | [UI] Executing action 8: CLICK = {'button': 'left', 'x': 492, 'y': 241, 'screen_coords': True}
2026-01-10 10:56:49,218 | INFO    | [UI] Executing action 9: WAIT = {'ms': 59}
2026-01-10 10:56:49,278 | INFO    | [UI] Executing action 10: WAIT = {'ms': 113}
2026-01-10 10:56:49,400 | INFO    | [UI] Executing action 11: WAIT = {'ms': 53}
2026-01-10 10:56:49,454 | INFO    | [UI] Executing action 12: WAIT = {'ms': 61}
2026-01-10 10:56:49,516 | INFO    | [UI] Executing action 13: CLICK = {'button': 'left', 'x': 335, 'y': 817, 'screen_coords': True}
2026-01-10 10:56:49,560 | INFO    | [UI] Playback complete
2026-01-10 10:56:49,563 | INFO    | [UI] Playback complete
2026-01-10 10:56:57,922 | INFO    | [UI] Deleted 14 action(s)
2026-01-10 10:57:05,509 | INFO    | [RECORDER] Configured: target=None, ignore_ui={3672088}
2026-01-10 10:57:05,534 | INFO    | [RECORDER] PynputRecorderHook started
2026-01-10 10:57:05,557 | INFO    | [UI] Recording started (V2 adapter), Full Screen
2026-01-10 10:57:05,606 | INFO    | [RECORDER] Added ignore hwnd: 2229006
2026-01-10 10:57:06,949 | INFO    | [RECORDER] Mouse down at (459, 219) button=Button.left
2026-01-10 10:57:07,421 | INFO    | [RECORDER] Mouse up at (824, 382) button=Button.left
2026-01-10 10:57:08,377 | INFO    | [RECORDER] Mouse down at (596, 478) button=Button.left
2026-01-10 10:57:08,453 | INFO    | [RECORDER] Mouse up at (596, 478) button=Button.left
2026-01-10 10:57:08,885 | INFO    | [RECORDER] Mouse down at (563, 282) button=Button.left
2026-01-10 10:57:09,229 | INFO    | [RECORDER] Mouse up at (892, 476) button=Button.left
2026-01-10 10:57:10,401 | INFO    | [RECORDER] Mouse down at (356, 807) button=Button.left
2026-01-10 10:57:10,422 | INFO    | [RECORDER] Stopped. 2546 events captured
2026-01-10 10:57:10,491 | INFO    | [UI] Added 12 recorded actions
2026-01-10 10:57:10,521 | INFO    | [UI] Recording stopped
