2026-01-10 10:33:52,068 | INFO    | [ADB] Found ADB at: adb
2026-01-10 10:33:52,269 | INFO    | [ADB] Found ADB at: adb
2026-01-10 10:33:52,403 | INFO    | [ADB] emulator-5554: Resolution 540x960 (wm size)
2026-01-10 10:33:52,404 | INFO    | [WORKER] 1: Auto-detected resolution 540x960 from ADB device emulator-5554
2026-01-10 10:33:52,404 | INFO    | [WORKER] 1: Scale factors = 1.000x, 1.000y
2026-01-10 10:33:52,477 | INFO    | [CAPTURE] BetterCam not installed
2026-01-10 10:33:52,720 | INFO    | [CAPTURE] DXCam initialized successfully
2026-01-10 10:33:52,720 | INFO    | [CAPTURE] Active provider: DXCam
2026-01-10 10:33:52,721 | INFO    | [WORKER] 1: Providers initialized (Capture: DXCam)
2026-01-10 10:33:52,726 | INFO    | [WorkerMgr] Loaded 2 assignments
2026-01-10 10:33:53,299 | INFO    | [HOTKEY] Registered: ctrl+shift+r -> ctrl+shift+r
2026-01-10 10:33:53,299 | INFO    | [HOTKEY] Registered: ctrl+shift+p -> ctrl+shift+p
2026-01-10 10:33:53,299 | INFO    | [HOTKEY] Registered: ctrl+shift+space -> ctrl+shift+space
2026-01-10 10:33:53,300 | INFO    | [HOTKEY] Registered: ctrl+shift+s -> ctrl+shift+s
2026-01-10 10:33:53,332 | INFO    | [HOTKEY] GlobalHotkeyManager started
2026-01-10 10:33:53,332 | INFO    | [UI] Global hotkeys registered
2026-01-10 10:33:56,721 | INFO    | [RECORDER] Configured: target=None, ignore_ui={2295394}
2026-01-10 10:33:56,752 | INFO    | [RECORDER] PynputRecorderHook started
2026-01-10 10:33:56,754 | INFO    | [UI] Recording started (V2 adapter), Full Screen
2026-01-10 10:33:56,862 | INFO    | [RECORDER] Added ignore hwnd: 1378346
2026-01-10 10:33:57,280 | INFO    | [RECORDER] Scroll at (756, 525) dx=0 dy=-1
2026-01-10 10:33:57,331 | INFO    | [RECORDER] Scroll at (756, 525) dx=0 dy=-1
2026-01-10 10:33:57,493 | INFO    | [RECORDER] Scroll at (756, 525) dx=0 dy=-1
2026-01-10 10:33:57,804 | INFO    | [RECORDER] Scroll at (756, 525) dx=0 dy=-1
2026-01-10 10:33:57,821 | INFO    | [RECORDER] Scroll at (756, 525) dx=0 dy=1
2026-01-10 10:33:57,896 | INFO    | [RECORDER] Scroll at (756, 525) dx=0 dy=1
2026-01-10 10:33:58,076 | INFO    | [RECORDER] Scroll at (756, 525) dx=0 dy=1
2026-01-10 10:33:58,805 | INFO    | [RECORDER] Scroll at (756, 525) dx=0 dy=-1
2026-01-10 10:33:58,887 | INFO    | [RECORDER] Scroll at (756, 527) dx=0 dy=-1
2026-01-10 10:33:59,247 | INFO    | [RECORDER] Scroll at (756, 527) dx=0 dy=-1
2026-01-10 10:34:00,829 | INFO    | [RECORDER] Mouse down at (363, 858) button=Button.left
2026-01-10 10:34:00,846 | INFO    | [RECORDER] Stopped. 550 events captured
2026-01-10 10:34:00,923 | INFO    | [UI] Added 23 recorded actions
2026-01-10 10:34:00,942 | INFO    | [UI] Recording stopped
