2026-01-10 10:23:43,487 | INFO    | [ADB] Found ADB at: adb
2026-01-10 10:23:43,735 | INFO    | [ADB] Found ADB at: adb
2026-01-10 10:23:43,987 | INFO    | [ADB] emulator-5554: Resolution 540x960 (wm size)
2026-01-10 10:23:43,987 | INFO    | [WORKER] 1: Auto-detected resolution 540x960 from ADB device emulator-5554
2026-01-10 10:23:43,987 | INFO    | [WORKER] 1: Scale factors = 1.000x, 1.000y
2026-01-10 10:23:44,036 | INFO    | [CAPTURE] BetterCam not installed
2026-01-10 10:23:44,268 | INFO    | [CAPTURE] DXCam initialized successfully
2026-01-10 10:23:44,268 | INFO    | [CAPTURE] Active provider: DXCam
2026-01-10 10:23:44,269 | INFO    | [WORKER] 1: Providers initialized (Capture: DXCam)
2026-01-10 10:23:44,271 | INFO    | [WorkerMgr] Loaded 2 assignments
2026-01-10 10:23:45,072 | INFO    | [HOTKEY] Registered: ctrl+shift+r -> ctrl+shift+r
2026-01-10 10:23:45,072 | INFO    | [HOTKEY] Registered: ctrl+shift+p -> ctrl+shift+p
2026-01-10 10:23:45,073 | INFO    | [HOTKEY] Registered: ctrl+shift+space -> ctrl+shift+space
2026-01-10 10:23:45,073 | INFO    | [HOTKEY] Registered: ctrl+shift+s -> ctrl+shift+s
2026-01-10 10:23:45,126 | INFO    | [HOTKEY] GlobalHotkeyManager started
2026-01-10 10:23:45,126 | INFO    | [UI] Global hotkeys registered
2026-01-10 10:23:47,565 | INFO    | [RECORDER] Configured: target=None, ignore_ui={2557794}
2026-01-10 10:23:47,638 | INFO    | [RECORDER] PynputRecorderHook started
2026-01-10 10:23:47,639 | INFO    | [UI] Recording started (V2 adapter), Full Screen
2026-01-10 10:23:47,714 | INFO    | [RECORDER] Added ignore hwnd: 1705198
2026-01-10 10:23:48,071 | INFO    | [RECORDER] Scroll at (1085, 388) dx=0 dy=-1
2026-01-10 10:23:48,143 | INFO    | [RECORDER] Scroll at (1085, 388) dx=0 dy=-1
2026-01-10 10:23:48,230 | INFO    | [RECORDER] Scroll at (1085, 388) dx=0 dy=-1
2026-01-10 10:23:48,592 | INFO    | [RECORDER] Scroll at (1085, 388) dx=0 dy=1
2026-01-10 10:23:48,630 | INFO    | [RECORDER] Scroll at (1085, 388) dx=0 dy=1
2026-01-10 10:23:48,685 | INFO    | [RECORDER] Scroll at (1085, 388) dx=0 dy=1
2026-01-10 10:23:48,801 | INFO    | [RECORDER] Scroll at (1085, 388) dx=0 dy=1
2026-01-10 10:23:49,208 | INFO    | [RECORDER] Scroll at (1085, 388) dx=0 dy=-1
2026-01-10 10:23:49,292 | INFO    | [RECORDER] Scroll at (1085, 388) dx=0 dy=-1
2026-01-10 10:23:49,371 | INFO    | [RECORDER] Scroll at (1085, 388) dx=0 dy=-1
2026-01-10 10:23:50,049 | INFO    | [RECORDER] Mouse down at (559, 379) button=Button.left
2026-01-10 10:23:50,135 | INFO    | [RECORDER] Mouse up at (559, 379) button=Button.left
2026-01-10 10:23:50,624 | INFO    | [RECORDER] Mouse down at (1231, 385) button=Button.right
2026-01-10 10:23:50,707 | INFO    | [RECORDER] Mouse up at (1231, 385) button=Button.right
2026-01-10 10:23:51,832 | INFO    | [RECORDER] Mouse down at (1792, 78) button=Button.left
2026-01-10 10:23:51,846 | INFO    | [RECORDER] Paused
2026-01-10 10:23:51,903 | INFO    | [RECORDER] Mouse up at (1792, 78) button=Button.left
2026-01-10 10:23:51,920 | INFO    | [UI] Recording paused
2026-01-10 10:23:56,208 | INFO    | [RECORDER] Mouse down at (1792, 78) button=Button.left
2026-01-10 10:23:56,260 | INFO    | [RECORDER] Resumed
2026-01-10 10:23:56,261 | INFO    | [UI] Recording resumed
2026-01-10 10:23:56,291 | INFO    | [RECORDER] Mouse up at (1792, 78) button=Button.left
2026-01-10 10:23:56,829 | INFO    | [RECORDER] Scroll at (1240, 328) dx=0 dy=1
2026-01-10 10:23:56,881 | INFO    | [RECORDER] Scroll at (1240, 328) dx=0 dy=1
2026-01-10 10:23:57,210 | INFO    | [RECORDER] Scroll at (1240, 328) dx=0 dy=-1
2026-01-10 10:23:57,267 | INFO    | [RECORDER] Scroll at (1240, 328) dx=0 dy=-1
2026-01-10 10:23:58,167 | INFO    | [RECORDER] Mouse down at (1871, 73) button=Button.left
2026-01-10 10:23:58,179 | INFO    | [RECORDER] Stopped. 1741 events captured
2026-01-10 10:23:58,256 | INFO    | [UI] Added 46 recorded actions
2026-01-10 10:23:58,276 | INFO    | [UI] Recording stopped
2026-01-10 10:24:15,873 | INFO    | [RECORDER] Configured: target=None, ignore_ui={2557794}
2026-01-10 10:24:15,940 | INFO    | [RECORDER] PynputRecorderHook started
2026-01-10 10:24:15,940 | INFO    | [UI] Recording started (V2 adapter), Full Screen
2026-01-10 10:24:15,992 | INFO    | [RECORDER] Added ignore hwnd: 2754330
2026-01-10 10:24:16,707 | INFO    | [RECORDER] Mouse down at (1800, 27) button=Button.left
2026-01-10 10:24:17,079 | INFO    | [RECORDER] Mouse up at (1221, 230) button=Button.left
2026-01-10 10:24:17,644 | INFO    | [RECORDER] Mouse down at (1783, 34) button=Button.left
2026-01-10 10:24:17,896 | INFO    | [RECORDER] Mouse up at (1742, 43) button=Button.left
2026-01-10 10:24:19,143 | INFO    | [RECORDER] Mouse down at (1209, 1053) button=Button.left
2026-01-10 10:24:19,235 | INFO    | [RECORDER] Mouse up at (1209, 1053) button=Button.left
2026-01-10 10:24:19,443 | INFO    | [RECORDER] Mouse down at (1193, 1056) button=Button.left
2026-01-10 10:24:19,507 | INFO    | [RECORDER] Mouse up at (1192, 1056) button=Button.left
2026-01-10 10:24:20,995 | INFO    | [RECORDER] Mouse down at (1874, 64) button=Button.left
2026-01-10 10:24:21,007 | INFO    | [RECORDER] Stopped. 2425 events captured
2026-01-10 10:24:21,074 | INFO    | [UI] Added 15 recorded actions
2026-01-10 10:24:21,091 | INFO    | [UI] Recording stopped
