2026-01-10 09:27:32,437 | INFO    | [ADB] Found ADB at: adb
2026-01-10 09:27:32,663 | INFO    | [ADB] Found ADB at: adb
2026-01-10 09:27:32,879 | INFO    | [ADB] emulator-5554: Resolution 540x960 (wm size)
2026-01-10 09:27:32,879 | INFO    | [WORKER] 1: Auto-detected resolution 540x960 from ADB device emulator-5554
2026-01-10 09:27:32,880 | INFO    | [WORKER] 1: Scale factors = 1.074x, 1.036y
2026-01-10 09:27:32,943 | INFO    | [CAPTURE] BetterCam not installed
2026-01-10 09:27:33,179 | INFO    | [CAPTURE] DXCam initialized successfully
2026-01-10 09:27:33,179 | INFO    | [CAPTURE] Active provider: DXCam
2026-01-10 09:27:33,180 | INFO    | [WORKER] 1: Providers initialized (Capture: DXCam)
2026-01-10 09:27:33,187 | INFO    | [WorkerMgr] Loaded 2 assignments
2026-01-10 09:27:33,827 | INFO    | [HOTKEY] Registered: ctrl+shift+r -> ctrl+shift+r
2026-01-10 09:27:33,827 | INFO    | [HOTKEY] Registered: ctrl+shift+p -> ctrl+shift+p
2026-01-10 09:27:33,827 | INFO    | [HOTKEY] Registered: ctrl+shift+space -> ctrl+shift+space
2026-01-10 09:27:33,828 | INFO    | [HOTKEY] Registered: ctrl+shift+s -> ctrl+shift+s
2026-01-10 09:27:33,861 | INFO    | [HOTKEY] GlobalHotkeyManager started
2026-01-10 09:27:33,862 | INFO    | [UI] Global hotkeys registered
2026-01-10 09:27:36,492 | INFO    | [RECORDER] Configured: target=None, ignore_ui=264256
2026-01-10 09:27:36,511 | INFO    | [RECORDER] PynputRecorderHook started
2026-01-10 09:27:36,511 | INFO    | [UI] Recording started (V2 adapter), Full Screen
2026-01-10 09:27:37,266 | INFO    | [RECORDER] Scroll at (1124, 353) dx=0 dy=-1
2026-01-10 09:27:37,292 | INFO    | [RECORDER] Scroll at (1124, 353) dx=0 dy=-1
2026-01-10 09:27:37,348 | INFO    | [RECORDER] Scroll at (1124, 353) dx=0 dy=-1
2026-01-10 09:27:37,429 | INFO    | [RECORDER] Scroll at (1124, 353) dx=0 dy=-1
2026-01-10 09:27:37,597 | INFO    | [RECORDER] Scroll at (1124, 353) dx=0 dy=1
2026-01-10 09:27:37,629 | INFO    | [RECORDER] Scroll at (1124, 353) dx=0 dy=1
2026-01-10 09:27:37,687 | INFO    | [RECORDER] Scroll at (1124, 353) dx=0 dy=1
2026-01-10 09:27:37,761 | INFO    | [RECORDER] Scroll at (1124, 353) dx=0 dy=1
2026-01-10 09:27:38,150 | INFO    | [RECORDER] Mouse down at (1124, 353) button=Button.left
2026-01-10 09:27:38,263 | INFO    | [RECORDER] Mouse up at (1124, 353) button=Button.left
2026-01-10 09:27:38,662 | INFO    | [RECORDER] Mouse down at (1124, 353) button=Button.right
2026-01-10 09:27:38,774 | INFO    | [RECORDER] Mouse up at (1124, 353) button=Button.right
2026-01-10 09:27:39,806 | INFO    | [RECORDER] Mouse down at (1124, 353) button=Button.left
2026-01-10 09:27:39,891 | INFO    | [RECORDER] Mouse up at (1124, 353) button=Button.left
2026-01-10 09:27:40,654 | INFO    | [RECORDER] Mouse down at (1772, 59) button=Button.left
2026-01-10 09:27:40,718 | INFO    | [RECORDER] Mouse up at (1772, 59) button=Button.left
2026-01-10 09:27:40,719 | INFO    | [RECORDER] Paused
2026-01-10 09:27:40,724 | INFO    | [UI] Recording paused
2026-01-10 09:27:41,146 | INFO    | [RECORDER] Scroll at (955, 320) dx=0 dy=-1
2026-01-10 09:27:41,172 | INFO    | [RECORDER] Scroll at (955, 320) dx=0 dy=-1
2026-01-10 09:27:41,204 | INFO    | [RECORDER] Scroll at (955, 320) dx=0 dy=-1
2026-01-10 09:27:41,259 | INFO    | [RECORDER] Scroll at (955, 320) dx=0 dy=-1
2026-01-10 09:27:41,312 | INFO    | [RECORDER] Scroll at (955, 320) dx=0 dy=-1
2026-01-10 09:27:41,453 | INFO    | [RECORDER] Scroll at (955, 320) dx=0 dy=1
2026-01-10 09:27:41,506 | INFO    | [RECORDER] Scroll at (955, 320) dx=0 dy=1
2026-01-10 09:27:41,532 | INFO    | [RECORDER] Scroll at (955, 320) dx=0 dy=1
2026-01-10 09:27:41,585 | INFO    | [RECORDER] Scroll at (955, 320) dx=0 dy=1
2026-01-10 09:27:41,797 | INFO    | [RECORDER] Scroll at (955, 320) dx=0 dy=-1
2026-01-10 09:27:41,824 | INFO    | [RECORDER] Scroll at (955, 320) dx=0 dy=-1
2026-01-10 09:27:41,850 | INFO    | [RECORDER] Scroll at (955, 320) dx=0 dy=-1
2026-01-10 09:27:41,874 | INFO    | [RECORDER] Scroll at (955, 320) dx=0 dy=-1
2026-01-10 09:27:41,994 | INFO    | [RECORDER] Scroll at (955, 320) dx=0 dy=1
2026-01-10 09:27:42,014 | INFO    | [RECORDER] Scroll at (955, 320) dx=0 dy=1
2026-01-10 09:27:42,035 | INFO    | [RECORDER] Scroll at (955, 320) dx=0 dy=1
2026-01-10 09:27:42,055 | INFO    | [RECORDER] Scroll at (955, 320) dx=0 dy=1
2026-01-10 09:27:42,170 | INFO    | [RECORDER] Scroll at (955, 320) dx=0 dy=-1
2026-01-10 09:27:42,185 | INFO    | [RECORDER] Scroll at (955, 320) dx=0 dy=-1
2026-01-10 09:27:42,208 | INFO    | [RECORDER] Scroll at (955, 320) dx=0 dy=-1
2026-01-10 09:27:42,228 | INFO    | [RECORDER] Scroll at (955, 320) dx=0 dy=-1
2026-01-10 09:27:42,253 | INFO    | [RECORDER] Scroll at (955, 320) dx=0 dy=-1
2026-01-10 09:27:42,362 | INFO    | [RECORDER] Scroll at (955, 320) dx=0 dy=1
2026-01-10 09:27:42,380 | INFO    | [RECORDER] Scroll at (955, 320) dx=0 dy=1
2026-01-10 09:27:42,396 | INFO    | [RECORDER] Scroll at (955, 320) dx=0 dy=1
2026-01-10 09:27:42,416 | INFO    | [RECORDER] Scroll at (955, 320) dx=0 dy=1
2026-01-10 09:27:42,438 | INFO    | [RECORDER] Scroll at (955, 320) dx=0 dy=1
2026-01-10 09:27:42,602 | INFO    | [RECORDER] Scroll at (955, 320) dx=0 dy=-1
2026-01-10 09:27:42,616 | INFO    | [RECORDER] Scroll at (955, 320) dx=0 dy=-1
2026-01-10 09:27:42,631 | INFO    | [RECORDER] Scroll at (955, 320) dx=0 dy=-1
2026-01-10 09:27:42,645 | INFO    | [RECORDER] Scroll at (955, 320) dx=0 dy=-1
2026-01-10 09:27:42,669 | INFO    | [RECORDER] Scroll at (955, 320) dx=0 dy=-1
2026-01-10 09:27:42,784 | INFO    | [RECORDER] Scroll at (955, 320) dx=0 dy=1
2026-01-10 09:27:42,802 | INFO    | [RECORDER] Scroll at (955, 320) dx=0 dy=1
2026-01-10 09:27:42,818 | INFO    | [RECORDER] Scroll at (955, 320) dx=0 dy=1
2026-01-10 09:27:42,834 | INFO    | [RECORDER] Scroll at (955, 320) dx=0 dy=1
2026-01-10 09:27:42,849 | INFO    | [RECORDER] Scroll at (955, 320) dx=0 dy=1
2026-01-10 09:27:42,874 | INFO    | [RECORDER] Scroll at (955, 320) dx=0 dy=1
2026-01-10 09:27:43,007 | INFO    | [RECORDER] Scroll at (955, 320) dx=0 dy=1
2026-01-10 09:27:43,519 | INFO    | [RECORDER] Scroll at (955, 320) dx=0 dy=-1
2026-01-10 09:27:43,538 | INFO    | [RECORDER] Scroll at (955, 320) dx=0 dy=-1
2026-01-10 09:27:43,557 | INFO    | [RECORDER] Scroll at (955, 320) dx=0 dy=-1
2026-01-10 09:27:43,585 | INFO    | [RECORDER] Scroll at (955, 320) dx=0 dy=-1
2026-01-10 09:27:43,640 | INFO    | [RECORDER] Scroll at (955, 320) dx=0 dy=-1
2026-01-10 09:27:43,695 | INFO    | [RECORDER] Scroll at (955, 320) dx=0 dy=1
2026-01-10 09:27:43,713 | INFO    | [RECORDER] Scroll at (955, 320) dx=0 dy=1
2026-01-10 09:27:43,726 | INFO    | [RECORDER] Scroll at (955, 320) dx=0 dy=1
2026-01-10 09:27:43,750 | INFO    | [RECORDER] Scroll at (955, 320) dx=0 dy=1
2026-01-10 09:27:43,789 | INFO    | [RECORDER] Scroll at (955, 320) dx=0 dy=1
2026-01-10 09:27:43,872 | INFO    | [RECORDER] Scroll at (955, 320) dx=0 dy=1
2026-01-10 09:27:43,928 | INFO    | [RECORDER] Scroll at (955, 320) dx=0 dy=1
2026-01-10 09:27:44,045 | INFO    | [RECORDER] Scroll at (954, 316) dx=0 dy=-1
2026-01-10 09:27:44,063 | INFO    | [RECORDER] Scroll at (958, 309) dx=0 dy=-1
2026-01-10 09:27:44,087 | INFO    | [RECORDER] Scroll at (964, 300) dx=0 dy=-1
2026-01-10 09:27:44,103 | INFO    | [RECORDER] Scroll at (966, 298) dx=0 dy=-1
2026-01-10 09:27:44,122 | INFO    | [RECORDER] Scroll at (967, 297) dx=0 dy=-1
2026-01-10 09:27:44,134 | INFO    | [RECORDER] Scroll at (967, 297) dx=0 dy=-1
2026-01-10 09:27:44,149 | INFO    | [RECORDER] Scroll at (968, 297) dx=0 dy=-1
2026-01-10 09:27:44,162 | INFO    | [RECORDER] Scroll at (968, 297) dx=0 dy=-1
2026-01-10 09:27:44,210 | INFO    | [RECORDER] Scroll at (970, 296) dx=0 dy=1
2026-01-10 09:27:44,224 | INFO    | [RECORDER] Scroll at (970, 296) dx=0 dy=1
2026-01-10 09:27:44,239 | INFO    | [RECORDER] Scroll at (970, 296) dx=0 dy=1
2026-01-10 09:27:44,250 | INFO    | [RECORDER] Scroll at (970, 296) dx=0 dy=1
2026-01-10 09:27:44,266 | INFO    | [RECORDER] Scroll at (970, 296) dx=0 dy=1
2026-01-10 09:27:44,287 | INFO    | [RECORDER] Scroll at (970, 296) dx=0 dy=1
2026-01-10 09:27:44,394 | INFO    | [RECORDER] Scroll at (970, 296) dx=0 dy=-1
2026-01-10 09:27:44,409 | INFO    | [RECORDER] Scroll at (970, 296) dx=0 dy=-1
2026-01-10 09:27:44,423 | INFO    | [RECORDER] Scroll at (970, 296) dx=0 dy=-1
2026-01-10 09:27:44,434 | INFO    | [RECORDER] Scroll at (970, 296) dx=0 dy=-1
2026-01-10 09:27:44,450 | INFO    | [RECORDER] Scroll at (970, 296) dx=0 dy=-1
2026-01-10 09:27:44,470 | INFO    | [RECORDER] Scroll at (970, 296) dx=0 dy=-1
2026-01-10 09:27:44,530 | INFO    | [RECORDER] Scroll at (970, 296) dx=0 dy=1
2026-01-10 09:27:44,543 | INFO    | [RECORDER] Scroll at (970, 296) dx=0 dy=1
2026-01-10 09:27:44,555 | INFO    | [RECORDER] Scroll at (970, 296) dx=0 dy=1
2026-01-10 09:27:44,566 | INFO    | [RECORDER] Scroll at (970, 296) dx=0 dy=1
2026-01-10 09:27:44,588 | INFO    | [RECORDER] Scroll at (970, 296) dx=0 dy=1
2026-01-10 09:27:44,669 | INFO    | [RECORDER] Scroll at (968, 293) dx=0 dy=-1
2026-01-10 09:27:44,685 | INFO    | [RECORDER] Scroll at (968, 293) dx=0 dy=-1
2026-01-10 09:27:44,696 | INFO    | [RECORDER] Scroll at (968, 293) dx=0 dy=-1
2026-01-10 09:27:44,709 | INFO    | [RECORDER] Scroll at (968, 293) dx=0 dy=-1
2026-01-10 09:27:44,723 | INFO    | [RECORDER] Scroll at (968, 293) dx=0 dy=-1
2026-01-10 09:27:44,776 | INFO    | [RECORDER] Scroll at (968, 293) dx=0 dy=1
2026-01-10 09:27:44,790 | INFO    | [RECORDER] Scroll at (968, 293) dx=0 dy=1
2026-01-10 09:27:44,805 | INFO    | [RECORDER] Scroll at (968, 293) dx=0 dy=1
2026-01-10 09:27:44,820 | INFO    | [RECORDER] Scroll at (968, 293) dx=0 dy=1
2026-01-10 09:27:44,847 | INFO    | [RECORDER] Scroll at (968, 293) dx=0 dy=1
2026-01-10 09:27:44,927 | INFO    | [RECORDER] Scroll at (967, 292) dx=0 dy=-1
2026-01-10 09:27:44,940 | INFO    | [RECORDER] Scroll at (967, 292) dx=0 dy=-1
2026-01-10 09:27:44,948 | INFO    | [RECORDER] Scroll at (967, 292) dx=0 dy=-1
2026-01-10 09:27:44,958 | INFO    | [RECORDER] Scroll at (967, 292) dx=0 dy=-1
2026-01-10 09:27:44,967 | INFO    | [RECORDER] Scroll at (967, 292) dx=0 dy=-1
2026-01-10 09:27:45,028 | INFO    | [RECORDER] Scroll at (967, 292) dx=0 dy=1
2026-01-10 09:27:45,039 | INFO    | [RECORDER] Scroll at (967, 292) dx=0 dy=1
2026-01-10 09:27:45,053 | INFO    | [RECORDER] Scroll at (967, 292) dx=0 dy=1
2026-01-10 09:27:45,062 | INFO    | [RECORDER] Scroll at (967, 292) dx=0 dy=1
2026-01-10 09:27:45,076 | INFO    | [RECORDER] Scroll at (967, 292) dx=0 dy=1
2026-01-10 09:27:45,097 | INFO    | [RECORDER] Scroll at (967, 292) dx=0 dy=1
2026-01-10 09:27:45,178 | INFO    | [RECORDER] Scroll at (967, 292) dx=0 dy=-1
2026-01-10 09:27:45,196 | INFO    | [RECORDER] Scroll at (967, 292) dx=0 dy=-1
2026-01-10 09:27:45,210 | INFO    | [RECORDER] Scroll at (967, 292) dx=0 dy=-1
2026-01-10 09:27:45,222 | INFO    | [RECORDER] Scroll at (967, 292) dx=0 dy=-1
2026-01-10 09:27:45,236 | INFO    | [RECORDER] Scroll at (967, 292) dx=0 dy=-1
2026-01-10 09:27:45,288 | INFO    | [RECORDER] Scroll at (967, 292) dx=0 dy=1
2026-01-10 09:27:45,302 | INFO    | [RECORDER] Scroll at (967, 292) dx=0 dy=1
2026-01-10 09:27:45,313 | INFO    | [RECORDER] Scroll at (966, 292) dx=0 dy=1
2026-01-10 09:27:45,327 | INFO    | [RECORDER] Scroll at (965, 292) dx=0 dy=1
2026-01-10 09:27:45,344 | INFO    | [RECORDER] Scroll at (963, 292) dx=0 dy=1
2026-01-10 09:27:45,440 | INFO    | [RECORDER] Scroll at (961, 292) dx=0 dy=-1
2026-01-10 09:27:45,455 | INFO    | [RECORDER] Scroll at (961, 292) dx=0 dy=-1
2026-01-10 09:27:45,469 | INFO    | [RECORDER] Scroll at (961, 292) dx=0 dy=-1
2026-01-10 09:27:45,481 | INFO    | [RECORDER] Scroll at (961, 292) dx=0 dy=-1
2026-01-10 09:27:45,496 | INFO    | [RECORDER] Scroll at (961, 292) dx=0 dy=-1
2026-01-10 09:27:45,565 | INFO    | [RECORDER] Scroll at (961, 292) dx=0 dy=1
2026-01-10 09:27:45,582 | INFO    | [RECORDER] Scroll at (961, 292) dx=0 dy=1
2026-01-10 09:27:45,593 | INFO    | [RECORDER] Scroll at (961, 292) dx=0 dy=1
2026-01-10 09:27:45,608 | INFO    | [RECORDER] Scroll at (961, 292) dx=0 dy=1
2026-01-10 09:27:45,638 | INFO    | [RECORDER] Scroll at (959, 292) dx=0 dy=1
2026-01-10 09:27:45,691 | INFO    | [RECORDER] Scroll at (958, 292) dx=0 dy=-1
2026-01-10 09:27:45,707 | INFO    | [RECORDER] Scroll at (958, 292) dx=0 dy=-1
2026-01-10 09:27:45,716 | INFO    | [RECORDER] Scroll at (958, 292) dx=0 dy=-1
2026-01-10 09:27:45,726 | INFO    | [RECORDER] Scroll at (958, 292) dx=0 dy=-1
2026-01-10 09:27:45,738 | INFO    | [RECORDER] Scroll at (958, 292) dx=0 dy=-1
2026-01-10 09:27:46,523 | INFO    | [RECORDER] Mouse down at (1763, 75) button=Button.left
2026-01-10 09:27:46,615 | INFO    | [RECORDER] Mouse up at (1763, 75) button=Button.left
2026-01-10 09:27:46,616 | INFO    | [RECORDER] Resumed
2026-01-10 09:27:46,619 | INFO    | [UI] Recording resumed
2026-01-10 09:27:47,410 | INFO    | [RECORDER] Mouse down at (1853, 68) button=Button.left
2026-01-10 09:27:47,486 | INFO    | [RECORDER] Mouse up at (1853, 68) button=Button.left
2026-01-10 09:27:47,488 | INFO    | [RECORDER] Stopped. 753 events captured
2026-01-10 09:27:47,512 | INFO    | [UI] Added 35 recorded actions
2026-01-10 09:27:47,523 | INFO    | [UI] Recording stopped
