2026-01-10 09:08:47,396 | INFO    | [ADB] Found ADB at: adb
2026-01-10 09:08:47,592 | INFO    | [ADB] Found ADB at: adb
2026-01-10 09:08:47,715 | INFO    | [ADB] emulator-5554: Resolution 540x960 (wm size)
2026-01-10 09:08:47,716 | INFO    | [WORKER] 1: Auto-detected resolution 540x960 from ADB device emulator-5554
2026-01-10 09:08:47,716 | INFO    | [WORKER] 1: Scale factors = 1.074x, 1.036y
2026-01-10 09:08:47,791 | INFO    | [CAPTURE] BetterCam not installed
2026-01-10 09:08:48,029 | INFO    | [CAPTURE] DXCam initialized successfully
2026-01-10 09:08:48,030 | INFO    | [CAPTURE] Active provider: DXCam
2026-01-10 09:08:48,031 | INFO    | [WORKER] 1: Providers initialized (Capture: DXCam)
2026-01-10 09:08:48,035 | INFO    | [WorkerMgr] Loaded 2 assignments
2026-01-10 09:08:48,696 | INFO    | [HOTKEY] Registered: ctrl+shift+r -> ctrl+shift+r
2026-01-10 09:08:48,697 | INFO    | [HOTKEY] Registered: ctrl+shift+p -> ctrl+shift+p
2026-01-10 09:08:48,697 | INFO    | [HOTKEY] Registered: ctrl+shift+space -> ctrl+shift+space
2026-01-10 09:08:48,697 | INFO    | [HOTKEY] Registered: ctrl+shift+s -> ctrl+shift+s
2026-01-10 09:08:48,849 | INFO    | [HOTKEY] GlobalHotkeyManager started
2026-01-10 09:08:48,849 | INFO    | [UI] Global hotkeys registered
2026-01-10 09:08:52,990 | INFO    | [RECORDER] Configured: target=None, ignore_ui=2426152
2026-01-10 09:08:53,000 | INFO    | [RECORDER] PynputRecorderHook started
2026-01-10 09:08:53,002 | INFO    | [UI] Recording started (V2 adapter), Full Screen
2026-01-10 09:08:53,682 | INFO    | [RECORDER] Mouse down at (1112, 383) button=Button.left
2026-01-10 09:08:53,778 | INFO    | [RECORDER] Mouse up at (1112, 383) button=Button.left
2026-01-10 09:08:54,111 | INFO    | [RECORDER] Scroll at (1107, 366) dx=0 dy=-1
2026-01-10 09:08:54,143 | INFO    | [RECORDER] Scroll at (1107, 366) dx=0 dy=-1
2026-01-10 09:08:54,211 | INFO    | [RECORDER] Scroll at (1107, 366) dx=0 dy=-1
2026-01-10 09:08:54,314 | INFO    | [RECORDER] Scroll at (1107, 366) dx=0 dy=-1
2026-01-10 09:08:54,413 | INFO    | [RECORDER] Scroll at (1107, 366) dx=0 dy=-1
2026-01-10 09:08:54,492 | INFO    | [RECORDER] Scroll at (1107, 366) dx=0 dy=-1
2026-01-10 09:08:54,733 | INFO    | [RECORDER] Scroll at (1107, 366) dx=0 dy=1
2026-01-10 09:08:54,757 | INFO    | [RECORDER] Scroll at (1107, 366) dx=0 dy=1
2026-01-10 09:08:54,805 | INFO    | [RECORDER] Scroll at (1107, 366) dx=0 dy=1
2026-01-10 09:08:54,860 | INFO    | [RECORDER] Scroll at (1107, 366) dx=0 dy=1
2026-01-10 09:08:54,950 | INFO    | [RECORDER] Scroll at (1107, 366) dx=0 dy=1
2026-01-10 09:08:55,014 | INFO    | [RECORDER] Scroll at (1107, 366) dx=0 dy=1
2026-01-10 09:08:55,101 | INFO    | [RECORDER] Scroll at (1107, 366) dx=0 dy=1
2026-01-10 09:08:55,426 | INFO    | [RECORDER] Mouse down at (1106, 428) button=Button.right
2026-01-10 09:08:55,535 | INFO    | [RECORDER] Mouse up at (1106, 428) button=Button.right
2026-01-10 09:08:55,994 | INFO    | [RECORDER] Mouse down at (933, 396) button=Button.left
2026-01-10 09:08:56,070 | INFO    | [RECORDER] Mouse up at (933, 396) button=Button.left
2026-01-10 09:08:57,788 | INFO    | [RECORDER] Mouse down at (131, 124) button=Button.left
2026-01-10 09:08:57,878 | INFO    | [RECORDER] Mouse up at (131, 124) button=Button.left
2026-01-10 09:08:57,917 | INFO    | [RECORDER] Stopped. 1029 events captured
2026-01-10 09:08:57,924 | INFO    | [UI] Added 42 recorded actions
2026-01-10 09:08:57,989 | INFO    | [UI] Recording stopped
2026-01-10 09:09:02,595 | INFO    | [UI] Playback loop: 42 actions, target_hwnd=657034
2026-01-10 09:09:02,596 | INFO    | [UI] Executing action 0: WAIT = {'ms': 201}
2026-01-10 09:09:02,598 | INFO    | [UI] Playback started
2026-01-10 09:09:02,798 | INFO    | [UI] Executing action 1: CLICK = {'button': 'left', 'x': 1112, 'y': 383, 'screen_coords': True}
2026-01-10 09:09:02,863 | INFO    | [UI] Executing action 2: WAIT = {'ms': 108}
2026-01-10 09:09:02,978 | INFO    | [UI] Executing action 3: WAIT = {'ms': 114}
2026-01-10 09:09:03,095 | INFO    | [UI] Executing action 4: WAIT = {'ms': 125}
2026-01-10 09:09:03,221 | INFO    | [UI] Executing action 5: WHEEL = {'delta': -120, 'x': 1107, 'y': 366, 'screen_coords': True}
2026-01-10 09:09:03,273 | INFO    | [UI] Executing action 6: WHEEL = {'delta': -120, 'x': 1107, 'y': 366, 'screen_coords': True}
2026-01-10 09:09:03,324 | INFO    | [UI] Executing action 7: WAIT = {'ms': 65}
2026-01-10 09:09:03,396 | INFO    | [UI] Executing action 8: WHEEL = {'delta': -120, 'x': 1107, 'y': 366, 'screen_coords': True}
2026-01-10 09:09:03,462 | INFO    | [UI] Executing action 9: WAIT = {'ms': 103}
2026-01-10 09:09:03,577 | INFO    | [UI] Executing action 10: WHEEL = {'delta': -120, 'x': 1107, 'y': 366, 'screen_coords': True}
2026-01-10 09:09:03,640 | INFO    | [UI] Executing action 11: WAIT = {'ms': 99}
2026-01-10 09:09:03,739 | INFO    | [UI] Executing action 12: WHEEL = {'delta': -120, 'x': 1107, 'y': 366, 'screen_coords': True}
2026-01-10 09:09:03,791 | INFO    | [UI] Executing action 13: WAIT = {'ms': 79}
2026-01-10 09:09:03,871 | INFO    | [UI] Executing action 14: WHEEL = {'delta': -120, 'x': 1107, 'y': 366, 'screen_coords': True}
2026-01-10 09:09:03,923 | INFO    | [UI] Executing action 15: WAIT = {'ms': 241}
2026-01-10 09:09:04,166 | INFO    | [UI] Executing action 16: WHEEL = {'delta': 120, 'x': 1107, 'y': 366, 'screen_coords': True}
2026-01-10 09:09:04,217 | INFO    | [UI] Executing action 17: WHEEL = {'delta': 120, 'x': 1107, 'y': 366, 'screen_coords': True}
2026-01-10 09:09:04,275 | INFO    | [UI] Executing action 18: WAIT = {'ms': 66}
2026-01-10 09:09:04,343 | INFO    | [UI] Executing action 19: WHEEL = {'delta': 120, 'x': 1107, 'y': 366, 'screen_coords': True}
2026-01-10 09:09:04,395 | INFO    | [UI] Executing action 20: WHEEL = {'delta': 120, 'x': 1107, 'y': 366, 'screen_coords': True}
2026-01-10 09:09:04,447 | INFO    | [UI] Executing action 21: WAIT = {'ms': 107}
2026-01-10 09:09:04,555 | INFO    | [UI] Executing action 22: WHEEL = {'delta': 120, 'x': 1107, 'y': 366, 'screen_coords': True}
2026-01-10 09:09:04,606 | INFO    | [UI] Executing action 23: WHEEL = {'delta': 120, 'x': 1107, 'y': 366, 'screen_coords': True}
2026-01-10 09:09:04,658 | INFO    | [UI] Executing action 24: WAIT = {'ms': 87}
2026-01-10 09:09:04,746 | INFO    | [UI] Executing action 25: WHEEL = {'delta': 120, 'x': 1107, 'y': 366, 'screen_coords': True}
2026-01-10 09:09:04,798 | INFO    | [UI] Executing action 26: WAIT = {'ms': 161}
2026-01-10 09:09:04,960 | INFO    | [UI] Executing action 27: CLICK = {'button': 'right', 'x': 1106, 'y': 428, 'screen_coords': True}
2026-01-10 09:09:05,005 | INFO    | [UI] Executing action 28: WAIT = {'ms': 112}
2026-01-10 09:09:05,119 | INFO    | [UI] Executing action 29: WAIT = {'ms': 176}
2026-01-10 09:09:05,296 | INFO    | [UI] Executing action 30: WAIT = {'ms': 80}
2026-01-10 09:09:05,376 | INFO    | [UI] Executing action 31: CLICK = {'button': 'left', 'x': 933, 'y': 396, 'screen_coords': True}
2026-01-10 09:09:05,419 | INFO    | [UI] Executing action 32: WAIT = {'ms': 75}
2026-01-10 09:09:05,496 | INFO    | [UI] Executing action 33: WAIT = {'ms': 617}
2026-01-10 09:09:06,113 | INFO    | [UI] Executing action 34: KEY_PRESS = {'key': 'Key.alt_l', 'repeat': 1}
2026-01-10 09:09:06,113 | INFO    | [UI] Executing action 35: WAIT = {'ms': 78}
2026-01-10 09:09:06,194 | INFO    | [UI] Executing action 36: KEY_PRESS = {'key': 'Key.tab', 'repeat': 1}
2026-01-10 09:09:06,195 | INFO    | [UI] Executing action 37: WAIT = {'ms': 57}
2026-01-10 09:09:06,253 | INFO    | [UI] Executing action 38: WAIT = {'ms': 130}
2026-01-10 09:09:06,384 | INFO    | [UI] Executing action 39: WAIT = {'ms': 275}
2026-01-10 09:09:06,690 | INFO    | [UI] Executing action 40: CLICK = {'button': 'left', 'x': 131, 'y': 124, 'screen_coords': True}
2026-01-10 09:09:06,764 | INFO    | [UI] Executing action 41: WAIT = {'ms': 126}
2026-01-10 09:09:06,914 | INFO    | [UI] Playback complete
2026-01-10 09:09:06,944 | INFO    | [UI] Playback complete
2026-01-10 09:09:35,891 | INFO    | [UI] Playback loop: 42 actions, target_hwnd=657034
2026-01-10 09:09:35,892 | INFO    | [UI] Executing action 0: WAIT = {'ms': 201}
2026-01-10 09:09:35,892 | INFO    | [UI] Playback started
2026-01-10 09:09:36,094 | INFO    | [UI] Executing action 1: CLICK = {'button': 'left', 'x': 1112, 'y': 383, 'screen_coords': True}
2026-01-10 09:09:36,141 | INFO    | [UI] Executing action 2: WAIT = {'ms': 108}
2026-01-10 09:09:36,250 | INFO    | [UI] Executing action 3: WAIT = {'ms': 114}
2026-01-10 09:09:36,365 | INFO    | [UI] Executing action 4: WAIT = {'ms': 125}
2026-01-10 09:09:36,491 | INFO    | [UI] Executing action 5: WHEEL = {'delta': -120, 'x': 1107, 'y': 366, 'screen_coords': True}
2026-01-10 09:09:36,543 | INFO    | [UI] Executing action 6: WHEEL = {'delta': -120, 'x': 1107, 'y': 366, 'screen_coords': True}
2026-01-10 09:09:36,595 | INFO    | [UI] Executing action 7: WAIT = {'ms': 65}
2026-01-10 09:09:36,661 | INFO    | [UI] Executing action 8: WHEEL = {'delta': -120, 'x': 1107, 'y': 366, 'screen_coords': True}
2026-01-10 09:09:36,715 | INFO    | [UI] Executing action 9: WAIT = {'ms': 103}
2026-01-10 09:09:36,819 | INFO    | [UI] Executing action 10: WHEEL = {'delta': -120, 'x': 1107, 'y': 366, 'screen_coords': True}
2026-01-10 09:09:36,871 | INFO    | [UI] Executing action 11: WAIT = {'ms': 99}
2026-01-10 09:09:36,971 | INFO    | [UI] Executing action 12: WHEEL = {'delta': -120, 'x': 1107, 'y': 366, 'screen_coords': True}
2026-01-10 09:09:37,023 | INFO    | [UI] Executing action 13: WAIT = {'ms': 79}
2026-01-10 09:09:37,102 | INFO    | [UI] Executing action 14: WHEEL = {'delta': -120, 'x': 1107, 'y': 366, 'screen_coords': True}
2026-01-10 09:09:37,155 | INFO    | [UI] Executing action 15: WAIT = {'ms': 241}
2026-01-10 09:09:37,397 | INFO    | [UI] Executing action 16: WHEEL = {'delta': 120, 'x': 1107, 'y': 366, 'screen_coords': True}
2026-01-10 09:09:37,449 | INFO    | [UI] Executing action 17: WHEEL = {'delta': 120, 'x': 1107, 'y': 366, 'screen_coords': True}
2026-01-10 09:09:37,505 | INFO    | [UI] Executing action 18: WAIT = {'ms': 66}
2026-01-10 09:09:37,572 | INFO    | [UI] Executing action 19: WHEEL = {'delta': 120, 'x': 1107, 'y': 366, 'screen_coords': True}
2026-01-10 09:09:37,624 | INFO    | [UI] Executing action 20: WHEEL = {'delta': 120, 'x': 1107, 'y': 366, 'screen_coords': True}
2026-01-10 09:09:37,677 | INFO    | [UI] Executing action 21: WAIT = {'ms': 107}
2026-01-10 09:09:37,785 | INFO    | [UI] Executing action 22: WHEEL = {'delta': 120, 'x': 1107, 'y': 366, 'screen_coords': True}
2026-01-10 09:09:37,836 | INFO    | [UI] Executing action 23: WHEEL = {'delta': 120, 'x': 1107, 'y': 366, 'screen_coords': True}
2026-01-10 09:09:37,888 | INFO    | [UI] Executing action 24: WAIT = {'ms': 87}
2026-01-10 09:09:37,977 | INFO    | [UI] Executing action 25: WHEEL = {'delta': 120, 'x': 1107, 'y': 366, 'screen_coords': True}
2026-01-10 09:09:38,029 | INFO    | [UI] Executing action 26: WAIT = {'ms': 161}
2026-01-10 09:09:38,190 | INFO    | [UI] Executing action 27: CLICK = {'button': 'right', 'x': 1106, 'y': 428, 'screen_coords': True}
2026-01-10 09:09:38,239 | INFO    | [UI] Executing action 28: WAIT = {'ms': 112}
2026-01-10 09:09:38,352 | INFO    | [UI] Executing action 29: WAIT = {'ms': 176}
2026-01-10 09:09:38,533 | INFO    | [UI] Executing action 30: WAIT = {'ms': 80}
2026-01-10 09:09:38,621 | INFO    | [UI] Executing action 31: CLICK = {'button': 'left', 'x': 933, 'y': 396, 'screen_coords': True}
2026-01-10 09:09:38,672 | INFO    | [UI] Executing action 32: WAIT = {'ms': 75}
2026-01-10 09:09:38,748 | INFO    | [UI] Executing action 33: WAIT = {'ms': 617}
2026-01-10 09:09:39,366 | INFO    | [UI] Executing action 34: KEY_PRESS = {'key': 'Key.alt_l', 'repeat': 1}
2026-01-10 09:09:39,367 | INFO    | [UI] Executing action 35: WAIT = {'ms': 78}
2026-01-10 09:09:39,446 | INFO    | [UI] Executing action 36: KEY_PRESS = {'key': 'Key.tab', 'repeat': 1}
2026-01-10 09:09:39,447 | INFO    | [UI] Executing action 37: WAIT = {'ms': 57}
2026-01-10 09:09:39,505 | INFO    | [UI] Executing action 38: WAIT = {'ms': 130}
2026-01-10 09:09:39,636 | INFO    | [UI] Executing action 39: WAIT = {'ms': 275}
2026-01-10 09:09:39,912 | INFO    | [UI] Executing action 40: CLICK = {'button': 'left', 'x': 131, 'y': 124, 'screen_coords': True}
2026-01-10 09:09:39,972 | INFO    | [UI] Executing action 41: WAIT = {'ms': 126}
2026-01-10 09:09:40,100 | INFO    | [UI] Playback complete
2026-01-10 09:09:40,103 | INFO    | [UI] Playback complete
2026-01-10 09:09:53,512 | INFO    | [UI] Deleted 31 action(s)
2026-01-10 09:09:55,794 | INFO    | [UI] Deleted 11 action(s)
